# JRE version: OpenJDK Runtime Environment Temurin-21.0.10+7 (21.0.10+7) (build 21.0.10+7-LTS)
# Java VM: OpenJDK 64-Bit Server VM Temurin-21.0.10+7 (21.0.10+7-LTS, mixed mode, sharing, tiered, compressed oops, compressed class ptrs, parallel gc, windows-amd64)
GC Precious Log:
 CardTable entry size: 512
 CPUs: 8 total, 8 available
 Memory: 3767M
 Large Page Support: Disabled
 NUMA Support: Disabled
 Compressed Oops: Enabled (32-bit)
 Alignments: Space 512K, Generation 512K, Heap 2M
 Heap Min Capacity: 100M
 Heap Initial Capacity: 100M
 Heap Max Capacity: 2G
 Pre-touch: Disabled
 Parallel Workers: 8
Heap:
 PSYoungGen      total 25600K, used 14022K [0x00000000d5580000, 0x00000000d7780000, 0x0000000100000000)
  eden space 22016K, 47% used [0x00000000d5580000,0x00000000d5fc99f0,0x00000000d6b00000)
  from space 3584K, 97% used [0x00000000d7400000,0x00000000d7768000,0x00000000d7780000)
  to   space 5632K, 0% used [0x00000000d6c80000,0x00000000d6c80000,0x00000000d7200000)
 ParOldGen       total 68608K, used 30046K [0x0000000080000000, 0x0000000084300000, 0x00000000d5580000)
  object space 68608K, 43% used [0x0000000080000000,0x0000000081d57a10,0x0000000084300000)
 Metaspace       used 46721K, committed 47936K, reserved 1114112K
  class space    used 5098K, committed 5632K, reserved 1048576K
GC Heap History (20 events):
Event: 12.829 GC heap before
{Heap before GC invocations=11 (full 1):
 PSYoungGen      total 25088K, used 24954K [0x00000000d5580000, 0x00000000d7380000, 0x0000000100000000)
  eden space 23552K, 100% used [0x00000000d5580000,0x00000000d6c80000,0x00000000d6c80000)
  from space 1536K, 91% used [0x00000000d6f00000,0x00000000d705e820,0x00000000d7080000)
  to   space 2048K, 0% used [0x00000000d7180000,0x00000000d7180000,0x00000000d7380000)
 ParOldGen       total 68608K, used 13183K [0x0000000080000000, 0x0000000084300000, 0x00000000d5580000)
  object space 68608K, 19% used [0x0000000080000000,0x0000000080cdfd68,0x0000000084300000)
 Metaspace       used 28004K, committed 28992K, reserved 1114112K
  class space    used 2810K, committed 3200K, reserved 1048576K
}
Event: 12.832 GC heap after
{Heap after GC invocations=11 (full 1):
 PSYoungGen      total 25088K, used 1723K [0x00000000d5580000, 0x00000000d7380000, 0x0000000100000000)
  eden space 23040K, 0% used [0x00000000d5580000,0x00000000d5580000,0x00000000d6c00000)
  from space 2048K, 84% used [0x00000000d7180000,0x00000000d732eda0,0x00000000d7380000)
  to   space 2048K, 0% used [0x00000000d6f80000,0x00000000d6f80000,0x00000000d7180000)
 ParOldGen       total 68608K, used 14923K [0x0000000080000000, 0x0000000084300000, 0x00000000d5580000)
  object space 68608K, 21% used [0x0000000080000000,0x0000000080e92d28,0x0000000084300000)
 Metaspace       used 28004K, committed 28992K, reserved 1114112K
  class space    used 2810K, committed 3200K, reserved 1048576K
}
Event: 13.221 GC heap before
{Heap before GC invocations=12 (full 1):
 PSYoungGen      total 25088K, used 24763K [0x00000000d5580000, 0x00000000d7380000, 0x0000000100000000)
  eden space 23040K, 100% used [0x00000000d5580000,0x00000000d6c00000,0x00000000d6c00000)
  from space 2048K, 84% used [0x00000000d7180000,0x00000000d732eda0,0x00000000d7380000)
  to   space 2048K, 0% used [0x00000000d6f80000,0x00000000d6f80000,0x00000000d7180000)
 ParOldGen       total 68608K, used 14923K [0x0000000080000000, 0x0000000084300000, 0x00000000d5580000)
  object space 68608K, 21% used [0x0000000080000000,0x0000000080e92d28,0x0000000084300000)
 Metaspace       used 30722K, committed 31808K, reserved 1114112K
  class space    used 3148K, committed 3648K, reserved 1048576K
}
Event: 13.226 GC heap after
{Heap after GC invocations=12 (full 1):
 PSYoungGen      total 24576K, used 1551K [0x00000000d5580000, 0x00000000d7200000, 0x0000000100000000)
  eden space 22528K, 0% used [0x00000000d5580000,0x00000000d5580000,0x00000000d6b80000)
  from space 2048K, 75% used [0x00000000d6f80000,0x00000000d7103e78,0x00000000d7180000)
  to   space 512K, 0% used [0x00000000d7180000,0x00000000d7180000,0x00000000d7200000)
 ParOldGen       total 68608K, used 16449K [0x0000000080000000, 0x0000000084300000, 0x00000000d5580000)
  object space 68608K, 23% used [0x0000000080000000,0x0000000081010498,0x0000000084300000)
 Metaspace       used 30722K, committed 31808K, reserved 1114112K
  class space    used 3148K, committed 3648K, reserved 1048576K
}
Event: 13.646 GC heap before
{Heap before GC invocations=13 (full 1):
 PSYoungGen      total 24576K, used 24079K [0x00000000d5580000, 0x00000000d7200000, 0x0000000100000000)
  eden space 22528K, 100% used [0x00000000d5580000,0x00000000d6b80000,0x00000000d6b80000)
  from space 2048K, 75% used [0x00000000d6f80000,0x00000000d7103e78,0x00000000d7180000)
  to   space 512K, 0% used [0x00000000d7180000,0x00000000d7180000,0x00000000d7200000)
 ParOldGen       total 68608K, used 16449K [0x0000000080000000, 0x0000000084300000, 0x00000000d5580000)
  object space 68608K, 23% used [0x0000000080000000,0x0000000081010498,0x0000000084300000)
 Metaspace       used 33071K, committed 34176K, reserved 1114112K
  class space    used 3410K, committed 3840K, reserved 1048576K
}
Event: 13.649 GC heap after
{Heap after GC invocations=13 (full 1):
 PSYoungGen      total 22528K, used 493K [0x00000000d5580000, 0x00000000d7200000, 0x0000000100000000)
  eden space 22016K, 0% used [0x00000000d5580000,0x00000000d5580000,0x00000000d6b00000)
  from space 512K, 96% used [0x00000000d7180000,0x00000000d71fb460,0x00000000d7200000)
  to   space 2048K, 0% used [0x00000000d6e00000,0x00000000d6e00000,0x00000000d7000000)
 ParOldGen       total 68608K, used 17928K [0x0000000080000000, 0x0000000084300000, 0x00000000d5580000)
  object space 68608K, 26% used [0x0000000080000000,0x0000000081182210,0x0000000084300000)
 Metaspace       used 33071K, committed 34176K, reserved 1114112K
  class space    used 3410K, committed 3840K, reserved 1048576K
}
Event: 13.971 GC heap before
{Heap before GC invocations=14 (full 1):
 PSYoungGen      total 22528K, used 21010K [0x00000000d5580000, 0x00000000d7200000, 0x0000000100000000)
  eden space 22016K, 93% used [0x00000000d5580000,0x00000000d69895d0,0x00000000d6b00000)
  from space 512K, 96% used [0x00000000d7180000,0x00000000d71fb460,0x00000000d7200000)
  to   space 2048K, 0% used [0x00000000d6e00000,0x00000000d6e00000,0x00000000d7000000)
 ParOldGen       total 68608K, used 17928K [0x0000000080000000, 0x0000000084300000, 0x00000000d5580000)
  object space 68608K, 26% used [0x0000000080000000,0x0000000081182210,0x0000000084300000)
 Metaspace       used 34767K, committed 35840K, reserved 1114112K
  class space    used 3632K, committed 4096K, reserved 1048576K
}
Event: 13.973 GC heap after
{Heap after GC invocations=14 (full 1):
 PSYoungGen      total 24064K, used 1521K [0x00000000d5580000, 0x00000000d7200000, 0x0000000100000000)
  eden space 22016K, 0% used [0x00000000d5580000,0x00000000d5580000,0x00000000d6b00000)
  from space 2048K, 74% used [0x00000000d6e00000,0x00000000d6f7c4c8,0x00000000d7000000)
  to   space 2048K, 0% used [0x00000000d7000000,0x00000000d7000000,0x00000000d7200000)
 ParOldGen       total 68608K, used 18433K [0x0000000080000000, 0x0000000084300000, 0x00000000d5580000)
  object space 68608K, 26% used [0x0000000080000000,0x0000000081200700,0x0000000084300000)
 Metaspace       used 34767K, committed 35840K, reserved 1114112K
  class space    used 3632K, committed 4096K, reserved 1048576K
}
Event: 13.973 GC heap before
{Heap before GC invocations=15 (full 2):
 PSYoungGen      total 24064K, used 1521K [0x00000000d5580000, 0x00000000d7200000, 0x0000000100000000)
  eden space 22016K, 0% used [0x00000000d5580000,0x00000000d5580000,0x00000000d6b00000)
  from space 2048K, 74% used [0x00000000d6e00000,0x00000000d6f7c4c8,0x00000000d7000000)
  to   space 2048K, 0% used [0x00000000d7000000,0x00000000d7000000,0x00000000d7200000)
 ParOldGen       total 68608K, used 18433K [0x0000000080000000, 0x0000000084300000, 0x00000000d5580000)
  object space 68608K, 26% used [0x0000000080000000,0x0000000081200700,0x0000000084300000)
 Metaspace       used 34767K, committed 35840K, reserved 1114112K
  class space    used 3632K, committed 4096K, reserved 1048576K
}
Event: 14.033 GC heap after
{Heap after GC invocations=15 (full 2):
 PSYoungGen      total 24064K, used 0K [0x00000000d5580000, 0x00000000d7200000, 0x0000000100000000)
  eden space 22016K, 0% used [0x00000000d5580000,0x00000000d5580000,0x00000000d6b00000)
  from space 2048K, 0% used [0x00000000d6e00000,0x00000000d6e00000,0x00000000d7000000)
  to   space 2048K, 0% used [0x00000000d7000000,0x00000000d7000000,0x00000000d7200000)
 ParOldGen       total 68608K, used 19016K [0x0000000080000000, 0x0000000084300000, 0x00000000d5580000)
  object space 68608K, 27% used [0x0000000080000000,0x0000000081292020,0x0000000084300000)
 Metaspace       used 34767K, committed 35840K, reserved 1114112K
  class space    used 3632K, committed 4096K, reserved 1048576K
}
Event: 14.340 GC heap before
{Heap before GC invocations=16 (full 2):
 PSYoungGen      total 24064K, used 22016K [0x00000000d5580000, 0x00000000d7200000, 0x0000000100000000)
  eden space 22016K, 100% used [0x00000000d5580000,0x00000000d6b00000,0x00000000d6b00000)
  from space 2048K, 0% used [0x00000000d6e00000,0x00000000d6e00000,0x00000000d7000000)
  to   space 2048K, 0% used [0x00000000d7000000,0x00000000d7000000,0x00000000d7200000)
 ParOldGen       total 68608K, used 19016K [0x0000000080000000, 0x0000000084300000, 0x00000000d5580000)
  object space 68608K, 27% used [0x0000000080000000,0x0000000081292020,0x0000000084300000)
 Metaspace       used 37369K, committed 38528K, reserved 1114112K
  class space    used 3937K, committed 4416K, reserved 1048576K
}
Event: 14.343 GC heap after
{Heap after GC invocations=16 (full 2):
 PSYoungGen      total 24064K, used 1971K [0x00000000d5580000, 0x00000000d7200000, 0x0000000100000000)
  eden space 22016K, 0% used [0x00000000d5580000,0x00000000d5580000,0x00000000d6b00000)
  from space 2048K, 96% used [0x00000000d7000000,0x00000000d71ece68,0x00000000d7200000)
  to   space 2560K, 0% used [0x00000000d6d00000,0x00000000d6d00000,0x00000000d6f80000)
 ParOldGen       total 68608K, used 19024K [0x0000000080000000, 0x0000000084300000, 0x00000000d5580000)
  object space 68608K, 27% used [0x0000000080000000,0x0000000081294020,0x0000000084300000)
 Metaspace       used 37369K, committed 38528K, reserved 1114112K
  class space    used 3937K, committed 4416K, reserved 1048576K
}
Event: 14.736 GC heap before
{Heap before GC invocations=17 (full 2):
 PSYoungGen      total 24064K, used 23987K [0x00000000d5580000, 0x00000000d7200000, 0x0000000100000000)
  eden space 22016K, 100% used [0x00000000d5580000,0x00000000d6b00000,0x00000000d6b00000)
  from space 2048K, 96% used [0x00000000d7000000,0x00000000d71ece68,0x00000000d7200000)
  to   space 2560K, 0% used [0x00000000d6d00000,0x00000000d6d00000,0x00000000d6f80000)
 ParOldGen       total 68608K, used 19024K [0x0000000080000000, 0x0000000084300000, 0x00000000d5580000)
  object space 68608K, 27% used [0x0000000080000000,0x0000000081294020,0x0000000084300000)
 Metaspace       used 39661K, committed 40768K, reserved 1114112K
  class space    used 4250K, committed 4672K, reserved 1048576K
}
Event: 14.742 GC heap after
{Heap after GC invocations=17 (full 2):
 PSYoungGen      total 23552K, used 1280K [0x00000000d5580000, 0x00000000d7080000, 0x0000000100000000)
  eden space 22016K, 0% used [0x00000000d5580000,0x00000000d5580000,0x00000000d6b00000)
  from space 1536K, 83% used [0x00000000d6d00000,0x00000000d6e40000,0x00000000d6e80000)
  to   space 1536K, 0% used [0x00000000d6f00000,0x00000000d6f00000,0x00000000d7080000)
 ParOldGen       total 68608K, used 20809K [0x0000000080000000, 0x0000000084300000, 0x00000000d5580000)
  object space 68608K, 30% used [0x0000000080000000,0x00000000814527b8,0x0000000084300000)
 Metaspace       used 39661K, committed 40768K, reserved 1114112K
  class space    used 4250K, committed 4672K, reserved 1048576K
}
Event: 15.140 GC heap before
{Heap before GC invocations=18 (full 2):
 PSYoungGen      total 23552K, used 23296K [0x00000000d5580000, 0x00000000d7080000, 0x0000000100000000)
  eden space 22016K, 100% used [0x00000000d5580000,0x00000000d6b00000,0x00000000d6b00000)
  from space 1536K, 83% used [0x00000000d6d00000,0x00000000d6e40000,0x00000000d6e80000)
  to   space 1536K, 0% used [0x00000000d6f00000,0x00000000d6f00000,0x00000000d7080000)
 ParOldGen       total 68608K, used 20809K [0x0000000080000000, 0x0000000084300000, 0x00000000d5580000)
  object space 68608K, 30% used [0x0000000080000000,0x00000000814527b8,0x0000000084300000)
 Metaspace       used 42233K, committed 43456K, reserved 1114112K
  class space    used 4549K, committed 5056K, reserved 1048576K
}
Event: 15.145 GC heap after
{Heap after GC invocations=18 (full 2):
 PSYoungGen      total 23552K, used 1536K [0x00000000d5580000, 0x00000000d7100000, 0x0000000100000000)
  eden space 22016K, 0% used [0x00000000d5580000,0x00000000d5580000,0x00000000d6b00000)
  from space 1536K, 100% used [0x00000000d6f00000,0x00000000d7080000,0x00000000d7080000)
  to   space 3072K, 0% used [0x00000000d6b00000,0x00000000d6b00000,0x00000000d6e00000)
 ParOldGen       total 68608K, used 21976K [0x0000000080000000, 0x0000000084300000, 0x00000000d5580000)
  object space 68608K, 32% used [0x0000000080000000,0x00000000815761f8,0x0000000084300000)
 Metaspace       used 42233K, committed 43456K, reserved 1114112K
  class space    used 4549K, committed 5056K, reserved 1048576K
}
Event: 15.651 GC heap before
{Heap before GC invocations=19 (full 2):
 PSYoungGen      total 23552K, used 23552K [0x00000000d5580000, 0x00000000d7100000, 0x0000000100000000)
  eden space 22016K, 100% used [0x00000000d5580000,0x00000000d6b00000,0x00000000d6b00000)
  from space 1536K, 100% used [0x00000000d6f00000,0x00000000d7080000,0x00000000d7080000)
  to   space 3072K, 0% used [0x00000000d6b00000,0x00000000d6b00000,0x00000000d6e00000)
 ParOldGen       total 68608K, used 21976K [0x0000000080000000, 0x0000000084300000, 0x00000000d5580000)
  object space 68608K, 32% used [0x0000000080000000,0x00000000815761f8,0x0000000084300000)
 Metaspace       used 43425K, committed 44608K, reserved 1114112K
  class space    used 4698K, committed 5248K, reserved 1048576K
}
Event: 15.657 GC heap after
{Heap after GC invocations=19 (full 2):
 PSYoungGen      total 25088K, used 3051K [0x00000000d5580000, 0x00000000d7d00000, 0x0000000100000000)
  eden space 22016K, 0% used [0x00000000d5580000,0x00000000d5580000,0x00000000d6b00000)
  from space 3072K, 99% used [0x00000000d6b00000,0x00000000d6dfac50,0x00000000d6e00000)
  to   space 9216K, 0% used [0x00000000d7400000,0x00000000d7400000,0x00000000d7d00000)
 ParOldGen       total 68608K, used 27005K [0x0000000080000000, 0x0000000084300000, 0x00000000d5580000)
  object space 68608K, 39% used [0x0000000080000000,0x0000000081a5f680,0x0000000084300000)
 Metaspace       used 43425K, committed 44608K, reserved 1114112K
  class space    used 4698K, committed 5248K, reserved 1048576K
}
Event: 16.521 GC heap before
{Heap before GC invocations=20 (full 2):
 PSYoungGen      total 25088K, used 25067K [0x00000000d5580000, 0x00000000d7d00000, 0x0000000100000000)
  eden space 22016K, 100% used [0x00000000d5580000,0x00000000d6b00000,0x00000000d6b00000)
  from space 3072K, 99% used [0x00000000d6b00000,0x00000000d6dfac50,0x00000000d6e00000)
  to   space 9216K, 0% used [0x00000000d7400000,0x00000000d7400000,0x00000000d7d00000)
 ParOldGen       total 68608K, used 27005K [0x0000000080000000, 0x0000000084300000, 0x00000000d5580000)
  object space 68608K, 39% used [0x0000000080000000,0x0000000081a5f680,0x0000000084300000)
 Metaspace       used 45697K, committed 46912K, reserved 1114112K
  class space    used 5002K, committed 5568K, reserved 1048576K
}
Event: 16.530 GC heap after
{Heap after GC invocations=20 (full 2):
 PSYoungGen      total 25600K, used 3488K [0x00000000d5580000, 0x00000000d7780000, 0x0000000100000000)
  eden space 22016K, 0% used [0x00000000d5580000,0x00000000d5580000,0x00000000d6b00000)
  from space 3584K, 97% used [0x00000000d7400000,0x00000000d7768000,0x00000000d7780000)
  to   space 5632K, 0% used [0x00000000d6c80000,0x00000000d6c80000,0x00000000d7200000)
 ParOldGen       total 68608K, used 30046K [0x0000000080000000, 0x0000000084300000, 0x00000000d5580000)
  object space 68608K, 43% used [0x0000000080000000,0x0000000081d57a10,0x0000000084300000)
 Metaspace       used 45697K, committed 46912K, reserved 1114112K
  class space    used 5002K, committed 5568K, reserved 1048576K
}

