# JRE version: OpenJDK Runtime Environment Temurin-21.0.10+7 (21.0.10+7) (build 21.0.10+7-LTS)
# Java VM: OpenJDK 64-Bit Server VM Temurin-21.0.10+7 (21.0.10+7-LTS, mixed mode, sharing, tiered, compressed oops, compressed class ptrs, parallel gc, windows-amd64)
GC Precious Log:
 CardTable entry size: 512
 CPUs: 8 total, 8 available
 Memory: 3767M
 Large Page Support: Disabled
 NUMA Support: Disabled
 Compressed Oops: Enabled (32-bit)
 Alignments: Space 512K, Generation 512K, Heap 2M
 Heap Min Capacity: 100M
 Heap Initial Capacity: 100M
 Heap Max Capacity: 2G
 Pre-touch: Disabled
 Parallel Workers: 8
Heap:
 PSYoungGen      total 22016K, used 16399K [0x00000000d5580000, 0x00000000d6d00000, 0x0000000100000000)
  eden space 20480K, 74% used [0x00000000d5580000,0x00000000d64756c8,0x00000000d6980000)
  from space 1536K, 70% used [0x00000000d6b80000,0x00000000d6c8e5a0,0x00000000d6d00000)
  to   space 1536K, 0% used [0x00000000d6a00000,0x00000000d6a00000,0x00000000d6b80000)
 ParOldGen       total 68608K, used 33152K [0x0000000080000000, 0x0000000084300000, 0x00000000d5580000)
  object space 68608K, 48% used [0x0000000080000000,0x00000000820602c0,0x0000000084300000)
 Metaspace       used 42911K, committed 43968K, reserved 1114112K
  class space    used 4177K, committed 4608K, reserved 1048576K
GC Heap History (20 events):
Event: 67.503 GC heap before
{Heap before GC invocations=17 (full 1):
 PSYoungGen      total 23552K, used 23392K [0x00000000d5580000, 0x00000000d6f00000, 0x0000000100000000)
  eden space 20992K, 100% used [0x00000000d5580000,0x00000000d6a00000,0x00000000d6a00000)
  from space 2560K, 93% used [0x00000000d6a00000,0x00000000d6c58010,0x00000000d6c80000)
  to   space 2560K, 0% used [0x00000000d6c80000,0x00000000d6c80000,0x00000000d6f00000)
 ParOldGen       total 68608K, used 25243K [0x0000000080000000, 0x0000000084300000, 0x00000000d5580000)
  object space 68608K, 36% used [0x0000000080000000,0x00000000818a6d18,0x0000000084300000)
 Metaspace       used 32703K, committed 33600K, reserved 1114112K
  class space    used 3289K, committed 3712K, reserved 1048576K
}
Event: 67.511 GC heap after
{Heap after GC invocations=17 (full 1):
 PSYoungGen      total 23552K, used 1960K [0x00000000d5580000, 0x00000000d6f00000, 0x0000000100000000)
  eden space 20992K, 0% used [0x00000000d5580000,0x00000000d5580000,0x00000000d6a00000)
  from space 2560K, 76% used [0x00000000d6c80000,0x00000000d6e6a210,0x00000000d6f00000)
  to   space 2560K, 0% used [0x00000000d6a00000,0x00000000d6a00000,0x00000000d6c80000)
 ParOldGen       total 68608K, used 27515K [0x0000000080000000, 0x0000000084300000, 0x00000000d5580000)
  object space 68608K, 40% used [0x0000000080000000,0x0000000081aded28,0x0000000084300000)
 Metaspace       used 32703K, committed 33600K, reserved 1114112K
  class space    used 3289K, committed 3712K, reserved 1048576K
}
Event: 69.038 GC heap before
{Heap before GC invocations=18 (full 1):
 PSYoungGen      total 23552K, used 22952K [0x00000000d5580000, 0x00000000d6f00000, 0x0000000100000000)
  eden space 20992K, 100% used [0x00000000d5580000,0x00000000d6a00000,0x00000000d6a00000)
  from space 2560K, 76% used [0x00000000d6c80000,0x00000000d6e6a210,0x00000000d6f00000)
  to   space 2560K, 0% used [0x00000000d6a00000,0x00000000d6a00000,0x00000000d6c80000)
 ParOldGen       total 68608K, used 27515K [0x0000000080000000, 0x0000000084300000, 0x00000000d5580000)
  object space 68608K, 40% used [0x0000000080000000,0x0000000081aded28,0x0000000084300000)
 Metaspace       used 34560K, committed 35456K, reserved 1114112K
  class space    used 3543K, committed 3968K, reserved 1048576K
}
Event: 69.044 GC heap after
{Heap after GC invocations=18 (full 1):
 PSYoungGen      total 22016K, used 875K [0x00000000d5580000, 0x00000000d6d00000, 0x0000000100000000)
  eden space 20992K, 0% used [0x00000000d5580000,0x00000000d5580000,0x00000000d6a00000)
  from space 1024K, 85% used [0x00000000d6a00000,0x00000000d6adae68,0x00000000d6b00000)
  to   space 1536K, 0% used [0x00000000d6b80000,0x00000000d6b80000,0x00000000d6d00000)
 ParOldGen       total 68608K, used 29333K [0x0000000080000000, 0x0000000084300000, 0x00000000d5580000)
  object space 68608K, 42% used [0x0000000080000000,0x0000000081ca5510,0x0000000084300000)
 Metaspace       used 34560K, committed 35456K, reserved 1114112K
  class space    used 3543K, committed 3968K, reserved 1048576K
}
Event: 69.415 GC heap before
{Heap before GC invocations=19 (full 1):
 PSYoungGen      total 22016K, used 5208K [0x00000000d5580000, 0x00000000d6d00000, 0x0000000100000000)
  eden space 20992K, 20% used [0x00000000d5580000,0x00000000d59bb2e8,0x00000000d6a00000)
  from space 1024K, 85% used [0x00000000d6a00000,0x00000000d6adae68,0x00000000d6b00000)
  to   space 1536K, 0% used [0x00000000d6b80000,0x00000000d6b80000,0x00000000d6d00000)
 ParOldGen       total 68608K, used 29333K [0x0000000080000000, 0x0000000084300000, 0x00000000d5580000)
  object space 68608K, 42% used [0x0000000080000000,0x0000000081ca5510,0x0000000084300000)
 Metaspace       used 34903K, committed 35840K, reserved 1114112K
  class space    used 3567K, committed 3968K, reserved 1048576K
}
Event: 69.416 GC heap after
{Heap after GC invocations=19 (full 1):
 PSYoungGen      total 21504K, used 224K [0x00000000d5580000, 0x00000000d6c00000, 0x0000000100000000)
  eden space 20992K, 0% used [0x00000000d5580000,0x00000000d5580000,0x00000000d6a00000)
  from space 512K, 43% used [0x00000000d6b80000,0x00000000d6bb8000,0x00000000d6c00000)
  to   space 1024K, 0% used [0x00000000d6a00000,0x00000000d6a00000,0x00000000d6b00000)
 ParOldGen       total 68608K, used 30004K [0x0000000080000000, 0x0000000084300000, 0x00000000d5580000)
  object space 68608K, 43% used [0x0000000080000000,0x0000000081d4d048,0x0000000084300000)
 Metaspace       used 34903K, committed 35840K, reserved 1114112K
  class space    used 3567K, committed 3968K, reserved 1048576K
}
Event: 69.416 GC heap before
{Heap before GC invocations=20 (full 2):
 PSYoungGen      total 21504K, used 224K [0x00000000d5580000, 0x00000000d6c00000, 0x0000000100000000)
  eden space 20992K, 0% used [0x00000000d5580000,0x00000000d5580000,0x00000000d6a00000)
  from space 512K, 43% used [0x00000000d6b80000,0x00000000d6bb8000,0x00000000d6c00000)
  to   space 1024K, 0% used [0x00000000d6a00000,0x00000000d6a00000,0x00000000d6b00000)
 ParOldGen       total 68608K, used 30004K [0x0000000080000000, 0x0000000084300000, 0x00000000d5580000)
  object space 68608K, 43% used [0x0000000080000000,0x0000000081d4d048,0x0000000084300000)
 Metaspace       used 34903K, committed 35840K, reserved 1114112K
  class space    used 3567K, committed 3968K, reserved 1048576K
}
Event: 69.696 GC heap after
{Heap after GC invocations=20 (full 2):
 PSYoungGen      total 21504K, used 0K [0x00000000d5580000, 0x00000000d6c00000, 0x0000000100000000)
  eden space 20992K, 0% used [0x00000000d5580000,0x00000000d5580000,0x00000000d6a00000)
  from space 512K, 0% used [0x00000000d6b80000,0x00000000d6b80000,0x00000000d6c00000)
  to   space 1024K, 0% used [0x00000000d6a00000,0x00000000d6a00000,0x00000000d6b00000)
 ParOldGen       total 68608K, used 29006K [0x0000000080000000, 0x0000000084300000, 0x00000000d5580000)
  object space 68608K, 42% used [0x0000000080000000,0x0000000081c538d8,0x0000000084300000)
 Metaspace       used 34903K, committed 35840K, reserved 1114112K
  class space    used 3567K, committed 3968K, reserved 1048576K
}
Event: 70.419 GC heap before
{Heap before GC invocations=21 (full 2):
 PSYoungGen      total 21504K, used 20992K [0x00000000d5580000, 0x00000000d6c00000, 0x0000000100000000)
  eden space 20992K, 100% used [0x00000000d5580000,0x00000000d6a00000,0x00000000d6a00000)
  from space 512K, 0% used [0x00000000d6b80000,0x00000000d6b80000,0x00000000d6c00000)
  to   space 1024K, 0% used [0x00000000d6a00000,0x00000000d6a00000,0x00000000d6b00000)
 ParOldGen       total 68608K, used 29006K [0x0000000080000000, 0x0000000084300000, 0x00000000d5580000)
  object space 68608K, 42% used [0x0000000080000000,0x0000000081c538d8,0x0000000084300000)
 Metaspace       used 36464K, committed 37376K, reserved 1114112K
  class space    used 3689K, committed 4096K, reserved 1048576K
}
Event: 70.421 GC heap after
{Heap after GC invocations=21 (full 2):
 PSYoungGen      total 22016K, used 1004K [0x00000000d5580000, 0x00000000d6e00000, 0x0000000100000000)
  eden space 20992K, 0% used [0x00000000d5580000,0x00000000d5580000,0x00000000d6a00000)
  from space 1024K, 98% used [0x00000000d6a00000,0x00000000d6afb028,0x00000000d6b00000)
  to   space 2048K, 0% used [0x00000000d6c00000,0x00000000d6c00000,0x00000000d6e00000)
 ParOldGen       total 68608K, used 29687K [0x0000000080000000, 0x0000000084300000, 0x00000000d5580000)
  object space 68608K, 43% used [0x0000000080000000,0x0000000081cfdfc0,0x0000000084300000)
 Metaspace       used 36464K, committed 37376K, reserved 1114112K
  class space    used 3689K, committed 4096K, reserved 1048576K
}
Event: 70.676 GC heap before
{Heap before GC invocations=22 (full 2):
 PSYoungGen      total 22016K, used 21996K [0x00000000d5580000, 0x00000000d6e00000, 0x0000000100000000)
  eden space 20992K, 100% used [0x00000000d5580000,0x00000000d6a00000,0x00000000d6a00000)
  from space 1024K, 98% used [0x00000000d6a00000,0x00000000d6afb028,0x00000000d6b00000)
  to   space 2048K, 0% used [0x00000000d6c00000,0x00000000d6c00000,0x00000000d6e00000)
 ParOldGen       total 68608K, used 29687K [0x0000000080000000, 0x0000000084300000, 0x00000000d5580000)
  object space 68608K, 43% used [0x0000000080000000,0x0000000081cfdfc0,0x0000000084300000)
 Metaspace       used 36491K, committed 37376K, reserved 1114112K
  class space    used 3689K, committed 4096K, reserved 1048576K
}
Event: 70.678 GC heap after
{Heap after GC invocations=22 (full 2):
 PSYoungGen      total 22528K, used 1188K [0x00000000d5580000, 0x00000000d6d80000, 0x0000000100000000)
  eden space 20992K, 0% used [0x00000000d5580000,0x00000000d5580000,0x00000000d6a00000)
  from space 1536K, 77% used [0x00000000d6c00000,0x00000000d6d29068,0x00000000d6d80000)
  to   space 1536K, 0% used [0x00000000d6a80000,0x00000000d6a80000,0x00000000d6c00000)
 ParOldGen       total 68608K, used 30254K [0x0000000080000000, 0x0000000084300000, 0x00000000d5580000)
  object space 68608K, 44% used [0x0000000080000000,0x0000000081d8bae8,0x0000000084300000)
 Metaspace       used 36491K, committed 37376K, reserved 1114112K
  class space    used 3689K, committed 4096K, reserved 1048576K
}
Event: 72.031 GC heap before
{Heap before GC invocations=23 (full 2):
 PSYoungGen      total 22528K, used 22180K [0x00000000d5580000, 0x00000000d6d80000, 0x0000000100000000)
  eden space 20992K, 100% used [0x00000000d5580000,0x00000000d6a00000,0x00000000d6a00000)
  from space 1536K, 77% used [0x00000000d6c00000,0x00000000d6d29068,0x00000000d6d80000)
  to   space 1536K, 0% used [0x00000000d6a80000,0x00000000d6a80000,0x00000000d6c00000)
 ParOldGen       total 68608K, used 30254K [0x0000000080000000, 0x0000000084300000, 0x00000000d5580000)
  object space 68608K, 44% used [0x0000000080000000,0x0000000081d8bae8,0x0000000084300000)
 Metaspace       used 38512K, committed 39424K, reserved 1114112K
  class space    used 3866K, committed 4288K, reserved 1048576K
}
Event: 72.034 GC heap after
{Heap after GC invocations=23 (full 2):
 PSYoungGen      total 22016K, used 563K [0x00000000d5580000, 0x00000000d6c80000, 0x0000000100000000)
  eden space 20992K, 0% used [0x00000000d5580000,0x00000000d5580000,0x00000000d6a00000)
  from space 1024K, 55% used [0x00000000d6a80000,0x00000000d6b0ce38,0x00000000d6b80000)
  to   space 1024K, 0% used [0x00000000d6b80000,0x00000000d6b80000,0x00000000d6c80000)
 ParOldGen       total 68608K, used 30286K [0x0000000080000000, 0x0000000084300000, 0x00000000d5580000)
  object space 68608K, 44% used [0x0000000080000000,0x0000000081d93ae8,0x0000000084300000)
 Metaspace       used 38512K, committed 39424K, reserved 1114112K
  class space    used 3866K, committed 4288K, reserved 1048576K
}
Event: 74.602 GC heap before
{Heap before GC invocations=24 (full 2):
 PSYoungGen      total 22016K, used 21555K [0x00000000d5580000, 0x00000000d6c80000, 0x0000000100000000)
  eden space 20992K, 100% used [0x00000000d5580000,0x00000000d6a00000,0x00000000d6a00000)
  from space 1024K, 55% used [0x00000000d6a80000,0x00000000d6b0ce38,0x00000000d6b80000)
  to   space 1024K, 0% used [0x00000000d6b80000,0x00000000d6b80000,0x00000000d6c80000)
 ParOldGen       total 68608K, used 30286K [0x0000000080000000, 0x0000000084300000, 0x00000000d5580000)
  object space 68608K, 44% used [0x0000000080000000,0x0000000081d93ae8,0x0000000084300000)
 Metaspace       used 40627K, committed 41664K, reserved 1114112K
  class space    used 4076K, committed 4544K, reserved 1048576K
}
Event: 74.605 GC heap after
{Heap after GC invocations=24 (full 2):
 PSYoungGen      total 21504K, used 997K [0x00000000d5580000, 0x00000000d6e00000, 0x0000000100000000)
  eden space 20480K, 0% used [0x00000000d5580000,0x00000000d5580000,0x00000000d6980000)
  from space 1024K, 97% used [0x00000000d6b80000,0x00000000d6c795b0,0x00000000d6c80000)
  to   space 2048K, 0% used [0x00000000d6980000,0x00000000d6980000,0x00000000d6b80000)
 ParOldGen       total 68608K, used 30732K [0x0000000080000000, 0x0000000084300000, 0x00000000d5580000)
  object space 68608K, 44% used [0x0000000080000000,0x0000000081e03368,0x0000000084300000)
 Metaspace       used 40627K, committed 41664K, reserved 1114112K
  class space    used 4076K, committed 4544K, reserved 1048576K
}
Event: 76.116 GC heap before
{Heap before GC invocations=25 (full 2):
 PSYoungGen      total 21504K, used 21477K [0x00000000d5580000, 0x00000000d6e00000, 0x0000000100000000)
  eden space 20480K, 100% used [0x00000000d5580000,0x00000000d6980000,0x00000000d6980000)
  from space 1024K, 97% used [0x00000000d6b80000,0x00000000d6c795b0,0x00000000d6c80000)
  to   space 2048K, 0% used [0x00000000d6980000,0x00000000d6980000,0x00000000d6b80000)
 ParOldGen       total 68608K, used 30732K [0x0000000080000000, 0x0000000084300000, 0x00000000d5580000)
  object space 68608K, 44% used [0x0000000080000000,0x0000000081e03368,0x0000000084300000)
 Metaspace       used 41837K, committed 42944K, reserved 1114112K
  class space    used 4127K, committed 4608K, reserved 1048576K
}
Event: 76.122 GC heap after
{Heap after GC invocations=25 (full 2):
 PSYoungGen      total 22528K, used 1782K [0x00000000d5580000, 0x00000000d6d80000, 0x0000000100000000)
  eden space 20480K, 0% used [0x00000000d5580000,0x00000000d5580000,0x00000000d6980000)
  from space 2048K, 87% used [0x00000000d6980000,0x00000000d6b3d9d0,0x00000000d6b80000)
  to   space 2048K, 0% used [0x00000000d6b80000,0x00000000d6b80000,0x00000000d6d80000)
 ParOldGen       total 68608K, used 31655K [0x0000000080000000, 0x0000000084300000, 0x00000000d5580000)
  object space 68608K, 46% used [0x0000000080000000,0x0000000081ee9fe8,0x0000000084300000)
 Metaspace       used 41837K, committed 42944K, reserved 1114112K
  class space    used 4127K, committed 4608K, reserved 1048576K
}
Event: 78.961 GC heap before
{Heap before GC invocations=26 (full 2):
 PSYoungGen      total 22528K, used 22262K [0x00000000d5580000, 0x00000000d6d80000, 0x0000000100000000)
  eden space 20480K, 100% used [0x00000000d5580000,0x00000000d6980000,0x00000000d6980000)
  from space 2048K, 87% used [0x00000000d6980000,0x00000000d6b3d9d0,0x00000000d6b80000)
  to   space 2048K, 0% used [0x00000000d6b80000,0x00000000d6b80000,0x00000000d6d80000)
 ParOldGen       total 68608K, used 31655K [0x0000000080000000, 0x0000000084300000, 0x00000000d5580000)
  object space 68608K, 46% used [0x0000000080000000,0x0000000081ee9fe8,0x0000000084300000)
 Metaspace       used 42349K, committed 43392K, reserved 1114112K
  class space    used 4144K, committed 4608K, reserved 1048576K
}
Event: 78.966 GC heap after
{Heap after GC invocations=26 (full 2):
 PSYoungGen      total 22016K, used 1081K [0x00000000d5580000, 0x00000000d6d00000, 0x0000000100000000)
  eden space 20480K, 0% used [0x00000000d5580000,0x00000000d5580000,0x00000000d6980000)
  from space 1536K, 70% used [0x00000000d6b80000,0x00000000d6c8e5a0,0x00000000d6d00000)
  to   space 1536K, 0% used [0x00000000d6a00000,0x00000000d6a00000,0x00000000d6b80000)
 ParOldGen       total 68608K, used 33152K [0x0000000080000000, 0x0000000084300000, 0x00000000d5580000)
  object space 68608K, 48% used [0x0000000080000000,0x00000000820602c0,0x0000000084300000)
 Metaspace       used 42349K, committed 43392K, reserved 1114112K
  class space    used 4144K, committed 4608K, reserved 1048576K
}

