# JRE version: OpenJDK Runtime Environment Temurin-21.0.10+7 (21.0.10+7) (build 21.0.10+7-LTS)
# Java VM: OpenJDK 64-Bit Server VM Temurin-21.0.10+7 (21.0.10+7-LTS, mixed mode, sharing, tiered, compressed oops, compressed class ptrs, parallel gc, windows-amd64)
GC Precious Log:
 CardTable entry size: 512
 CPUs: 8 total, 8 available
 Memory: 3767M
 Large Page Support: Disabled
 NUMA Support: Disabled
 Compressed Oops: Enabled (32-bit)
 Alignments: Space 512K, Generation 512K, Heap 2M
 Heap Min Capacity: 100M
 Heap Initial Capacity: 100M
 Heap Max Capacity: 2G
 Pre-touch: Disabled
 Parallel Workers: 8
Heap:
 PSYoungGen      total 2048K, used 1410K [0x00000000d5580000, 0x00000000d5880000, 0x0000000100000000)
  eden space 1536K, 70% used [0x00000000d5580000,0x00000000d56909b8,0x00000000d5700000)
  from space 512K, 62% used [0x00000000d5780000,0x00000000d57d0000,0x00000000d5800000)
  to   space 512K, 0% used [0x00000000d5800000,0x00000000d5800000,0x00000000d5880000)
 ParOldGen       total 370176K, used 369902K [0x0000000080000000, 0x0000000096980000, 0x00000000d5580000)
  object space 370176K, 99% used [0x0000000080000000,0x000000009693b860,0x0000000096980000)
 Metaspace       used 68007K, committed 69568K, reserved 1114112K
  class space    used 6979K, committed 7616K, reserved 1048576K
GC Heap History (20 events):
Event: 1534.853 GC heap before
{Heap before GC invocations=203 (full 3):
 PSYoungGen      total 2560K, used 2004K [0x00000000d5580000, 0x00000000d5900000, 0x0000000100000000)
  eden space 1536K, 100% used [0x00000000d5580000,0x00000000d5700000,0x00000000d5700000)
  from space 1024K, 45% used [0x00000000d5700000,0x00000000d5775200,0x00000000d5800000)
  to   space 1024K, 0% used [0x00000000d5800000,0x00000000d5800000,0x00000000d5900000)
 ParOldGen       total 366592K, used 366455K [0x0000000080000000, 0x0000000096600000, 0x00000000d5580000)
  object space 366592K, 99% used [0x0000000080000000,0x00000000965ddde0,0x0000000096600000)
 Metaspace       used 67959K, committed 69504K, reserved 1114112K
  class space    used 6978K, committed 7616K, reserved 1048576K
}
Event: 1534.855 GC heap after
{Heap after GC invocations=203 (full 3):
 PSYoungGen      total 2560K, used 496K [0x00000000d5580000, 0x00000000d5900000, 0x0000000100000000)
  eden space 1536K, 0% used [0x00000000d5580000,0x00000000d5580000,0x00000000d5700000)
  from space 1024K, 48% used [0x00000000d5800000,0x00000000d587c010,0x00000000d5900000)
  to   space 1024K, 0% used [0x00000000d5700000,0x00000000d5700000,0x00000000d5800000)
 ParOldGen       total 367104K, used 366759K [0x0000000080000000, 0x0000000096680000, 0x00000000d5580000)
  object space 367104K, 99% used [0x0000000080000000,0x0000000096629ed0,0x0000000096680000)
 Metaspace       used 67959K, committed 69504K, reserved 1114112K
  class space    used 6978K, committed 7616K, reserved 1048576K
}
Event: 1534.880 GC heap before
{Heap before GC invocations=204 (full 3):
 PSYoungGen      total 2560K, used 2032K [0x00000000d5580000, 0x00000000d5900000, 0x0000000100000000)
  eden space 1536K, 100% used [0x00000000d5580000,0x00000000d5700000,0x00000000d5700000)
  from space 1024K, 48% used [0x00000000d5800000,0x00000000d587c010,0x00000000d5900000)
  to   space 1024K, 0% used [0x00000000d5700000,0x00000000d5700000,0x00000000d5800000)
 ParOldGen       total 367104K, used 366759K [0x0000000080000000, 0x0000000096680000, 0x00000000d5580000)
  object space 367104K, 99% used [0x0000000080000000,0x0000000096629ed0,0x0000000096680000)
 Metaspace       used 67961K, committed 69504K, reserved 1114112K
  class space    used 6978K, committed 7616K, reserved 1048576K
}
Event: 1534.882 GC heap after
{Heap after GC invocations=204 (full 3):
 PSYoungGen      total 2560K, used 448K [0x00000000d5580000, 0x00000000d5880000, 0x0000000100000000)
  eden space 1536K, 0% used [0x00000000d5580000,0x00000000d5580000,0x00000000d5700000)
  from space 1024K, 43% used [0x00000000d5700000,0x00000000d5770000,0x00000000d5800000)
  to   space 512K, 0% used [0x00000000d5800000,0x00000000d5800000,0x00000000d5880000)
 ParOldGen       total 367616K, used 367173K [0x0000000080000000, 0x0000000096700000, 0x00000000d5580000)
  object space 367616K, 99% used [0x0000000080000000,0x0000000096691520,0x0000000096700000)
 Metaspace       used 67961K, committed 69504K, reserved 1114112K
  class space    used 6978K, committed 7616K, reserved 1048576K
}
Event: 1534.897 GC heap before
{Heap before GC invocations=205 (full 3):
 PSYoungGen      total 2560K, used 1984K [0x00000000d5580000, 0x00000000d5880000, 0x0000000100000000)
  eden space 1536K, 100% used [0x00000000d5580000,0x00000000d5700000,0x00000000d5700000)
  from space 1024K, 43% used [0x00000000d5700000,0x00000000d5770000,0x00000000d5800000)
  to   space 512K, 0% used [0x00000000d5800000,0x00000000d5800000,0x00000000d5880000)
 ParOldGen       total 367616K, used 367173K [0x0000000080000000, 0x0000000096700000, 0x00000000d5580000)
  object space 367616K, 99% used [0x0000000080000000,0x0000000096691520,0x0000000096700000)
 Metaspace       used 67961K, committed 69504K, reserved 1114112K
  class space    used 6978K, committed 7616K, reserved 1048576K
}
Event: 1534.899 GC heap after
{Heap after GC invocations=205 (full 3):
 PSYoungGen      total 2048K, used 512K [0x00000000d5580000, 0x00000000d5900000, 0x0000000100000000)
  eden space 1536K, 0% used [0x00000000d5580000,0x00000000d5580000,0x00000000d5700000)
  from space 512K, 100% used [0x00000000d5800000,0x00000000d5880000,0x00000000d5880000)
  to   space 1024K, 0% used [0x00000000d5700000,0x00000000d5700000,0x00000000d5800000)
 ParOldGen       total 367616K, used 367557K [0x0000000080000000, 0x0000000096700000, 0x00000000d5580000)
  object space 367616K, 99% used [0x0000000080000000,0x00000000966f1540,0x0000000096700000)
 Metaspace       used 67961K, committed 69504K, reserved 1114112K
  class space    used 6978K, committed 7616K, reserved 1048576K
}
Event: 1534.920 GC heap before
{Heap before GC invocations=206 (full 3):
 PSYoungGen      total 2048K, used 2048K [0x00000000d5580000, 0x00000000d5900000, 0x0000000100000000)
  eden space 1536K, 100% used [0x00000000d5580000,0x00000000d5700000,0x00000000d5700000)
  from space 512K, 100% used [0x00000000d5800000,0x00000000d5880000,0x00000000d5880000)
  to   space 1024K, 0% used [0x00000000d5700000,0x00000000d5700000,0x00000000d5800000)
 ParOldGen       total 367616K, used 367557K [0x0000000080000000, 0x0000000096700000, 0x00000000d5580000)
  object space 367616K, 99% used [0x0000000080000000,0x00000000966f1540,0x0000000096700000)
 Metaspace       used 67961K, committed 69504K, reserved 1114112K
  class space    used 6978K, committed 7616K, reserved 1048576K
}
Event: 1534.921 GC heap after
{Heap after GC invocations=206 (full 3):
 PSYoungGen      total 2560K, used 480K [0x00000000d5580000, 0x00000000d5900000, 0x0000000100000000)
  eden space 1536K, 0% used [0x00000000d5580000,0x00000000d5580000,0x00000000d5700000)
  from space 1024K, 46% used [0x00000000d5700000,0x00000000d5778000,0x00000000d5800000)
  to   space 1024K, 0% used [0x00000000d5800000,0x00000000d5800000,0x00000000d5900000)
 ParOldGen       total 368128K, used 367973K [0x0000000080000000, 0x0000000096780000, 0x00000000d5580000)
  object space 368128K, 99% used [0x0000000080000000,0x0000000096759540,0x0000000096780000)
 Metaspace       used 67961K, committed 69504K, reserved 1114112K
  class space    used 6978K, committed 7616K, reserved 1048576K
}
Event: 1534.945 GC heap before
{Heap before GC invocations=207 (full 3):
 PSYoungGen      total 2560K, used 2016K [0x00000000d5580000, 0x00000000d5900000, 0x0000000100000000)
  eden space 1536K, 100% used [0x00000000d5580000,0x00000000d5700000,0x00000000d5700000)
  from space 1024K, 46% used [0x00000000d5700000,0x00000000d5778000,0x00000000d5800000)
  to   space 1024K, 0% used [0x00000000d5800000,0x00000000d5800000,0x00000000d5900000)
 ParOldGen       total 368128K, used 367973K [0x0000000080000000, 0x0000000096780000, 0x00000000d5580000)
  object space 368128K, 99% used [0x0000000080000000,0x0000000096759540,0x0000000096780000)
 Metaspace       used 67967K, committed 69504K, reserved 1114112K
  class space    used 6978K, committed 7616K, reserved 1048576K
}
Event: 1534.947 GC heap after
{Heap after GC invocations=207 (full 3):
 PSYoungGen      total 2560K, used 522K [0x00000000d5580000, 0x00000000d5900000, 0x0000000100000000)
  eden space 1536K, 0% used [0x00000000d5580000,0x00000000d5580000,0x00000000d5700000)
  from space 1024K, 51% used [0x00000000d5800000,0x00000000d5882910,0x00000000d5900000)
  to   space 1024K, 0% used [0x00000000d5700000,0x00000000d5700000,0x00000000d5800000)
 ParOldGen       total 368640K, used 368333K [0x0000000080000000, 0x0000000096800000, 0x00000000d5580000)
  object space 368640K, 99% used [0x0000000080000000,0x00000000967b3440,0x0000000096800000)
 Metaspace       used 67967K, committed 69504K, reserved 1114112K
  class space    used 6978K, committed 7616K, reserved 1048576K
}
Event: 1534.956 GC heap before
{Heap before GC invocations=208 (full 3):
 PSYoungGen      total 2560K, used 2058K [0x00000000d5580000, 0x00000000d5900000, 0x0000000100000000)
  eden space 1536K, 100% used [0x00000000d5580000,0x00000000d5700000,0x00000000d5700000)
  from space 1024K, 51% used [0x00000000d5800000,0x00000000d5882910,0x00000000d5900000)
  to   space 1024K, 0% used [0x00000000d5700000,0x00000000d5700000,0x00000000d5800000)
 ParOldGen       total 368640K, used 368333K [0x0000000080000000, 0x0000000096800000, 0x00000000d5580000)
  object space 368640K, 99% used [0x0000000080000000,0x00000000967b3440,0x0000000096800000)
 Metaspace       used 67967K, committed 69504K, reserved 1114112K
  class space    used 6978K, committed 7616K, reserved 1048576K
}
Event: 1534.958 GC heap after
{Heap after GC invocations=208 (full 3):
 PSYoungGen      total 2560K, used 256K [0x00000000d5580000, 0x00000000d5880000, 0x0000000100000000)
  eden space 1536K, 0% used [0x00000000d5580000,0x00000000d5580000,0x00000000d5700000)
  from space 1024K, 25% used [0x00000000d5700000,0x00000000d5740000,0x00000000d5800000)
  to   space 512K, 0% used [0x00000000d5800000,0x00000000d5800000,0x00000000d5880000)
 ParOldGen       total 369152K, used 368761K [0x0000000080000000, 0x0000000096880000, 0x00000000d5580000)
  object space 369152K, 99% used [0x0000000080000000,0x000000009681e650,0x0000000096880000)
 Metaspace       used 67967K, committed 69504K, reserved 1114112K
  class space    used 6978K, committed 7616K, reserved 1048576K
}
Event: 1534.994 GC heap before
{Heap before GC invocations=209 (full 3):
 PSYoungGen      total 2560K, used 1792K [0x00000000d5580000, 0x00000000d5880000, 0x0000000100000000)
  eden space 1536K, 100% used [0x00000000d5580000,0x00000000d5700000,0x00000000d5700000)
  from space 1024K, 25% used [0x00000000d5700000,0x00000000d5740000,0x00000000d5800000)
  to   space 512K, 0% used [0x00000000d5800000,0x00000000d5800000,0x00000000d5880000)
 ParOldGen       total 369152K, used 368761K [0x0000000080000000, 0x0000000096880000, 0x00000000d5580000)
  object space 369152K, 99% used [0x0000000080000000,0x000000009681e650,0x0000000096880000)
 Metaspace       used 67968K, committed 69504K, reserved 1114112K
  class space    used 6978K, committed 7616K, reserved 1048576K
}
Event: 1534.996 GC heap after
{Heap after GC invocations=209 (full 3):
 PSYoungGen      total 2048K, used 500K [0x00000000d5580000, 0x00000000d5900000, 0x0000000100000000)
  eden space 1536K, 0% used [0x00000000d5580000,0x00000000d5580000,0x00000000d5700000)
  from space 512K, 97% used [0x00000000d5800000,0x00000000d587d200,0x00000000d5880000)
  to   space 1024K, 0% used [0x00000000d5700000,0x00000000d5700000,0x00000000d5800000)
 ParOldGen       total 369152K, used 368961K [0x0000000080000000, 0x0000000096880000, 0x00000000d5580000)
  object space 369152K, 99% used [0x0000000080000000,0x0000000096850650,0x0000000096880000)
 Metaspace       used 67968K, committed 69504K, reserved 1114112K
  class space    used 6978K, committed 7616K, reserved 1048576K
}
Event: 1535.005 GC heap before
{Heap before GC invocations=210 (full 3):
 PSYoungGen      total 2048K, used 2036K [0x00000000d5580000, 0x00000000d5900000, 0x0000000100000000)
  eden space 1536K, 100% used [0x00000000d5580000,0x00000000d5700000,0x00000000d5700000)
  from space 512K, 97% used [0x00000000d5800000,0x00000000d587d200,0x00000000d5880000)
  to   space 1024K, 0% used [0x00000000d5700000,0x00000000d5700000,0x00000000d5800000)
 ParOldGen       total 369152K, used 368961K [0x0000000080000000, 0x0000000096880000, 0x00000000d5580000)
  object space 369152K, 99% used [0x0000000080000000,0x0000000096850650,0x0000000096880000)
 Metaspace       used 67969K, committed 69504K, reserved 1114112K
  class space    used 6978K, committed 7616K, reserved 1048576K
}
Event: 1535.007 GC heap after
{Heap after GC invocations=210 (full 3):
 PSYoungGen      total 2560K, used 464K [0x00000000d5580000, 0x00000000d5900000, 0x0000000100000000)
  eden space 1536K, 0% used [0x00000000d5580000,0x00000000d5580000,0x00000000d5700000)
  from space 1024K, 45% used [0x00000000d5700000,0x00000000d5774010,0x00000000d5800000)
  to   space 1024K, 0% used [0x00000000d5800000,0x00000000d5800000,0x00000000d5900000)
 ParOldGen       total 369664K, used 369326K [0x0000000080000000, 0x0000000096900000, 0x00000000d5580000)
  object space 369664K, 99% used [0x0000000080000000,0x00000000968ab850,0x0000000096900000)
 Metaspace       used 67969K, committed 69504K, reserved 1114112K
  class space    used 6978K, committed 7616K, reserved 1048576K
}
Event: 1535.020 GC heap before
{Heap before GC invocations=211 (full 3):
 PSYoungGen      total 2560K, used 2000K [0x00000000d5580000, 0x00000000d5900000, 0x0000000100000000)
  eden space 1536K, 100% used [0x00000000d5580000,0x00000000d5700000,0x00000000d5700000)
  from space 1024K, 45% used [0x00000000d5700000,0x00000000d5774010,0x00000000d5800000)
  to   space 1024K, 0% used [0x00000000d5800000,0x00000000d5800000,0x00000000d5900000)
 ParOldGen       total 369664K, used 369326K [0x0000000080000000, 0x0000000096900000, 0x00000000d5580000)
  object space 369664K, 99% used [0x0000000080000000,0x00000000968ab850,0x0000000096900000)
 Metaspace       used 67969K, committed 69504K, reserved 1114112K
  class space    used 6978K, committed 7616K, reserved 1048576K
}
Event: 1535.022 GC heap after
{Heap after GC invocations=211 (full 3):
 PSYoungGen      total 2048K, used 352K [0x00000000d5580000, 0x00000000d5880000, 0x0000000100000000)
  eden space 1536K, 0% used [0x00000000d5580000,0x00000000d5580000,0x00000000d5700000)
  from space 512K, 68% used [0x00000000d5800000,0x00000000d5858000,0x00000000d5880000)
  to   space 512K, 0% used [0x00000000d5780000,0x00000000d5780000,0x00000000d5800000)
 ParOldGen       total 370176K, used 369686K [0x0000000080000000, 0x0000000096980000, 0x00000000d5580000)
  object space 370176K, 99% used [0x0000000080000000,0x0000000096905860,0x0000000096980000)
 Metaspace       used 67969K, committed 69504K, reserved 1114112K
  class space    used 6978K, committed 7616K, reserved 1048576K
}
Event: 1768.332 GC heap before
{Heap before GC invocations=212 (full 3):
 PSYoungGen      total 2048K, used 1888K [0x00000000d5580000, 0x00000000d5880000, 0x0000000100000000)
  eden space 1536K, 100% used [0x00000000d5580000,0x00000000d5700000,0x00000000d5700000)
  from space 512K, 68% used [0x00000000d5800000,0x00000000d5858000,0x00000000d5880000)
  to   space 512K, 0% used [0x00000000d5780000,0x00000000d5780000,0x00000000d5800000)
 ParOldGen       total 370176K, used 369686K [0x0000000080000000, 0x0000000096980000, 0x00000000d5580000)
  object space 370176K, 99% used [0x0000000080000000,0x0000000096905860,0x0000000096980000)
 Metaspace       used 67974K, committed 69504K, reserved 1114112K
  class space    used 6978K, committed 7616K, reserved 1048576K
}
Event: 1768.434 GC heap after
{Heap after GC invocations=212 (full 3):
 PSYoungGen      total 2048K, used 320K [0x00000000d5580000, 0x00000000d5880000, 0x0000000100000000)
  eden space 1536K, 0% used [0x00000000d5580000,0x00000000d5580000,0x00000000d5700000)
  from space 512K, 62% used [0x00000000d5780000,0x00000000d57d0000,0x00000000d5800000)
  to   space 512K, 0% used [0x00000000d5800000,0x00000000d5800000,0x00000000d5880000)
 ParOldGen       total 370176K, used 369902K [0x0000000080000000, 0x0000000096980000, 0x00000000d5580000)
  object space 370176K, 99% used [0x0000000080000000,0x000000009693b860,0x0000000096980000)
 Metaspace       used 67974K, committed 69504K, reserved 1114112K
  class space    used 6978K, committed 7616K, reserved 1048576K
}

