# JRE version: OpenJDK Runtime Environment Temurin-21.0.10+7 (21.0.10+7) (build 21.0.10+7-LTS)
# Java VM: OpenJDK 64-Bit Server VM Temurin-21.0.10+7 (21.0.10+7-LTS, mixed mode, sharing, tiered, compressed oops, compressed class ptrs, parallel gc, windows-amd64)
GC Precious Log:
 CardTable entry size: 512
 CPUs: 8 total, 8 available
 Memory: 3767M
 Large Page Support: Disabled
 NUMA Support: Disabled
 Compressed Oops: Enabled (32-bit)
 Alignments: Space 512K, Generation 512K, Heap 2M
 Heap Min Capacity: 100M
 Heap Initial Capacity: 100M
 Heap Max Capacity: 2G
 Pre-touch: Disabled
 Parallel Workers: 8
Heap:
 PSYoungGen      total 22528K, used 12344K [0x00000000d5580000, 0x00000000d7000000, 0x0000000100000000)
  eden space 22016K, 53% used [0x00000000d5580000,0x00000000d61131a0,0x00000000d6b00000)
  from space 512K, 96% used [0x00000000d6f00000,0x00000000d6f7b218,0x00000000d6f80000)
  to   space 2560K, 0% used [0x00000000d6b00000,0x00000000d6b00000,0x00000000d6d80000)
 ParOldGen       total 68608K, used 21291K [0x0000000080000000, 0x0000000084300000, 0x00000000d5580000)
  object space 68608K, 31% used [0x0000000080000000,0x00000000814caca8,0x0000000084300000)
 Metaspace       used 39446K, committed 40640K, reserved 1114112K
  class space    used 4192K, committed 4736K, reserved 1048576K
GC Heap History (20 events):
Event: 9.230 GC heap before
{Heap before GC invocations=9 (full 1):
 PSYoungGen      total 29184K, used 24576K [0x00000000d5580000, 0x00000000d7780000, 0x0000000100000000)
  eden space 24576K, 100% used [0x00000000d5580000,0x00000000d6d80000,0x00000000d6d80000)
  from space 4608K, 0% used [0x00000000d6d80000,0x00000000d6d80000,0x00000000d7200000)
  to   space 5120K, 0% used [0x00000000d7280000,0x00000000d7280000,0x00000000d7780000)
 ParOldGen       total 68608K, used 13229K [0x0000000080000000, 0x0000000084300000, 0x00000000d5580000)
  object space 68608K, 19% used [0x0000000080000000,0x0000000080ceb770,0x0000000084300000)
 Metaspace       used 22424K, committed 23424K, reserved 1114112K
  class space    used 2361K, committed 2752K, reserved 1048576K
}
Event: 9.232 GC heap after
{Heap after GC invocations=9 (full 1):
 PSYoungGen      total 26112K, used 1650K [0x00000000d5580000, 0x00000000d7480000, 0x0000000100000000)
  eden space 24064K, 0% used [0x00000000d5580000,0x00000000d5580000,0x00000000d6d00000)
  from space 2048K, 80% used [0x00000000d7280000,0x00000000d741cbb0,0x00000000d7480000)
  to   space 3072K, 0% used [0x00000000d6e80000,0x00000000d6e80000,0x00000000d7180000)
 ParOldGen       total 68608K, used 13237K [0x0000000080000000, 0x0000000084300000, 0x00000000d5580000)
  object space 68608K, 19% used [0x0000000080000000,0x0000000080ced770,0x0000000084300000)
 Metaspace       used 22424K, committed 23424K, reserved 1114112K
  class space    used 2361K, committed 2752K, reserved 1048576K
}
Event: 9.532 GC heap before
{Heap before GC invocations=10 (full 1):
 PSYoungGen      total 26112K, used 25714K [0x00000000d5580000, 0x00000000d7480000, 0x0000000100000000)
  eden space 24064K, 100% used [0x00000000d5580000,0x00000000d6d00000,0x00000000d6d00000)
  from space 2048K, 80% used [0x00000000d7280000,0x00000000d741cbb0,0x00000000d7480000)
  to   space 3072K, 0% used [0x00000000d6e80000,0x00000000d6e80000,0x00000000d7180000)
 ParOldGen       total 68608K, used 13237K [0x0000000080000000, 0x0000000084300000, 0x00000000d5580000)
  object space 68608K, 19% used [0x0000000080000000,0x0000000080ced770,0x0000000084300000)
 Metaspace       used 26304K, committed 27328K, reserved 1114112K
  class space    used 2648K, committed 3072K, reserved 1048576K
}
Event: 9.534 GC heap after
{Heap after GC invocations=10 (full 1):
 PSYoungGen      total 25088K, used 1198K [0x00000000d5580000, 0x00000000d7300000, 0x0000000100000000)
  eden space 23552K, 0% used [0x00000000d5580000,0x00000000d5580000,0x00000000d6c80000)
  from space 1536K, 78% used [0x00000000d6e80000,0x00000000d6fab920,0x00000000d7000000)
  to   space 2048K, 0% used [0x00000000d7100000,0x00000000d7100000,0x00000000d7300000)
 ParOldGen       total 68608K, used 13245K [0x0000000080000000, 0x0000000084300000, 0x00000000d5580000)
  object space 68608K, 19% used [0x0000000080000000,0x0000000080cef770,0x0000000084300000)
 Metaspace       used 26304K, committed 27328K, reserved 1114112K
  class space    used 2648K, committed 3072K, reserved 1048576K
}
Event: 9.767 GC heap before
{Heap before GC invocations=11 (full 1):
 PSYoungGen      total 25088K, used 24750K [0x00000000d5580000, 0x00000000d7300000, 0x0000000100000000)
  eden space 23552K, 100% used [0x00000000d5580000,0x00000000d6c80000,0x00000000d6c80000)
  from space 1536K, 78% used [0x00000000d6e80000,0x00000000d6fab920,0x00000000d7000000)
  to   space 2048K, 0% used [0x00000000d7100000,0x00000000d7100000,0x00000000d7300000)
 ParOldGen       total 68608K, used 13245K [0x0000000080000000, 0x0000000084300000, 0x00000000d5580000)
  object space 68608K, 19% used [0x0000000080000000,0x0000000080cef770,0x0000000084300000)
 Metaspace       used 27998K, committed 29056K, reserved 1114112K
  class space    used 2771K, committed 3200K, reserved 1048576K
}
Event: 9.769 GC heap after
{Heap after GC invocations=11 (full 1):
 PSYoungGen      total 25088K, used 1851K [0x00000000d5580000, 0x00000000d7300000, 0x0000000100000000)
  eden space 23040K, 0% used [0x00000000d5580000,0x00000000d5580000,0x00000000d6c00000)
  from space 2048K, 90% used [0x00000000d7100000,0x00000000d72ceda0,0x00000000d7300000)
  to   space 2048K, 0% used [0x00000000d6f00000,0x00000000d6f00000,0x00000000d7100000)
 ParOldGen       total 68608K, used 14912K [0x0000000080000000, 0x0000000084300000, 0x00000000d5580000)
  object space 68608K, 21% used [0x0000000080000000,0x0000000080e90090,0x0000000084300000)
 Metaspace       used 27998K, committed 29056K, reserved 1114112K
  class space    used 2771K, committed 3200K, reserved 1048576K
}
Event: 10.204 GC heap before
{Heap before GC invocations=12 (full 1):
 PSYoungGen      total 25088K, used 24861K [0x00000000d5580000, 0x00000000d7300000, 0x0000000100000000)
  eden space 23040K, 99% used [0x00000000d5580000,0x00000000d6bf8960,0x00000000d6c00000)
  from space 2048K, 90% used [0x00000000d7100000,0x00000000d72ceda0,0x00000000d7300000)
  to   space 2048K, 0% used [0x00000000d6f00000,0x00000000d6f00000,0x00000000d7100000)
 ParOldGen       total 68608K, used 14912K [0x0000000080000000, 0x0000000084300000, 0x00000000d5580000)
  object space 68608K, 21% used [0x0000000080000000,0x0000000080e90090,0x0000000084300000)
 Metaspace       used 31134K, committed 32320K, reserved 1114112K
  class space    used 3139K, committed 3648K, reserved 1048576K
}
Event: 10.208 GC heap after
{Heap after GC invocations=12 (full 1):
 PSYoungGen      total 24064K, used 1501K [0x00000000d5580000, 0x00000000d7180000, 0x0000000100000000)
  eden space 22528K, 0% used [0x00000000d5580000,0x00000000d5580000,0x00000000d6b80000)
  from space 1536K, 97% used [0x00000000d6f00000,0x00000000d70776f0,0x00000000d7080000)
  to   space 1024K, 0% used [0x00000000d7080000,0x00000000d7080000,0x00000000d7180000)
 ParOldGen       total 68608K, used 16683K [0x0000000080000000, 0x0000000084300000, 0x00000000d5580000)
  object space 68608K, 24% used [0x0000000080000000,0x000000008104adc0,0x0000000084300000)
 Metaspace       used 31134K, committed 32320K, reserved 1114112K
  class space    used 3139K, committed 3648K, reserved 1048576K
}
Event: 10.377 GC heap before
{Heap before GC invocations=13 (full 1):
 PSYoungGen      total 24064K, used 24027K [0x00000000d5580000, 0x00000000d7180000, 0x0000000100000000)
  eden space 22528K, 99% used [0x00000000d5580000,0x00000000d6b7f678,0x00000000d6b80000)
  from space 1536K, 97% used [0x00000000d6f00000,0x00000000d70776f0,0x00000000d7080000)
  to   space 1024K, 0% used [0x00000000d7080000,0x00000000d7080000,0x00000000d7180000)
 ParOldGen       total 68608K, used 16683K [0x0000000080000000, 0x0000000084300000, 0x00000000d5580000)
  object space 68608K, 24% used [0x0000000080000000,0x000000008104adc0,0x0000000084300000)
 Metaspace       used 34096K, committed 35328K, reserved 1114112K
  class space    used 3508K, committed 4032K, reserved 1048576K
}
Event: 10.381 GC heap after
{Heap after GC invocations=13 (full 1):
 PSYoungGen      total 23040K, used 1023K [0x00000000d5580000, 0x00000000d7180000, 0x0000000100000000)
  eden space 22016K, 0% used [0x00000000d5580000,0x00000000d5580000,0x00000000d6b00000)
  from space 1024K, 99% used [0x00000000d7080000,0x00000000d717fe90,0x00000000d7180000)
  to   space 3072K, 0% used [0x00000000d6b80000,0x00000000d6b80000,0x00000000d6e80000)
 ParOldGen       total 68608K, used 18424K [0x0000000080000000, 0x0000000084300000, 0x00000000d5580000)
  object space 68608K, 26% used [0x0000000080000000,0x00000000811fe120,0x0000000084300000)
 Metaspace       used 34096K, committed 35328K, reserved 1114112K
  class space    used 3508K, committed 4032K, reserved 1048576K
}
Event: 10.447 GC heap before
{Heap before GC invocations=14 (full 1):
 PSYoungGen      total 23040K, used 6807K [0x00000000d5580000, 0x00000000d7180000, 0x0000000100000000)
  eden space 22016K, 26% used [0x00000000d5580000,0x00000000d5b26100,0x00000000d6b00000)
  from space 1024K, 99% used [0x00000000d7080000,0x00000000d717fe90,0x00000000d7180000)
  to   space 3072K, 0% used [0x00000000d6b80000,0x00000000d6b80000,0x00000000d6e80000)
 ParOldGen       total 68608K, used 18424K [0x0000000080000000, 0x0000000084300000, 0x00000000d5580000)
  object space 68608K, 26% used [0x0000000080000000,0x00000000811fe120,0x0000000084300000)
 Metaspace       used 34702K, committed 35904K, reserved 1114112K
  class space    used 3589K, committed 4096K, reserved 1048576K
}
Event: 10.449 GC heap after
{Heap after GC invocations=14 (full 1):
 PSYoungGen      total 25088K, used 1216K [0x00000000d5580000, 0x00000000d7100000, 0x0000000100000000)
  eden space 22016K, 0% used [0x00000000d5580000,0x00000000d5580000,0x00000000d6b00000)
  from space 3072K, 39% used [0x00000000d6b80000,0x00000000d6cb0000,0x00000000d6e80000)
  to   space 2048K, 0% used [0x00000000d6f00000,0x00000000d6f00000,0x00000000d7100000)
 ParOldGen       total 68608K, used 19324K [0x0000000080000000, 0x0000000084300000, 0x00000000d5580000)
  object space 68608K, 28% used [0x0000000080000000,0x00000000812df288,0x0000000084300000)
 Metaspace       used 34702K, committed 35904K, reserved 1114112K
  class space    used 3589K, committed 4096K, reserved 1048576K
}
Event: 10.474 GC heap before
{Heap before GC invocations=15 (full 1):
 PSYoungGen      total 25088K, used 4404K [0x00000000d5580000, 0x00000000d7100000, 0x0000000100000000)
  eden space 22016K, 14% used [0x00000000d5580000,0x00000000d589d098,0x00000000d6b00000)
  from space 3072K, 39% used [0x00000000d6b80000,0x00000000d6cb0000,0x00000000d6e80000)
  to   space 2048K, 0% used [0x00000000d6f00000,0x00000000d6f00000,0x00000000d7100000)
 ParOldGen       total 68608K, used 19324K [0x0000000080000000, 0x0000000084300000, 0x00000000d5580000)
  object space 68608K, 28% used [0x0000000080000000,0x00000000812df288,0x0000000084300000)
 Metaspace       used 35053K, committed 36160K, reserved 1114112K
  class space    used 3639K, committed 4096K, reserved 1048576K
}
Event: 10.476 GC heap after
{Heap after GC invocations=15 (full 1):
 PSYoungGen      total 23040K, used 544K [0x00000000d5580000, 0x00000000d7000000, 0x0000000100000000)
  eden space 22016K, 0% used [0x00000000d5580000,0x00000000d5580000,0x00000000d6b00000)
  from space 1024K, 53% used [0x00000000d6f00000,0x00000000d6f88000,0x00000000d7000000)
  to   space 1024K, 0% used [0x00000000d6e00000,0x00000000d6e00000,0x00000000d6f00000)
 ParOldGen       total 68608K, used 20380K [0x0000000080000000, 0x0000000084300000, 0x00000000d5580000)
  object space 68608K, 29% used [0x0000000080000000,0x00000000813e7288,0x0000000084300000)
 Metaspace       used 35053K, committed 36160K, reserved 1114112K
  class space    used 3639K, committed 4096K, reserved 1048576K
}
Event: 10.476 GC heap before
{Heap before GC invocations=16 (full 2):
 PSYoungGen      total 23040K, used 544K [0x00000000d5580000, 0x00000000d7000000, 0x0000000100000000)
  eden space 22016K, 0% used [0x00000000d5580000,0x00000000d5580000,0x00000000d6b00000)
  from space 1024K, 53% used [0x00000000d6f00000,0x00000000d6f88000,0x00000000d7000000)
  to   space 1024K, 0% used [0x00000000d6e00000,0x00000000d6e00000,0x00000000d6f00000)
 ParOldGen       total 68608K, used 20380K [0x0000000080000000, 0x0000000084300000, 0x00000000d5580000)
  object space 68608K, 29% used [0x0000000080000000,0x00000000813e7288,0x0000000084300000)
 Metaspace       used 35053K, committed 36160K, reserved 1114112K
  class space    used 3639K, committed 4096K, reserved 1048576K
}
Event: 10.515 GC heap after
{Heap after GC invocations=16 (full 2):
 PSYoungGen      total 23040K, used 0K [0x00000000d5580000, 0x00000000d7000000, 0x0000000100000000)
  eden space 22016K, 0% used [0x00000000d5580000,0x00000000d5580000,0x00000000d6b00000)
  from space 1024K, 0% used [0x00000000d6f00000,0x00000000d6f00000,0x00000000d7000000)
  to   space 1024K, 0% used [0x00000000d6e00000,0x00000000d6e00000,0x00000000d6f00000)
 ParOldGen       total 68608K, used 19598K [0x0000000080000000, 0x0000000084300000, 0x00000000d5580000)
  object space 68608K, 28% used [0x0000000080000000,0x00000000813238c8,0x0000000084300000)
 Metaspace       used 35053K, committed 36160K, reserved 1114112K
  class space    used 3639K, committed 4096K, reserved 1048576K
}
Event: 10.676 GC heap before
{Heap before GC invocations=17 (full 2):
 PSYoungGen      total 23040K, used 22016K [0x00000000d5580000, 0x00000000d7000000, 0x0000000100000000)
  eden space 22016K, 100% used [0x00000000d5580000,0x00000000d6b00000,0x00000000d6b00000)
  from space 1024K, 0% used [0x00000000d6f00000,0x00000000d6f00000,0x00000000d7000000)
  to   space 1024K, 0% used [0x00000000d6e00000,0x00000000d6e00000,0x00000000d6f00000)
 ParOldGen       total 68608K, used 19598K [0x0000000080000000, 0x0000000084300000, 0x00000000d5580000)
  object space 68608K, 28% used [0x0000000080000000,0x00000000813238c8,0x0000000084300000)
 Metaspace       used 36609K, committed 37824K, reserved 1114112K
  class space    used 3866K, committed 4352K, reserved 1048576K
}
Event: 10.677 GC heap after
{Heap after GC invocations=17 (full 2):
 PSYoungGen      total 23040K, used 1005K [0x00000000d5580000, 0x00000000d6f80000, 0x0000000100000000)
  eden space 22016K, 0% used [0x00000000d5580000,0x00000000d5580000,0x00000000d6b00000)
  from space 1024K, 98% used [0x00000000d6e00000,0x00000000d6efb6a0,0x00000000d6f00000)
  to   space 512K, 0% used [0x00000000d6f00000,0x00000000d6f00000,0x00000000d6f80000)
 ParOldGen       total 68608K, used 19654K [0x0000000080000000, 0x0000000084300000, 0x00000000d5580000)
  object space 68608K, 28% used [0x0000000080000000,0x00000000813318c8,0x0000000084300000)
 Metaspace       used 36609K, committed 37824K, reserved 1114112K
  class space    used 3866K, committed 4352K, reserved 1048576K
}
Event: 10.858 GC heap before
{Heap before GC invocations=18 (full 2):
 PSYoungGen      total 23040K, used 23001K [0x00000000d5580000, 0x00000000d6f80000, 0x0000000100000000)
  eden space 22016K, 99% used [0x00000000d5580000,0x00000000d6afae30,0x00000000d6b00000)
  from space 1024K, 98% used [0x00000000d6e00000,0x00000000d6efb6a0,0x00000000d6f00000)
  to   space 512K, 0% used [0x00000000d6f00000,0x00000000d6f00000,0x00000000d6f80000)
 ParOldGen       total 68608K, used 19654K [0x0000000080000000, 0x0000000084300000, 0x00000000d5580000)
  object space 68608K, 28% used [0x0000000080000000,0x00000000813318c8,0x0000000084300000)
 Metaspace       used 38832K, committed 40064K, reserved 1114112K
  class space    used 4120K, committed 4672K, reserved 1048576K
}
Event: 10.862 GC heap after
{Heap after GC invocations=18 (full 2):
 PSYoungGen      total 22528K, used 492K [0x00000000d5580000, 0x00000000d7000000, 0x0000000100000000)
  eden space 22016K, 0% used [0x00000000d5580000,0x00000000d5580000,0x00000000d6b00000)
  from space 512K, 96% used [0x00000000d6f00000,0x00000000d6f7b218,0x00000000d6f80000)
  to   space 2560K, 0% used [0x00000000d6b00000,0x00000000d6b00000,0x00000000d6d80000)
 ParOldGen       total 68608K, used 21291K [0x0000000080000000, 0x0000000084300000, 0x00000000d5580000)
  object space 68608K, 31% used [0x0000000080000000,0x00000000814caca8,0x0000000084300000)
 Metaspace       used 38832K, committed 40064K, reserved 1114112K
  class space    used 4120K, committed 4672K, reserved 1048576K
}

