# JRE version: OpenJDK Runtime Environment Temurin-21.0.10+7 (21.0.10+7) (build 21.0.10+7-LTS)
# Java VM: OpenJDK 64-Bit Server VM Temurin-21.0.10+7 (21.0.10+7-LTS, mixed mode, sharing, tiered, compressed oops, compressed class ptrs, parallel gc, windows-amd64)
GC Precious Log:
 CardTable entry size: 512
 CPUs: 8 total, 8 available
 Memory: 3767M
 Large Page Support: Disabled
 NUMA Support: Disabled
 Compressed Oops: Enabled (32-bit)
 Alignments: Space 512K, Generation 512K, Heap 2M
 Heap Min Capacity: 100M
 Heap Initial Capacity: 100M
 Heap Max Capacity: 2G
 Pre-touch: Disabled
 Parallel Workers: 8
Heap:
 PSYoungGen      total 16384K, used 7714K [0x00000000d5580000, 0x00000000d6e80000, 0x0000000100000000)
  eden space 14336K, 41% used [0x00000000d5580000,0x00000000d5b5b468,0x00000000d6380000)
  from space 2048K, 83% used [0x00000000d6c80000,0x00000000d6e2d438,0x00000000d6e80000)
  to   space 2048K, 0% used [0x00000000d6a80000,0x00000000d6a80000,0x00000000d6c80000)
 ParOldGen       total 160256K, used 160193K [0x0000000080000000, 0x0000000089c80000, 0x00000000d5580000)
  object space 160256K, 99% used [0x0000000080000000,0x0000000089c704b0,0x0000000089c80000)
 Metaspace       used 67553K, committed 69056K, reserved 1114112K
  class space    used 6950K, committed 7616K, reserved 1048576K
GC Heap History (20 events):
Event: 769.687 GC heap before
{Heap before GC invocations=98 (full 3):
 PSYoungGen      total 14848K, used 14768K [0x00000000d5580000, 0x00000000d6a00000, 0x0000000100000000)
  eden space 14336K, 100% used [0x00000000d5580000,0x00000000d6380000,0x00000000d6380000)
  from space 512K, 84% used [0x00000000d6980000,0x00000000d69ec010,0x00000000d6a00000)
  to   space 1024K, 0% used [0x00000000d6800000,0x00000000d6800000,0x00000000d6900000)
 ParOldGen       total 77312K, used 77008K [0x0000000080000000, 0x0000000084b80000, 0x00000000d5580000)
  object space 77312K, 99% used [0x0000000080000000,0x0000000084b343e0,0x0000000084b80000)
 Metaspace       used 66059K, committed 67584K, reserved 1114112K
  class space    used 6830K, committed 7488K, reserved 1048576K
}
Event: 769.689 GC heap after
{Heap after GC invocations=98 (full 3):
 PSYoungGen      total 15360K, used 1024K [0x00000000d5580000, 0x00000000d6a00000, 0x0000000100000000)
  eden space 14336K, 0% used [0x00000000d5580000,0x00000000d5580000,0x00000000d6380000)
  from space 1024K, 100% used [0x00000000d6800000,0x00000000d6900000,0x00000000d6900000)
  to   space 1024K, 0% used [0x00000000d6900000,0x00000000d6900000,0x00000000d6a00000)
 ParOldGen       total 78336K, used 77844K [0x0000000080000000, 0x0000000084c80000, 0x00000000d5580000)
  object space 78336K, 99% used [0x0000000080000000,0x0000000084c053f0,0x0000000084c80000)
 Metaspace       used 66059K, committed 67584K, reserved 1114112K
  class space    used 6830K, committed 7488K, reserved 1048576K
}
Event: 772.512 GC heap before
{Heap before GC invocations=99 (full 3):
 PSYoungGen      total 15360K, used 15360K [0x00000000d5580000, 0x00000000d6a00000, 0x0000000100000000)
  eden space 14336K, 100% used [0x00000000d5580000,0x00000000d6380000,0x00000000d6380000)
  from space 1024K, 100% used [0x00000000d6800000,0x00000000d6900000,0x00000000d6900000)
  to   space 1024K, 0% used [0x00000000d6900000,0x00000000d6900000,0x00000000d6a00000)
 ParOldGen       total 110080K, used 108565K [0x0000000080000000, 0x0000000086b80000, 0x00000000d5580000)
  object space 110080K, 98% used [0x0000000080000000,0x0000000086a05420,0x0000000086b80000)
 Metaspace       used 66791K, committed 68416K, reserved 1114112K
  class space    used 6912K, committed 7616K, reserved 1048576K
}
Event: 772.514 GC heap after
{Heap after GC invocations=99 (full 3):
 PSYoungGen      total 15360K, used 1017K [0x00000000d5580000, 0x00000000d6a00000, 0x0000000100000000)
  eden space 14336K, 0% used [0x00000000d5580000,0x00000000d5580000,0x00000000d6380000)
  from space 1024K, 99% used [0x00000000d6900000,0x00000000d69fe520,0x00000000d6a00000)
  to   space 2560K, 0% used [0x00000000d6500000,0x00000000d6500000,0x00000000d6780000)
 ParOldGen       total 110080K, used 109681K [0x0000000080000000, 0x0000000086b80000, 0x00000000d5580000)
  object space 110080K, 99% used [0x0000000080000000,0x0000000086b1c460,0x0000000086b80000)
 Metaspace       used 66791K, committed 68416K, reserved 1114112K
  class space    used 6912K, committed 7616K, reserved 1048576K
}
Event: 772.600 GC heap before
{Heap before GC invocations=100 (full 3):
 PSYoungGen      total 15360K, used 15353K [0x00000000d5580000, 0x00000000d6a00000, 0x0000000100000000)
  eden space 14336K, 100% used [0x00000000d5580000,0x00000000d6380000,0x00000000d6380000)
  from space 1024K, 99% used [0x00000000d6900000,0x00000000d69fe520,0x00000000d6a00000)
  to   space 2560K, 0% used [0x00000000d6500000,0x00000000d6500000,0x00000000d6780000)
 ParOldGen       total 110080K, used 109681K [0x0000000080000000, 0x0000000086b80000, 0x00000000d5580000)
  object space 110080K, 99% used [0x0000000080000000,0x0000000086b1c460,0x0000000086b80000)
 Metaspace       used 66850K, committed 68480K, reserved 1114112K
  class space    used 6913K, committed 7616K, reserved 1048576K
}
Event: 772.603 GC heap after
{Heap after GC invocations=100 (full 3):
 PSYoungGen      total 16896K, used 1947K [0x00000000d5580000, 0x00000000d6980000, 0x0000000100000000)
  eden space 14336K, 0% used [0x00000000d5580000,0x00000000d5580000,0x00000000d6380000)
  from space 2560K, 76% used [0x00000000d6500000,0x00000000d66e6f00,0x00000000d6780000)
  to   space 2048K, 0% used [0x00000000d6780000,0x00000000d6780000,0x00000000d6980000)
 ParOldGen       total 111104K, used 110681K [0x0000000080000000, 0x0000000086c80000, 0x00000000d5580000)
  object space 111104K, 99% used [0x0000000080000000,0x0000000086c166e8,0x0000000086c80000)
 Metaspace       used 66850K, committed 68480K, reserved 1114112K
  class space    used 6913K, committed 7616K, reserved 1048576K
}
Event: 788.929 GC heap before
{Heap before GC invocations=101 (full 3):
 PSYoungGen      total 16896K, used 16283K [0x00000000d5580000, 0x00000000d6980000, 0x0000000100000000)
  eden space 14336K, 100% used [0x00000000d5580000,0x00000000d6380000,0x00000000d6380000)
  from space 2560K, 76% used [0x00000000d6500000,0x00000000d66e6f00,0x00000000d6780000)
  to   space 2048K, 0% used [0x00000000d6780000,0x00000000d6780000,0x00000000d6980000)
 ParOldGen       total 111104K, used 110681K [0x0000000080000000, 0x0000000086c80000, 0x00000000d5580000)
  object space 111104K, 99% used [0x0000000080000000,0x0000000086c166e8,0x0000000086c80000)
 Metaspace       used 66922K, committed 68544K, reserved 1114112K
  class space    used 6915K, committed 7616K, reserved 1048576K
}
Event: 788.969 GC heap after
{Heap after GC invocations=101 (full 3):
 PSYoungGen      total 14848K, used 288K [0x00000000d5580000, 0x00000000d6800000, 0x0000000100000000)
  eden space 14336K, 0% used [0x00000000d5580000,0x00000000d5580000,0x00000000d6380000)
  from space 512K, 56% used [0x00000000d6780000,0x00000000d67c8218,0x00000000d6800000)
  to   space 1024K, 0% used [0x00000000d6600000,0x00000000d6600000,0x00000000d6700000)
 ParOldGen       total 112128K, used 111906K [0x0000000080000000, 0x0000000086d80000, 0x00000000d5580000)
  object space 112128K, 99% used [0x0000000080000000,0x0000000086d48808,0x0000000086d80000)
 Metaspace       used 66922K, committed 68544K, reserved 1114112K
  class space    used 6915K, committed 7616K, reserved 1048576K
}
Event: 789.313 GC heap before
{Heap before GC invocations=102 (full 3):
 PSYoungGen      total 14848K, used 14624K [0x00000000d5580000, 0x00000000d6800000, 0x0000000100000000)
  eden space 14336K, 100% used [0x00000000d5580000,0x00000000d6380000,0x00000000d6380000)
  from space 512K, 56% used [0x00000000d6780000,0x00000000d67c8218,0x00000000d6800000)
  to   space 1024K, 0% used [0x00000000d6600000,0x00000000d6600000,0x00000000d6700000)
 ParOldGen       total 112128K, used 111906K [0x0000000080000000, 0x0000000086d80000, 0x00000000d5580000)
  object space 112128K, 99% used [0x0000000080000000,0x0000000086d48808,0x0000000086d80000)
 Metaspace       used 66973K, committed 68544K, reserved 1114112K
  class space    used 6916K, committed 7616K, reserved 1048576K
}
Event: 789.324 GC heap after
{Heap after GC invocations=102 (full 3):
 PSYoungGen      total 15360K, used 1006K [0x00000000d5580000, 0x00000000d7d80000, 0x0000000100000000)
  eden space 14336K, 0% used [0x00000000d5580000,0x00000000d5580000,0x00000000d6380000)
  from space 1024K, 98% used [0x00000000d6600000,0x00000000d66fb938,0x00000000d6700000)
  to   space 13312K, 0% used [0x00000000d7080000,0x00000000d7080000,0x00000000d7d80000)
 ParOldGen       total 122368K, used 121875K [0x0000000080000000, 0x0000000087780000, 0x00000000d5580000)
  object space 122368K, 99% used [0x0000000080000000,0x0000000087704fd0,0x0000000087780000)
 Metaspace       used 66973K, committed 68544K, reserved 1114112K
  class space    used 6916K, committed 7616K, reserved 1048576K
}
Event: 789.528 GC heap before
{Heap before GC invocations=103 (full 3):
 PSYoungGen      total 15360K, used 15342K [0x00000000d5580000, 0x00000000d7d80000, 0x0000000100000000)
  eden space 14336K, 100% used [0x00000000d5580000,0x00000000d6380000,0x00000000d6380000)
  from space 1024K, 98% used [0x00000000d6600000,0x00000000d66fb938,0x00000000d6700000)
  to   space 13312K, 0% used [0x00000000d7080000,0x00000000d7080000,0x00000000d7d80000)
 ParOldGen       total 122368K, used 121875K [0x0000000080000000, 0x0000000087780000, 0x00000000d5580000)
  object space 122368K, 99% used [0x0000000080000000,0x0000000087704fd0,0x0000000087780000)
 Metaspace       used 66978K, committed 68544K, reserved 1114112K
  class space    used 6916K, committed 7616K, reserved 1048576K
}
Event: 789.533 GC heap after
{Heap after GC invocations=103 (full 3):
 PSYoungGen      total 21504K, used 6738K [0x00000000d5580000, 0x00000000d7780000, 0x0000000100000000)
  eden space 14336K, 0% used [0x00000000d5580000,0x00000000d5580000,0x00000000d6380000)
  from space 7168K, 94% used [0x00000000d7080000,0x00000000d7714b10,0x00000000d7780000)
  to   space 8704K, 0% used [0x00000000d6680000,0x00000000d6680000,0x00000000d6f00000)
 ParOldGen       total 123392K, used 122895K [0x0000000080000000, 0x0000000087880000, 0x00000000d5580000)
  object space 123392K, 99% used [0x0000000080000000,0x0000000087803c18,0x0000000087880000)
 Metaspace       used 66978K, committed 68544K, reserved 1114112K
  class space    used 6916K, committed 7616K, reserved 1048576K
}
Event: 789.774 GC heap before
{Heap before GC invocations=104 (full 3):
 PSYoungGen      total 21504K, used 21074K [0x00000000d5580000, 0x00000000d7780000, 0x0000000100000000)
  eden space 14336K, 100% used [0x00000000d5580000,0x00000000d6380000,0x00000000d6380000)
  from space 7168K, 94% used [0x00000000d7080000,0x00000000d7714b10,0x00000000d7780000)
  to   space 8704K, 0% used [0x00000000d6680000,0x00000000d6680000,0x00000000d6f00000)
 ParOldGen       total 123392K, used 122895K [0x0000000080000000, 0x0000000087880000, 0x00000000d5580000)
  object space 123392K, 99% used [0x0000000080000000,0x0000000087803c18,0x0000000087880000)
 Metaspace       used 66990K, committed 68544K, reserved 1114112K
  class space    used 6916K, committed 7616K, reserved 1048576K
}
Event: 789.783 GC heap after
{Heap after GC invocations=104 (full 3):
 PSYoungGen      total 22016K, used 7536K [0x00000000d5580000, 0x00000000d7380000, 0x0000000100000000)
  eden space 14336K, 0% used [0x00000000d5580000,0x00000000d5580000,0x00000000d6380000)
  from space 7680K, 98% used [0x00000000d6680000,0x00000000d6ddc000,0x00000000d6e00000)
  to   space 5632K, 0% used [0x00000000d6e00000,0x00000000d6e00000,0x00000000d7380000)
 ParOldGen       total 129536K, used 129507K [0x0000000080000000, 0x0000000087e80000, 0x00000000d5580000)
  object space 129536K, 99% used [0x0000000080000000,0x0000000087e78e40,0x0000000087e80000)
 Metaspace       used 66990K, committed 68544K, reserved 1114112K
  class space    used 6916K, committed 7616K, reserved 1048576K
}
Event: 791.852 GC heap before
{Heap before GC invocations=105 (full 3):
 PSYoungGen      total 22016K, used 21872K [0x00000000d5580000, 0x00000000d7380000, 0x0000000100000000)
  eden space 14336K, 100% used [0x00000000d5580000,0x00000000d6380000,0x00000000d6380000)
  from space 7680K, 98% used [0x00000000d6680000,0x00000000d6ddc000,0x00000000d6e00000)
  to   space 5632K, 0% used [0x00000000d6e00000,0x00000000d6e00000,0x00000000d7380000)
 ParOldGen       total 153088K, used 152547K [0x0000000080000000, 0x0000000089580000, 0x00000000d5580000)
  object space 153088K, 99% used [0x0000000080000000,0x00000000894f8e60,0x0000000089580000)
 Metaspace       used 67103K, committed 68672K, reserved 1114112K
  class space    used 6919K, committed 7616K, reserved 1048576K
}
Event: 791.859 GC heap after
{Heap after GC invocations=105 (full 3):
 PSYoungGen      total 15872K, used 1302K [0x00000000d5580000, 0x00000000d6f80000, 0x0000000100000000)
  eden space 14336K, 0% used [0x00000000d5580000,0x00000000d5580000,0x00000000d6380000)
  from space 1536K, 84% used [0x00000000d6e00000,0x00000000d6f45848,0x00000000d6f80000)
  to   space 4096K, 0% used [0x00000000d6780000,0x00000000d6780000,0x00000000d6b80000)
 ParOldGen       total 159744K, used 159235K [0x0000000080000000, 0x0000000089c00000, 0x00000000d5580000)
  object space 159744K, 99% used [0x0000000080000000,0x0000000089b80e60,0x0000000089c00000)
 Metaspace       used 67103K, committed 68672K, reserved 1114112K
  class space    used 6919K, committed 7616K, reserved 1048576K
}
Event: 794.758 GC heap before
{Heap before GC invocations=106 (full 3):
 PSYoungGen      total 15872K, used 15638K [0x00000000d5580000, 0x00000000d6f80000, 0x0000000100000000)
  eden space 14336K, 100% used [0x00000000d5580000,0x00000000d6380000,0x00000000d6380000)
  from space 1536K, 84% used [0x00000000d6e00000,0x00000000d6f45848,0x00000000d6f80000)
  to   space 4096K, 0% used [0x00000000d6780000,0x00000000d6780000,0x00000000d6b80000)
 ParOldGen       total 159744K, used 159235K [0x0000000080000000, 0x0000000089c00000, 0x00000000d5580000)
  object space 159744K, 99% used [0x0000000080000000,0x0000000089b80e60,0x0000000089c00000)
 Metaspace       used 67176K, committed 68736K, reserved 1114112K
  class space    used 6921K, committed 7616K, reserved 1048576K
}
Event: 794.761 GC heap after
{Heap after GC invocations=106 (full 3):
 PSYoungGen      total 18432K, used 1525K [0x00000000d5580000, 0x00000000d6e80000, 0x0000000100000000)
  eden space 14336K, 0% used [0x00000000d5580000,0x00000000d5580000,0x00000000d6380000)
  from space 4096K, 37% used [0x00000000d6780000,0x00000000d68fd458,0x00000000d6b80000)
  to   space 2048K, 0% used [0x00000000d6c80000,0x00000000d6c80000,0x00000000d6e80000)
 ParOldGen       total 160256K, used 160029K [0x0000000080000000, 0x0000000089c80000, 0x00000000d5580000)
  object space 160256K, 99% used [0x0000000080000000,0x0000000089c47658,0x0000000089c80000)
 Metaspace       used 67176K, committed 68736K, reserved 1114112K
  class space    used 6921K, committed 7616K, reserved 1048576K
}
Event: 795.559 GC heap before
{Heap before GC invocations=107 (full 3):
 PSYoungGen      total 18432K, used 15861K [0x00000000d5580000, 0x00000000d6e80000, 0x0000000100000000)
  eden space 14336K, 100% used [0x00000000d5580000,0x00000000d6380000,0x00000000d6380000)
  from space 4096K, 37% used [0x00000000d6780000,0x00000000d68fd458,0x00000000d6b80000)
  to   space 2048K, 0% used [0x00000000d6c80000,0x00000000d6c80000,0x00000000d6e80000)
 ParOldGen       total 160256K, used 160029K [0x0000000080000000, 0x0000000089c80000, 0x00000000d5580000)
  object space 160256K, 99% used [0x0000000080000000,0x0000000089c47658,0x0000000089c80000)
 Metaspace       used 67228K, committed 68800K, reserved 1114112K
  class space    used 6922K, committed 7616K, reserved 1048576K
}
Event: 795.580 GC heap after
{Heap after GC invocations=107 (full 3):
 PSYoungGen      total 16384K, used 1717K [0x00000000d5580000, 0x00000000d6e80000, 0x0000000100000000)
  eden space 14336K, 0% used [0x00000000d5580000,0x00000000d5580000,0x00000000d6380000)
  from space 2048K, 83% used [0x00000000d6c80000,0x00000000d6e2d438,0x00000000d6e80000)
  to   space 2048K, 0% used [0x00000000d6a80000,0x00000000d6a80000,0x00000000d6c80000)
 ParOldGen       total 160256K, used 160193K [0x0000000080000000, 0x0000000089c80000, 0x00000000d5580000)
  object space 160256K, 99% used [0x0000000080000000,0x0000000089c704b0,0x0000000089c80000)
 Metaspace       used 67228K, committed 68800K, reserved 1114112K
  class space    used 6922K, committed 7616K, reserved 1048576K
}

