# JRE version: OpenJDK Runtime Environment Temurin-21.0.10+7 (21.0.10+7) (build 21.0.10+7-LTS)
# Java VM: OpenJDK 64-Bit Server VM Temurin-21.0.10+7 (21.0.10+7-LTS, mixed mode, sharing, tiered, compressed oops, compressed class ptrs, parallel gc, windows-amd64)
GC Precious Log:
 CardTable entry size: 512
 CPUs: 8 total, 8 available
 Memory: 3767M
 Large Page Support: Disabled
 NUMA Support: Disabled
 Compressed Oops: Enabled (32-bit)
 Alignments: Space 512K, Generation 512K, Heap 2M
 Heap Min Capacity: 100M
 Heap Initial Capacity: 100M
 Heap Max Capacity: 2G
 Pre-touch: Disabled
 Parallel Workers: 8
Heap:
 PSYoungGen      total 16896K, used 8681K [0x00000000d5580000, 0x00000000d6880000, 0x0000000100000000)
  eden space 16384K, 49% used [0x00000000d5580000,0x00000000d5d7a670,0x00000000d6580000)
  from space 512K, 99% used [0x00000000d6780000,0x00000000d67fff50,0x00000000d6800000)
  to   space 1536K, 0% used [0x00000000d6580000,0x00000000d6580000,0x00000000d6700000)
 ParOldGen       total 68608K, used 51444K [0x0000000080000000, 0x0000000084300000, 0x00000000d5580000)
  object space 68608K, 74% used [0x0000000080000000,0x000000008323d288,0x0000000084300000)
 Metaspace       used 57703K, committed 59136K, reserved 1114112K
  class space    used 6174K, committed 6784K, reserved 1048576K
GC Heap History (20 events):
Event: 71.121 GC heap before
{Heap before GC invocations=35 (full 2):
 PSYoungGen      total 16896K, used 16823K [0x00000000d5580000, 0x00000000d6780000, 0x0000000100000000)
  eden space 16384K, 100% used [0x00000000d5580000,0x00000000d6580000,0x00000000d6580000)
  from space 512K, 85% used [0x00000000d6700000,0x00000000d676de78,0x00000000d6780000)
  to   space 512K, 0% used [0x00000000d6680000,0x00000000d6680000,0x00000000d6700000)
 ParOldGen       total 68608K, used 45349K [0x0000000080000000, 0x0000000084300000, 0x00000000d5580000)
  object space 68608K, 66% used [0x0000000080000000,0x0000000082c49438,0x0000000084300000)
 Metaspace       used 53268K, committed 54720K, reserved 1114112K
  class space    used 5761K, committed 6400K, reserved 1048576K
}
Event: 71.123 GC heap after
{Heap after GC invocations=35 (full 2):
 PSYoungGen      total 16896K, used 480K [0x00000000d5580000, 0x00000000d6980000, 0x0000000100000000)
  eden space 16384K, 0% used [0x00000000d5580000,0x00000000d5580000,0x00000000d6580000)
  from space 512K, 93% used [0x00000000d6680000,0x00000000d66f80e8,0x00000000d6700000)
  to   space 2048K, 0% used [0x00000000d6780000,0x00000000d6780000,0x00000000d6980000)
 ParOldGen       total 68608K, used 46598K [0x0000000080000000, 0x0000000084300000, 0x00000000d5580000)
  object space 68608K, 67% used [0x0000000080000000,0x0000000082d81b98,0x0000000084300000)
 Metaspace       used 53268K, committed 54720K, reserved 1114112K
  class space    used 5761K, committed 6400K, reserved 1048576K
}
Event: 71.240 GC heap before
{Heap before GC invocations=36 (full 2):
 PSYoungGen      total 16896K, used 16864K [0x00000000d5580000, 0x00000000d6980000, 0x0000000100000000)
  eden space 16384K, 100% used [0x00000000d5580000,0x00000000d6580000,0x00000000d6580000)
  from space 512K, 93% used [0x00000000d6680000,0x00000000d66f80e8,0x00000000d6700000)
  to   space 2048K, 0% used [0x00000000d6780000,0x00000000d6780000,0x00000000d6980000)
 ParOldGen       total 68608K, used 46598K [0x0000000080000000, 0x0000000084300000, 0x00000000d5580000)
  object space 68608K, 67% used [0x0000000080000000,0x0000000082d81b98,0x0000000084300000)
 Metaspace       used 53274K, committed 54720K, reserved 1114112K
  class space    used 5761K, committed 6400K, reserved 1048576K
}
Event: 71.242 GC heap after
{Heap after GC invocations=36 (full 2):
 PSYoungGen      total 17920K, used 1310K [0x00000000d5580000, 0x00000000d6900000, 0x0000000100000000)
  eden space 16384K, 0% used [0x00000000d5580000,0x00000000d5580000,0x00000000d6580000)
  from space 1536K, 85% used [0x00000000d6780000,0x00000000d68c7a90,0x00000000d6900000)
  to   space 1536K, 0% used [0x00000000d6600000,0x00000000d6600000,0x00000000d6780000)
 ParOldGen       total 68608K, used 46734K [0x0000000080000000, 0x0000000084300000, 0x00000000d5580000)
  object space 68608K, 68% used [0x0000000080000000,0x0000000082da3b98,0x0000000084300000)
 Metaspace       used 53274K, committed 54720K, reserved 1114112K
  class space    used 5761K, committed 6400K, reserved 1048576K
}
Event: 71.979 GC heap before
{Heap before GC invocations=37 (full 2):
 PSYoungGen      total 17920K, used 17694K [0x00000000d5580000, 0x00000000d6900000, 0x0000000100000000)
  eden space 16384K, 100% used [0x00000000d5580000,0x00000000d6580000,0x00000000d6580000)
  from space 1536K, 85% used [0x00000000d6780000,0x00000000d68c7a90,0x00000000d6900000)
  to   space 1536K, 0% used [0x00000000d6600000,0x00000000d6600000,0x00000000d6780000)
 ParOldGen       total 68608K, used 46734K [0x0000000080000000, 0x0000000084300000, 0x00000000d5580000)
  object space 68608K, 68% used [0x0000000080000000,0x0000000082da3b98,0x0000000084300000)
 Metaspace       used 55362K, committed 56768K, reserved 1114112K
  class space    used 5967K, committed 6592K, reserved 1048576K
}
Event: 71.981 GC heap after
{Heap after GC invocations=37 (full 2):
 PSYoungGen      total 16896K, used 416K [0x00000000d5580000, 0x00000000d6800000, 0x0000000100000000)
  eden space 16384K, 0% used [0x00000000d5580000,0x00000000d5580000,0x00000000d6580000)
  from space 512K, 81% used [0x00000000d6600000,0x00000000d6668000,0x00000000d6680000)
  to   space 1024K, 0% used [0x00000000d6700000,0x00000000d6700000,0x00000000d6800000)
 ParOldGen       total 68608K, used 46758K [0x0000000080000000, 0x0000000084300000, 0x00000000d5580000)
  object space 68608K, 68% used [0x0000000080000000,0x0000000082da9b98,0x0000000084300000)
 Metaspace       used 55362K, committed 56768K, reserved 1114112K
  class space    used 5967K, committed 6592K, reserved 1048576K
}
Event: 74.775 GC heap before
{Heap before GC invocations=38 (full 2):
 PSYoungGen      total 16896K, used 16800K [0x00000000d5580000, 0x00000000d6800000, 0x0000000100000000)
  eden space 16384K, 100% used [0x00000000d5580000,0x00000000d6580000,0x00000000d6580000)
  from space 512K, 81% used [0x00000000d6600000,0x00000000d6668000,0x00000000d6680000)
  to   space 1024K, 0% used [0x00000000d6700000,0x00000000d6700000,0x00000000d6800000)
 ParOldGen       total 68608K, used 46758K [0x0000000080000000, 0x0000000084300000, 0x00000000d5580000)
  object space 68608K, 68% used [0x0000000080000000,0x0000000082da9b98,0x0000000084300000)
 Metaspace       used 56199K, committed 57664K, reserved 1114112K
  class space    used 6030K, committed 6656K, reserved 1048576K
}
Event: 74.779 GC heap after
{Heap after GC invocations=38 (full 2):
 PSYoungGen      total 17408K, used 836K [0x00000000d5580000, 0x00000000d6800000, 0x0000000100000000)
  eden space 16384K, 0% used [0x00000000d5580000,0x00000000d5580000,0x00000000d6580000)
  from space 1024K, 81% used [0x00000000d6700000,0x00000000d67d1068,0x00000000d6800000)
  to   space 1024K, 0% used [0x00000000d6600000,0x00000000d6600000,0x00000000d6700000)
 ParOldGen       total 68608K, used 47015K [0x0000000080000000, 0x0000000084300000, 0x00000000d5580000)
  object space 68608K, 68% used [0x0000000080000000,0x0000000082de9d48,0x0000000084300000)
 Metaspace       used 56199K, committed 57664K, reserved 1114112K
  class space    used 6030K, committed 6656K, reserved 1048576K
}
Event: 75.374 GC heap before
{Heap before GC invocations=39 (full 2):
 PSYoungGen      total 17408K, used 17220K [0x00000000d5580000, 0x00000000d6800000, 0x0000000100000000)
  eden space 16384K, 100% used [0x00000000d5580000,0x00000000d6580000,0x00000000d6580000)
  from space 1024K, 81% used [0x00000000d6700000,0x00000000d67d1068,0x00000000d6800000)
  to   space 1024K, 0% used [0x00000000d6600000,0x00000000d6600000,0x00000000d6700000)
 ParOldGen       total 68608K, used 47015K [0x0000000080000000, 0x0000000084300000, 0x00000000d5580000)
  object space 68608K, 68% used [0x0000000080000000,0x0000000082de9d48,0x0000000084300000)
 Metaspace       used 56228K, committed 57664K, reserved 1114112K
  class space    used 6030K, committed 6656K, reserved 1048576K
}
Event: 75.376 GC heap after
{Heap after GC invocations=39 (full 2):
 PSYoungGen      total 17408K, used 1022K [0x00000000d5580000, 0x00000000d6a80000, 0x0000000100000000)
  eden space 16384K, 0% used [0x00000000d5580000,0x00000000d5580000,0x00000000d6580000)
  from space 1024K, 99% used [0x00000000d6600000,0x00000000d66ffa58,0x00000000d6700000)
  to   space 2560K, 0% used [0x00000000d6800000,0x00000000d6800000,0x00000000d6a80000)
 ParOldGen       total 68608K, used 47878K [0x0000000080000000, 0x0000000084300000, 0x00000000d5580000)
  object space 68608K, 69% used [0x0000000080000000,0x0000000082ec19b8,0x0000000084300000)
 Metaspace       used 56228K, committed 57664K, reserved 1114112K
  class space    used 6030K, committed 6656K, reserved 1048576K
}
Event: 75.481 GC heap before
{Heap before GC invocations=40 (full 2):
 PSYoungGen      total 17408K, used 17406K [0x00000000d5580000, 0x00000000d6a80000, 0x0000000100000000)
  eden space 16384K, 100% used [0x00000000d5580000,0x00000000d6580000,0x00000000d6580000)
  from space 1024K, 99% used [0x00000000d6600000,0x00000000d66ffa58,0x00000000d6700000)
  to   space 2560K, 0% used [0x00000000d6800000,0x00000000d6800000,0x00000000d6a80000)
 ParOldGen       total 68608K, used 47878K [0x0000000080000000, 0x0000000084300000, 0x00000000d5580000)
  object space 68608K, 69% used [0x0000000080000000,0x0000000082ec19b8,0x0000000084300000)
 Metaspace       used 56251K, committed 57664K, reserved 1114112K
  class space    used 6035K, committed 6656K, reserved 1048576K
}
Event: 75.483 GC heap after
{Heap after GC invocations=40 (full 2):
 PSYoungGen      total 16896K, used 480K [0x00000000d5580000, 0x00000000d6880000, 0x0000000100000000)
  eden space 16384K, 0% used [0x00000000d5580000,0x00000000d5580000,0x00000000d6580000)
  from space 512K, 93% used [0x00000000d6800000,0x00000000d6878000,0x00000000d6880000)
  to   space 1024K, 0% used [0x00000000d6680000,0x00000000d6680000,0x00000000d6780000)
 ParOldGen       total 68608K, used 48859K [0x0000000080000000, 0x0000000084300000, 0x00000000d5580000)
  object space 68608K, 71% used [0x0000000080000000,0x0000000082fb6c30,0x0000000084300000)
 Metaspace       used 56251K, committed 57664K, reserved 1114112K
  class space    used 6035K, committed 6656K, reserved 1048576K
}
Event: 75.662 GC heap before
{Heap before GC invocations=41 (full 2):
 PSYoungGen      total 16896K, used 16864K [0x00000000d5580000, 0x00000000d6880000, 0x0000000100000000)
  eden space 16384K, 100% used [0x00000000d5580000,0x00000000d6580000,0x00000000d6580000)
  from space 512K, 93% used [0x00000000d6800000,0x00000000d6878000,0x00000000d6880000)
  to   space 1024K, 0% used [0x00000000d6680000,0x00000000d6680000,0x00000000d6780000)
 ParOldGen       total 68608K, used 48859K [0x0000000080000000, 0x0000000084300000, 0x00000000d5580000)
  object space 68608K, 71% used [0x0000000080000000,0x0000000082fb6c30,0x0000000084300000)
 Metaspace       used 56335K, committed 57728K, reserved 1114112K
  class space    used 6038K, committed 6656K, reserved 1048576K
}
Event: 75.666 GC heap after
{Heap after GC invocations=41 (full 2):
 PSYoungGen      total 17408K, used 851K [0x00000000d5580000, 0x00000000d6880000, 0x0000000100000000)
  eden space 16384K, 0% used [0x00000000d5580000,0x00000000d5580000,0x00000000d6580000)
  from space 1024K, 83% used [0x00000000d6680000,0x00000000d6754f28,0x00000000d6780000)
  to   space 1024K, 0% used [0x00000000d6780000,0x00000000d6780000,0x00000000d6880000)
 ParOldGen       total 68608K, used 49571K [0x0000000080000000, 0x0000000084300000, 0x00000000d5580000)
  object space 68608K, 72% used [0x0000000080000000,0x0000000083068c30,0x0000000084300000)
 Metaspace       used 56335K, committed 57728K, reserved 1114112K
  class space    used 6038K, committed 6656K, reserved 1048576K
}
Event: 76.651 GC heap before
{Heap before GC invocations=42 (full 2):
 PSYoungGen      total 17408K, used 17235K [0x00000000d5580000, 0x00000000d6880000, 0x0000000100000000)
  eden space 16384K, 100% used [0x00000000d5580000,0x00000000d6580000,0x00000000d6580000)
  from space 1024K, 83% used [0x00000000d6680000,0x00000000d6754f28,0x00000000d6780000)
  to   space 1024K, 0% used [0x00000000d6780000,0x00000000d6780000,0x00000000d6880000)
 ParOldGen       total 68608K, used 49571K [0x0000000080000000, 0x0000000084300000, 0x00000000d5580000)
  object space 68608K, 72% used [0x0000000080000000,0x0000000083068c30,0x0000000084300000)
 Metaspace       used 56887K, committed 58368K, reserved 1114112K
  class space    used 6085K, committed 6720K, reserved 1048576K
}
Event: 76.658 GC heap after
{Heap after GC invocations=42 (full 2):
 PSYoungGen      total 17408K, used 720K [0x00000000d5580000, 0x00000000d6880000, 0x0000000100000000)
  eden space 16384K, 0% used [0x00000000d5580000,0x00000000d5580000,0x00000000d6580000)
  from space 1024K, 70% used [0x00000000d6780000,0x00000000d6834218,0x00000000d6880000)
  to   space 1024K, 0% used [0x00000000d6680000,0x00000000d6680000,0x00000000d6780000)
 ParOldGen       total 68608K, used 50284K [0x0000000080000000, 0x0000000084300000, 0x00000000d5580000)
  object space 68608K, 73% used [0x0000000080000000,0x000000008311b3f8,0x0000000084300000)
 Metaspace       used 56887K, committed 58368K, reserved 1114112K
  class space    used 6085K, committed 6720K, reserved 1048576K
}
Event: 77.079 GC heap before
{Heap before GC invocations=43 (full 2):
 PSYoungGen      total 17408K, used 17104K [0x00000000d5580000, 0x00000000d6880000, 0x0000000100000000)
  eden space 16384K, 100% used [0x00000000d5580000,0x00000000d6580000,0x00000000d6580000)
  from space 1024K, 70% used [0x00000000d6780000,0x00000000d6834218,0x00000000d6880000)
  to   space 1024K, 0% used [0x00000000d6680000,0x00000000d6680000,0x00000000d6780000)
 ParOldGen       total 68608K, used 50284K [0x0000000080000000, 0x0000000084300000, 0x00000000d5580000)
  object space 68608K, 73% used [0x0000000080000000,0x000000008311b3f8,0x0000000084300000)
 Metaspace       used 57077K, committed 58496K, reserved 1114112K
  class space    used 6106K, committed 6720K, reserved 1048576K
}
Event: 77.081 GC heap after
{Heap after GC invocations=43 (full 2):
 PSYoungGen      total 17408K, used 692K [0x00000000d5580000, 0x00000000d6800000, 0x0000000100000000)
  eden space 16384K, 0% used [0x00000000d5580000,0x00000000d5580000,0x00000000d6580000)
  from space 1024K, 67% used [0x00000000d6680000,0x00000000d672d298,0x00000000d6780000)
  to   space 512K, 0% used [0x00000000d6780000,0x00000000d6780000,0x00000000d6800000)
 ParOldGen       total 68608K, used 50784K [0x0000000080000000, 0x0000000084300000, 0x00000000d5580000)
  object space 68608K, 74% used [0x0000000080000000,0x0000000083198008,0x0000000084300000)
 Metaspace       used 57077K, committed 58496K, reserved 1114112K
  class space    used 6106K, committed 6720K, reserved 1048576K
}
Event: 80.446 GC heap before
{Heap before GC invocations=44 (full 2):
 PSYoungGen      total 17408K, used 17076K [0x00000000d5580000, 0x00000000d6800000, 0x0000000100000000)
  eden space 16384K, 100% used [0x00000000d5580000,0x00000000d6580000,0x00000000d6580000)
  from space 1024K, 67% used [0x00000000d6680000,0x00000000d672d298,0x00000000d6780000)
  to   space 512K, 0% used [0x00000000d6780000,0x00000000d6780000,0x00000000d6800000)
 ParOldGen       total 68608K, used 50784K [0x0000000080000000, 0x0000000084300000, 0x00000000d5580000)
  object space 68608K, 74% used [0x0000000080000000,0x0000000083198008,0x0000000084300000)
 Metaspace       used 57574K, committed 58944K, reserved 1114112K
  class space    used 6154K, committed 6720K, reserved 1048576K
}
Event: 80.452 GC heap after
{Heap after GC invocations=44 (full 2):
 PSYoungGen      total 16896K, used 511K [0x00000000d5580000, 0x00000000d6880000, 0x0000000100000000)
  eden space 16384K, 0% used [0x00000000d5580000,0x00000000d5580000,0x00000000d6580000)
  from space 512K, 99% used [0x00000000d6780000,0x00000000d67fff50,0x00000000d6800000)
  to   space 1536K, 0% used [0x00000000d6580000,0x00000000d6580000,0x00000000d6700000)
 ParOldGen       total 68608K, used 51444K [0x0000000080000000, 0x0000000084300000, 0x00000000d5580000)
  object space 68608K, 74% used [0x0000000080000000,0x000000008323d288,0x0000000084300000)
 Metaspace       used 57574K, committed 58944K, reserved 1114112K
  class space    used 6154K, committed 6720K, reserved 1048576K
}

