# JRE version: OpenJDK Runtime Environment Temurin-21.0.10+7 (21.0.10+7) (build 21.0.10+7-LTS)
# Java VM: OpenJDK 64-Bit Server VM Temurin-21.0.10+7 (21.0.10+7-LTS, mixed mode, sharing, tiered, compressed oops, compressed class ptrs, parallel gc, windows-amd64)
GC Precious Log:
 CardTable entry size: 512
 CPUs: 8 total, 8 available
 Memory: 3767M
 Large Page Support: Disabled
 NUMA Support: Disabled
 Compressed Oops: Enabled (32-bit)
 Alignments: Space 512K, Generation 512K, Heap 2M
 Heap Min Capacity: 100M
 Heap Initial Capacity: 100M
 Heap Max Capacity: 2G
 Pre-touch: Disabled
 Parallel Workers: 8
Heap:
 PSYoungGen      total 10752K, used 9493K [0x00000000d5580000, 0x00000000d6200000, 0x0000000100000000)
  eden space 10240K, 88% used [0x00000000d5580000,0x00000000d5e4d580,0x00000000d5f80000)
  from space 512K, 93% used [0x00000000d6100000,0x00000000d6178118,0x00000000d6180000)
  to   space 512K, 0% used [0x00000000d6180000,0x00000000d6180000,0x00000000d6200000)
 ParOldGen       total 68608K, used 66488K [0x0000000080000000, 0x0000000084300000, 0x00000000d5580000)
  object space 68608K, 96% used [0x0000000080000000,0x00000000840ee140,0x0000000084300000)
 Metaspace       used 63976K, committed 65408K, reserved 1114112K
  class space    used 6747K, committed 7360K, reserved 1048576K
GC Heap History (20 events):
Event: 16.142 GC heap before
{Heap before GC invocations=71 (full 3):
 PSYoungGen      total 10752K, used 10660K [0x00000000d5580000, 0x00000000d6280000, 0x0000000100000000)
  eden space 10240K, 100% used [0x00000000d5580000,0x00000000d5f80000,0x00000000d5f80000)
  from space 512K, 82% used [0x00000000d6180000,0x00000000d61e9378,0x00000000d6200000)
  to   space 512K, 0% used [0x00000000d6200000,0x00000000d6200000,0x00000000d6280000)
 ParOldGen       total 68608K, used 64620K [0x0000000080000000, 0x0000000084300000, 0x00000000d5580000)
  object space 68608K, 94% used [0x0000000080000000,0x0000000083f1b178,0x0000000084300000)
 Metaspace       used 62934K, committed 64448K, reserved 1114112K
  class space    used 6613K, committed 7296K, reserved 1048576K
}
Event: 16.143 GC heap after
{Heap after GC invocations=71 (full 3):
 PSYoungGen      total 10752K, used 392K [0x00000000d5580000, 0x00000000d6280000, 0x0000000100000000)
  eden space 10240K, 0% used [0x00000000d5580000,0x00000000d5580000,0x00000000d5f80000)
  from space 512K, 76% used [0x00000000d6200000,0x00000000d6262368,0x00000000d6280000)
  to   space 512K, 0% used [0x00000000d6180000,0x00000000d6180000,0x00000000d6200000)
 ParOldGen       total 68608K, used 64676K [0x0000000080000000, 0x0000000084300000, 0x00000000d5580000)
  object space 68608K, 94% used [0x0000000080000000,0x0000000083f29178,0x0000000084300000)
 Metaspace       used 62934K, committed 64448K, reserved 1114112K
  class space    used 6613K, committed 7296K, reserved 1048576K
}
Event: 16.164 GC heap before
{Heap before GC invocations=72 (full 3):
 PSYoungGen      total 10752K, used 10632K [0x00000000d5580000, 0x00000000d6280000, 0x0000000100000000)
  eden space 10240K, 100% used [0x00000000d5580000,0x00000000d5f80000,0x00000000d5f80000)
  from space 512K, 76% used [0x00000000d6200000,0x00000000d6262368,0x00000000d6280000)
  to   space 512K, 0% used [0x00000000d6180000,0x00000000d6180000,0x00000000d6200000)
 ParOldGen       total 68608K, used 64676K [0x0000000080000000, 0x0000000084300000, 0x00000000d5580000)
  object space 68608K, 94% used [0x0000000080000000,0x0000000083f29178,0x0000000084300000)
 Metaspace       used 62940K, committed 64448K, reserved 1114112K
  class space    used 6613K, committed 7296K, reserved 1048576K
}
Event: 16.165 GC heap after
{Heap after GC invocations=72 (full 3):
 PSYoungGen      total 10752K, used 446K [0x00000000d5580000, 0x00000000d6280000, 0x0000000100000000)
  eden space 10240K, 0% used [0x00000000d5580000,0x00000000d5580000,0x00000000d5f80000)
  from space 512K, 87% used [0x00000000d6180000,0x00000000d61ef9f8,0x00000000d6200000)
  to   space 512K, 0% used [0x00000000d6200000,0x00000000d6200000,0x00000000d6280000)
 ParOldGen       total 68608K, used 64732K [0x0000000080000000, 0x0000000084300000, 0x00000000d5580000)
  object space 68608K, 94% used [0x0000000080000000,0x0000000083f37178,0x0000000084300000)
 Metaspace       used 62940K, committed 64448K, reserved 1114112K
  class space    used 6613K, committed 7296K, reserved 1048576K
}
Event: 16.176 GC heap before
{Heap before GC invocations=73 (full 3):
 PSYoungGen      total 10752K, used 10686K [0x00000000d5580000, 0x00000000d6280000, 0x0000000100000000)
  eden space 10240K, 100% used [0x00000000d5580000,0x00000000d5f80000,0x00000000d5f80000)
  from space 512K, 87% used [0x00000000d6180000,0x00000000d61ef9f8,0x00000000d6200000)
  to   space 512K, 0% used [0x00000000d6200000,0x00000000d6200000,0x00000000d6280000)
 ParOldGen       total 68608K, used 64732K [0x0000000080000000, 0x0000000084300000, 0x00000000d5580000)
  object space 68608K, 94% used [0x0000000080000000,0x0000000083f37178,0x0000000084300000)
 Metaspace       used 62942K, committed 64448K, reserved 1114112K
  class space    used 6613K, committed 7296K, reserved 1048576K
}
Event: 16.177 GC heap after
{Heap after GC invocations=73 (full 3):
 PSYoungGen      total 10752K, used 490K [0x00000000d5580000, 0x00000000d6280000, 0x0000000100000000)
  eden space 10240K, 0% used [0x00000000d5580000,0x00000000d5580000,0x00000000d5f80000)
  from space 512K, 95% used [0x00000000d6200000,0x00000000d627a898,0x00000000d6280000)
  to   space 1024K, 0% used [0x00000000d6080000,0x00000000d6080000,0x00000000d6180000)
 ParOldGen       total 68608K, used 64812K [0x0000000080000000, 0x0000000084300000, 0x00000000d5580000)
  object space 68608K, 94% used [0x0000000080000000,0x0000000083f4b178,0x0000000084300000)
 Metaspace       used 62942K, committed 64448K, reserved 1114112K
  class space    used 6613K, committed 7296K, reserved 1048576K
}
Event: 16.218 GC heap before
{Heap before GC invocations=74 (full 3):
 PSYoungGen      total 10752K, used 10730K [0x00000000d5580000, 0x00000000d6280000, 0x0000000100000000)
  eden space 10240K, 100% used [0x00000000d5580000,0x00000000d5f80000,0x00000000d5f80000)
  from space 512K, 95% used [0x00000000d6200000,0x00000000d627a898,0x00000000d6280000)
  to   space 1024K, 0% used [0x00000000d6080000,0x00000000d6080000,0x00000000d6180000)
 ParOldGen       total 68608K, used 64812K [0x0000000080000000, 0x0000000084300000, 0x00000000d5580000)
  object space 68608K, 94% used [0x0000000080000000,0x0000000083f4b178,0x0000000084300000)
 Metaspace       used 63049K, committed 64576K, reserved 1114112K
  class space    used 6626K, committed 7296K, reserved 1048576K
}
Event: 16.220 GC heap after
{Heap after GC invocations=74 (full 3):
 PSYoungGen      total 11264K, used 859K [0x00000000d5580000, 0x00000000d6280000, 0x0000000100000000)
  eden space 10240K, 0% used [0x00000000d5580000,0x00000000d5580000,0x00000000d5f80000)
  from space 1024K, 83% used [0x00000000d6080000,0x00000000d6156f60,0x00000000d6180000)
  to   space 1024K, 0% used [0x00000000d6180000,0x00000000d6180000,0x00000000d6280000)
 ParOldGen       total 68608K, used 64868K [0x0000000080000000, 0x0000000084300000, 0x00000000d5580000)
  object space 68608K, 94% used [0x0000000080000000,0x0000000083f59178,0x0000000084300000)
 Metaspace       used 63049K, committed 64576K, reserved 1114112K
  class space    used 6626K, committed 7296K, reserved 1048576K
}
Event: 16.233 GC heap before
{Heap before GC invocations=75 (full 3):
 PSYoungGen      total 11264K, used 11099K [0x00000000d5580000, 0x00000000d6280000, 0x0000000100000000)
  eden space 10240K, 100% used [0x00000000d5580000,0x00000000d5f80000,0x00000000d5f80000)
  from space 1024K, 83% used [0x00000000d6080000,0x00000000d6156f60,0x00000000d6180000)
  to   space 1024K, 0% used [0x00000000d6180000,0x00000000d6180000,0x00000000d6280000)
 ParOldGen       total 68608K, used 64868K [0x0000000080000000, 0x0000000084300000, 0x00000000d5580000)
  object space 68608K, 94% used [0x0000000080000000,0x0000000083f59178,0x0000000084300000)
 Metaspace       used 63052K, committed 64576K, reserved 1114112K
  class space    used 6626K, committed 7296K, reserved 1048576K
}
Event: 16.234 GC heap after
{Heap after GC invocations=75 (full 3):
 PSYoungGen      total 10752K, used 320K [0x00000000d5580000, 0x00000000d6200000, 0x0000000100000000)
  eden space 10240K, 0% used [0x00000000d5580000,0x00000000d5580000,0x00000000d5f80000)
  from space 512K, 62% used [0x00000000d6180000,0x00000000d61d0000,0x00000000d6200000)
  to   space 1024K, 0% used [0x00000000d6000000,0x00000000d6000000,0x00000000d6100000)
 ParOldGen       total 68608K, used 65520K [0x0000000080000000, 0x0000000084300000, 0x00000000d5580000)
  object space 68608K, 95% used [0x0000000080000000,0x0000000083ffc140,0x0000000084300000)
 Metaspace       used 63052K, committed 64576K, reserved 1114112K
  class space    used 6626K, committed 7296K, reserved 1048576K
}
Event: 16.244 GC heap before
{Heap before GC invocations=76 (full 3):
 PSYoungGen      total 10752K, used 10560K [0x00000000d5580000, 0x00000000d6200000, 0x0000000100000000)
  eden space 10240K, 100% used [0x00000000d5580000,0x00000000d5f80000,0x00000000d5f80000)
  from space 512K, 62% used [0x00000000d6180000,0x00000000d61d0000,0x00000000d6200000)
  to   space 1024K, 0% used [0x00000000d6000000,0x00000000d6000000,0x00000000d6100000)
 ParOldGen       total 68608K, used 65520K [0x0000000080000000, 0x0000000084300000, 0x00000000d5580000)
  object space 68608K, 95% used [0x0000000080000000,0x0000000083ffc140,0x0000000084300000)
 Metaspace       used 63052K, committed 64576K, reserved 1114112K
  class space    used 6626K, committed 7296K, reserved 1048576K
}
Event: 16.245 GC heap after
{Heap after GC invocations=76 (full 3):
 PSYoungGen      total 11264K, used 288K [0x00000000d5580000, 0x00000000d6200000, 0x0000000100000000)
  eden space 10240K, 0% used [0x00000000d5580000,0x00000000d5580000,0x00000000d5f80000)
  from space 1024K, 28% used [0x00000000d6000000,0x00000000d6048000,0x00000000d6100000)
  to   space 512K, 0% used [0x00000000d6180000,0x00000000d6180000,0x00000000d6200000)
 ParOldGen       total 68608K, used 65736K [0x0000000080000000, 0x0000000084300000, 0x00000000d5580000)
  object space 68608K, 95% used [0x0000000080000000,0x0000000084032140,0x0000000084300000)
 Metaspace       used 63052K, committed 64576K, reserved 1114112K
  class space    used 6626K, committed 7296K, reserved 1048576K
}
Event: 16.256 GC heap before
{Heap before GC invocations=77 (full 3):
 PSYoungGen      total 11264K, used 10528K [0x00000000d5580000, 0x00000000d6200000, 0x0000000100000000)
  eden space 10240K, 100% used [0x00000000d5580000,0x00000000d5f80000,0x00000000d5f80000)
  from space 1024K, 28% used [0x00000000d6000000,0x00000000d6048000,0x00000000d6100000)
  to   space 512K, 0% used [0x00000000d6180000,0x00000000d6180000,0x00000000d6200000)
 ParOldGen       total 68608K, used 65736K [0x0000000080000000, 0x0000000084300000, 0x00000000d5580000)
  object space 68608K, 95% used [0x0000000080000000,0x0000000084032140,0x0000000084300000)
 Metaspace       used 63059K, committed 64576K, reserved 1114112K
  class space    used 6626K, committed 7296K, reserved 1048576K
}
Event: 16.257 GC heap after
{Heap after GC invocations=77 (full 3):
 PSYoungGen      total 10752K, used 480K [0x00000000d5580000, 0x00000000d6200000, 0x0000000100000000)
  eden space 10240K, 0% used [0x00000000d5580000,0x00000000d5580000,0x00000000d5f80000)
  from space 512K, 93% used [0x00000000d6180000,0x00000000d61f8288,0x00000000d6200000)
  to   space 1024K, 0% used [0x00000000d6000000,0x00000000d6000000,0x00000000d6100000)
 ParOldGen       total 68608K, used 65944K [0x0000000080000000, 0x0000000084300000, 0x00000000d5580000)
  object space 68608K, 96% used [0x0000000080000000,0x0000000084066140,0x0000000084300000)
 Metaspace       used 63059K, committed 64576K, reserved 1114112K
  class space    used 6626K, committed 7296K, reserved 1048576K
}
Event: 16.269 GC heap before
{Heap before GC invocations=78 (full 3):
 PSYoungGen      total 10752K, used 10601K [0x00000000d5580000, 0x00000000d6200000, 0x0000000100000000)
  eden space 10240K, 98% used [0x00000000d5580000,0x00000000d5f622d8,0x00000000d5f80000)
  from space 512K, 93% used [0x00000000d6180000,0x00000000d61f8288,0x00000000d6200000)
  to   space 1024K, 0% used [0x00000000d6000000,0x00000000d6000000,0x00000000d6100000)
 ParOldGen       total 68608K, used 65944K [0x0000000080000000, 0x0000000084300000, 0x00000000d5580000)
  object space 68608K, 96% used [0x0000000080000000,0x0000000084066140,0x0000000084300000)
 Metaspace       used 63059K, committed 64576K, reserved 1114112K
  class space    used 6626K, committed 7296K, reserved 1048576K
}
Event: 16.270 GC heap after
{Heap after GC invocations=78 (full 3):
 PSYoungGen      total 11264K, used 352K [0x00000000d5580000, 0x00000000d6200000, 0x0000000100000000)
  eden space 10240K, 0% used [0x00000000d5580000,0x00000000d5580000,0x00000000d5f80000)
  from space 1024K, 34% used [0x00000000d6000000,0x00000000d6058000,0x00000000d6100000)
  to   space 512K, 0% used [0x00000000d6180000,0x00000000d6180000,0x00000000d6200000)
 ParOldGen       total 68608K, used 66144K [0x0000000080000000, 0x0000000084300000, 0x00000000d5580000)
  object space 68608K, 96% used [0x0000000080000000,0x0000000084098140,0x0000000084300000)
 Metaspace       used 63059K, committed 64576K, reserved 1114112K
  class space    used 6626K, committed 7296K, reserved 1048576K
}
Event: 16.299 GC heap before
{Heap before GC invocations=79 (full 3):
 PSYoungGen      total 11264K, used 10568K [0x00000000d5580000, 0x00000000d6200000, 0x0000000100000000)
  eden space 10240K, 99% used [0x00000000d5580000,0x00000000d5f7a098,0x00000000d5f80000)
  from space 1024K, 34% used [0x00000000d6000000,0x00000000d6058000,0x00000000d6100000)
  to   space 512K, 0% used [0x00000000d6180000,0x00000000d6180000,0x00000000d6200000)
 ParOldGen       total 68608K, used 66144K [0x0000000080000000, 0x0000000084300000, 0x00000000d5580000)
  object space 68608K, 96% used [0x0000000080000000,0x0000000084098140,0x0000000084300000)
 Metaspace       used 63121K, committed 64640K, reserved 1114112K
  class space    used 6629K, committed 7296K, reserved 1048576K
}
Event: 16.300 GC heap after
{Heap after GC invocations=79 (full 3):
 PSYoungGen      total 10752K, used 256K [0x00000000d5580000, 0x00000000d6200000, 0x0000000100000000)
  eden space 10240K, 0% used [0x00000000d5580000,0x00000000d5580000,0x00000000d5f80000)
  from space 512K, 50% used [0x00000000d6180000,0x00000000d61c0000,0x00000000d6200000)
  to   space 512K, 0% used [0x00000000d6100000,0x00000000d6100000,0x00000000d6180000)
 ParOldGen       total 68608K, used 66384K [0x0000000080000000, 0x0000000084300000, 0x00000000d5580000)
  object space 68608K, 96% used [0x0000000080000000,0x00000000840d4140,0x0000000084300000)
 Metaspace       used 63121K, committed 64640K, reserved 1114112K
  class space    used 6629K, committed 7296K, reserved 1048576K
}
Event: 16.483 GC heap before
{Heap before GC invocations=80 (full 3):
 PSYoungGen      total 10752K, used 10494K [0x00000000d5580000, 0x00000000d6200000, 0x0000000100000000)
  eden space 10240K, 99% used [0x00000000d5580000,0x00000000d5f7fb40,0x00000000d5f80000)
  from space 512K, 50% used [0x00000000d6180000,0x00000000d61c0000,0x00000000d6200000)
  to   space 512K, 0% used [0x00000000d6100000,0x00000000d6100000,0x00000000d6180000)
 ParOldGen       total 68608K, used 66384K [0x0000000080000000, 0x0000000084300000, 0x00000000d5580000)
  object space 68608K, 96% used [0x0000000080000000,0x00000000840d4140,0x0000000084300000)
 Metaspace       used 63894K, committed 65344K, reserved 1114112K
  class space    used 6745K, committed 7360K, reserved 1048576K
}
Event: 16.484 GC heap after
{Heap after GC invocations=80 (full 3):
 PSYoungGen      total 10752K, used 480K [0x00000000d5580000, 0x00000000d6200000, 0x0000000100000000)
  eden space 10240K, 0% used [0x00000000d5580000,0x00000000d5580000,0x00000000d5f80000)
  from space 512K, 93% used [0x00000000d6100000,0x00000000d6178118,0x00000000d6180000)
  to   space 512K, 0% used [0x00000000d6180000,0x00000000d6180000,0x00000000d6200000)
 ParOldGen       total 68608K, used 66488K [0x0000000080000000, 0x0000000084300000, 0x00000000d5580000)
  object space 68608K, 96% used [0x0000000080000000,0x00000000840ee140,0x0000000084300000)
 Metaspace       used 63894K, committed 65344K, reserved 1114112K
  class space    used 6745K, committed 7360K, reserved 1048576K
}

