# JRE version: OpenJDK Runtime Environment Temurin-21.0.10+7 (21.0.10+7) (build 21.0.10+7-LTS)
# Java VM: OpenJDK 64-Bit Server VM Temurin-21.0.10+7 (21.0.10+7-LTS, mixed mode, sharing, tiered, compressed oops, compressed class ptrs, parallel gc, windows-amd64)
GC Precious Log:
 CardTable entry size: 512
 CPUs: 8 total, 8 available
 Memory: 3767M
 Large Page Support: Disabled
 NUMA Support: Disabled
 Compressed Oops: Enabled (32-bit)
 Alignments: Space 512K, Generation 512K, Heap 2M
 Heap Min Capacity: 100M
 Heap Initial Capacity: 100M
 Heap Max Capacity: 2G
 Pre-touch: Disabled
 Parallel Workers: 8
Heap:
 PSYoungGen      total 21504K, used 19978K [0x00000000d5580000, 0x00000000d7300000, 0x0000000100000000)
  eden space 19968K, 92% used [0x00000000d5580000,0x00000000d6784780,0x00000000d6900000)
  from space 1536K, 99% used [0x00000000d6d80000,0x00000000d6efe200,0x00000000d6f00000)
  to   space 4608K, 0% used [0x00000000d6900000,0x00000000d6900000,0x00000000d6d80000)
 ParOldGen       total 68608K, used 28700K [0x0000000080000000, 0x0000000084300000, 0x00000000d5580000)
  object space 68608K, 41% used [0x0000000080000000,0x0000000081c070a8,0x0000000084300000)
 Metaspace       used 34205K, committed 35200K, reserved 1114112K
  class space    used 3473K, committed 3904K, reserved 1048576K
GC Heap History (20 events):
Event: 18.493 GC heap before
{Heap before GC invocations=8 (full 1):
 PSYoungGen      total 29184K, used 23552K [0x00000000d5580000, 0x00000000d7c00000, 0x0000000100000000)
  eden space 23552K, 100% used [0x00000000d5580000,0x00000000d6c80000,0x00000000d6c80000)
  from space 5632K, 0% used [0x00000000d7380000,0x00000000d7380000,0x00000000d7900000)
  to   space 7168K, 0% used [0x00000000d6c80000,0x00000000d6c80000,0x00000000d7380000)
 ParOldGen       total 68608K, used 11755K [0x0000000080000000, 0x0000000084300000, 0x00000000d5580000)
  object space 68608K, 17% used [0x0000000080000000,0x0000000080b7af48,0x0000000084300000)
 Metaspace       used 22458K, committed 23232K, reserved 1114112K
  class space    used 2174K, committed 2496K, reserved 1048576K
}
Event: 18.495 GC heap after
{Heap after GC invocations=8 (full 1):
 PSYoungGen      total 25600K, used 2292K [0x00000000d5580000, 0x00000000d7400000, 0x0000000100000000)
  eden space 23040K, 0% used [0x00000000d5580000,0x00000000d5580000,0x00000000d6c00000)
  from space 2560K, 89% used [0x00000000d6c80000,0x00000000d6ebd010,0x00000000d6f00000)
  to   space 4096K, 0% used [0x00000000d7000000,0x00000000d7000000,0x00000000d7400000)
 ParOldGen       total 68608K, used 11763K [0x0000000080000000, 0x0000000084300000, 0x00000000d5580000)
  object space 68608K, 17% used [0x0000000080000000,0x0000000080b7cf48,0x0000000084300000)
 Metaspace       used 22458K, committed 23232K, reserved 1114112K
  class space    used 2174K, committed 2496K, reserved 1048576K
}
Event: 18.993 GC heap before
{Heap before GC invocations=9 (full 1):
 PSYoungGen      total 25600K, used 25332K [0x00000000d5580000, 0x00000000d7400000, 0x0000000100000000)
  eden space 23040K, 100% used [0x00000000d5580000,0x00000000d6c00000,0x00000000d6c00000)
  from space 2560K, 89% used [0x00000000d6c80000,0x00000000d6ebd010,0x00000000d6f00000)
  to   space 4096K, 0% used [0x00000000d7000000,0x00000000d7000000,0x00000000d7400000)
 ParOldGen       total 68608K, used 11763K [0x0000000080000000, 0x0000000084300000, 0x00000000d5580000)
  object space 68608K, 17% used [0x0000000080000000,0x0000000080b7cf48,0x0000000084300000)
 Metaspace       used 25987K, committed 26816K, reserved 1114112K
  class space    used 2559K, committed 2944K, reserved 1048576K
}
Event: 18.996 GC heap after
{Heap after GC invocations=9 (full 1):
 PSYoungGen      total 26112K, used 4072K [0x00000000d5580000, 0x00000000d7580000, 0x0000000100000000)
  eden space 22016K, 0% used [0x00000000d5580000,0x00000000d5580000,0x00000000d6b00000)
  from space 4096K, 99% used [0x00000000d7000000,0x00000000d73fa290,0x00000000d7400000)
  to   space 5120K, 0% used [0x00000000d6b00000,0x00000000d6b00000,0x00000000d7000000)
 ParOldGen       total 68608K, used 12043K [0x0000000080000000, 0x0000000084300000, 0x00000000d5580000)
  object space 68608K, 17% used [0x0000000080000000,0x0000000080bc2f78,0x0000000084300000)
 Metaspace       used 25987K, committed 26816K, reserved 1114112K
  class space    used 2559K, committed 2944K, reserved 1048576K
}
Event: 19.242 GC heap before
{Heap before GC invocations=10 (full 1):
 PSYoungGen      total 26112K, used 26088K [0x00000000d5580000, 0x00000000d7580000, 0x0000000100000000)
  eden space 22016K, 100% used [0x00000000d5580000,0x00000000d6b00000,0x00000000d6b00000)
  from space 4096K, 99% used [0x00000000d7000000,0x00000000d73fa290,0x00000000d7400000)
  to   space 5120K, 0% used [0x00000000d6b00000,0x00000000d6b00000,0x00000000d7000000)
 ParOldGen       total 68608K, used 12043K [0x0000000080000000, 0x0000000084300000, 0x00000000d5580000)
  object space 68608K, 17% used [0x0000000080000000,0x0000000080bc2f78,0x0000000084300000)
 Metaspace       used 28465K, committed 29312K, reserved 1114112K
  class space    used 2841K, committed 3200K, reserved 1048576K
}
Event: 19.245 GC heap after
{Heap after GC invocations=10 (full 1):
 PSYoungGen      total 27136K, used 4747K [0x00000000d5580000, 0x00000000d7500000, 0x0000000100000000)
  eden space 22016K, 0% used [0x00000000d5580000,0x00000000d5580000,0x00000000d6b00000)
  from space 5120K, 92% used [0x00000000d6b00000,0x00000000d6fa2d18,0x00000000d7000000)
  to   space 5120K, 0% used [0x00000000d7000000,0x00000000d7000000,0x00000000d7500000)
 ParOldGen       total 68608K, used 12051K [0x0000000080000000, 0x0000000084300000, 0x00000000d5580000)
  object space 68608K, 17% used [0x0000000080000000,0x0000000080bc4f78,0x0000000084300000)
 Metaspace       used 28465K, committed 29312K, reserved 1114112K
  class space    used 2841K, committed 3200K, reserved 1048576K
}
Event: 25.745 GC heap before
{Heap before GC invocations=11 (full 1):
 PSYoungGen      total 27136K, used 26763K [0x00000000d5580000, 0x00000000d7500000, 0x0000000100000000)
  eden space 22016K, 100% used [0x00000000d5580000,0x00000000d6b00000,0x00000000d6b00000)
  from space 5120K, 92% used [0x00000000d6b00000,0x00000000d6fa2d18,0x00000000d7000000)
  to   space 5120K, 0% used [0x00000000d7000000,0x00000000d7000000,0x00000000d7500000)
 ParOldGen       total 68608K, used 12051K [0x0000000080000000, 0x0000000084300000, 0x00000000d5580000)
  object space 68608K, 17% used [0x0000000080000000,0x0000000080bc4f78,0x0000000084300000)
 Metaspace       used 29903K, committed 30784K, reserved 1114112K
  class space    used 2978K, committed 3392K, reserved 1048576K
}
Event: 25.760 GC heap after
{Heap after GC invocations=11 (full 1):
 PSYoungGen      total 24064K, used 1574K [0x00000000d5580000, 0x00000000d7200000, 0x0000000100000000)
  eden space 22016K, 0% used [0x00000000d5580000,0x00000000d5580000,0x00000000d6b00000)
  from space 2048K, 76% used [0x00000000d7000000,0x00000000d7189a30,0x00000000d7200000)
  to   space 3072K, 0% used [0x00000000d6c00000,0x00000000d6c00000,0x00000000d6f00000)
 ParOldGen       total 68608K, used 16091K [0x0000000080000000, 0x0000000084300000, 0x00000000d5580000)
  object space 68608K, 23% used [0x0000000080000000,0x0000000080fb6d78,0x0000000084300000)
 Metaspace       used 29903K, committed 30784K, reserved 1114112K
  class space    used 2978K, committed 3392K, reserved 1048576K
}
Event: 38.167 GC heap before
{Heap before GC invocations=12 (full 1):
 PSYoungGen      total 24064K, used 23590K [0x00000000d5580000, 0x00000000d7200000, 0x0000000100000000)
  eden space 22016K, 100% used [0x00000000d5580000,0x00000000d6b00000,0x00000000d6b00000)
  from space 2048K, 76% used [0x00000000d7000000,0x00000000d7189a30,0x00000000d7200000)
  to   space 3072K, 0% used [0x00000000d6c00000,0x00000000d6c00000,0x00000000d6f00000)
 ParOldGen       total 68608K, used 16091K [0x0000000080000000, 0x0000000084300000, 0x00000000d5580000)
  object space 68608K, 23% used [0x0000000080000000,0x0000000080fb6d78,0x0000000084300000)
 Metaspace       used 31977K, committed 32960K, reserved 1114112K
  class space    used 3191K, committed 3648K, reserved 1048576K
}
Event: 38.204 GC heap after
{Heap after GC invocations=12 (full 1):
 PSYoungGen      total 24064K, used 1792K [0x00000000d5580000, 0x00000000d7080000, 0x0000000100000000)
  eden space 22016K, 0% used [0x00000000d5580000,0x00000000d5580000,0x00000000d6b00000)
  from space 2048K, 87% used [0x00000000d6c00000,0x00000000d6dc0030,0x00000000d6e00000)
  to   space 2048K, 0% used [0x00000000d6e80000,0x00000000d6e80000,0x00000000d7080000)
 ParOldGen       total 68608K, used 17479K [0x0000000080000000, 0x0000000084300000, 0x00000000d5580000)
  object space 68608K, 25% used [0x0000000080000000,0x0000000081111d48,0x0000000084300000)
 Metaspace       used 31977K, committed 32960K, reserved 1114112K
  class space    used 3191K, committed 3648K, reserved 1048576K
}
Event: 38.644 GC heap before
{Heap before GC invocations=13 (full 1):
 PSYoungGen      total 24064K, used 23808K [0x00000000d5580000, 0x00000000d7080000, 0x0000000100000000)
  eden space 22016K, 100% used [0x00000000d5580000,0x00000000d6b00000,0x00000000d6b00000)
  from space 2048K, 87% used [0x00000000d6c00000,0x00000000d6dc0030,0x00000000d6e00000)
  to   space 2048K, 0% used [0x00000000d6e80000,0x00000000d6e80000,0x00000000d7080000)
 ParOldGen       total 68608K, used 17479K [0x0000000080000000, 0x0000000084300000, 0x00000000d5580000)
  object space 68608K, 25% used [0x0000000080000000,0x0000000081111d48,0x0000000084300000)
 Metaspace       used 32323K, committed 33216K, reserved 1114112K
  class space    used 3247K, committed 3648K, reserved 1048576K
}
Event: 38.654 GC heap after
{Heap after GC invocations=13 (full 1):
 PSYoungGen      total 23040K, used 2033K [0x00000000d5580000, 0x00000000d7400000, 0x0000000100000000)
  eden space 20992K, 0% used [0x00000000d5580000,0x00000000d5580000,0x00000000d6a00000)
  from space 2048K, 99% used [0x00000000d6e80000,0x00000000d707c420,0x00000000d7080000)
  to   space 4608K, 0% used [0x00000000d6a00000,0x00000000d6a00000,0x00000000d6e80000)
 ParOldGen       total 68608K, used 19492K [0x0000000080000000, 0x0000000084300000, 0x00000000d5580000)
  object space 68608K, 28% used [0x0000000080000000,0x00000000813093d0,0x0000000084300000)
 Metaspace       used 32323K, committed 33216K, reserved 1114112K
  class space    used 3247K, committed 3648K, reserved 1048576K
}
Event: 38.739 GC heap before
{Heap before GC invocations=14 (full 1):
 PSYoungGen      total 23040K, used 23025K [0x00000000d5580000, 0x00000000d7400000, 0x0000000100000000)
  eden space 20992K, 100% used [0x00000000d5580000,0x00000000d6a00000,0x00000000d6a00000)
  from space 2048K, 99% used [0x00000000d6e80000,0x00000000d707c420,0x00000000d7080000)
  to   space 4608K, 0% used [0x00000000d6a00000,0x00000000d6a00000,0x00000000d6e80000)
 ParOldGen       total 68608K, used 19492K [0x0000000080000000, 0x0000000084300000, 0x00000000d5580000)
  object space 68608K, 28% used [0x0000000080000000,0x00000000813093d0,0x0000000084300000)
 Metaspace       used 32354K, committed 33280K, reserved 1114112K
  class space    used 3247K, committed 3648K, reserved 1048576K
}
Event: 38.753 GC heap after
{Heap after GC invocations=14 (full 1):
 PSYoungGen      total 24064K, used 2594K [0x00000000d5580000, 0x00000000d7100000, 0x0000000100000000)
  eden space 20992K, 0% used [0x00000000d5580000,0x00000000d5580000,0x00000000d6a00000)
  from space 3072K, 84% used [0x00000000d6a00000,0x00000000d6c88810,0x00000000d6d00000)
  to   space 3584K, 0% used [0x00000000d6d80000,0x00000000d6d80000,0x00000000d7100000)
 ParOldGen       total 68608K, used 21432K [0x0000000080000000, 0x0000000084300000, 0x00000000d5580000)
  object space 68608K, 31% used [0x0000000080000000,0x00000000814ee0b0,0x0000000084300000)
 Metaspace       used 32354K, committed 33280K, reserved 1114112K
  class space    used 3247K, committed 3648K, reserved 1048576K
}
Event: 38.884 GC heap before
{Heap before GC invocations=15 (full 1):
 PSYoungGen      total 24064K, used 23586K [0x00000000d5580000, 0x00000000d7100000, 0x0000000100000000)
  eden space 20992K, 100% used [0x00000000d5580000,0x00000000d6a00000,0x00000000d6a00000)
  from space 3072K, 84% used [0x00000000d6a00000,0x00000000d6c88810,0x00000000d6d00000)
  to   space 3584K, 0% used [0x00000000d6d80000,0x00000000d6d80000,0x00000000d7100000)
 ParOldGen       total 68608K, used 21432K [0x0000000080000000, 0x0000000084300000, 0x00000000d5580000)
  object space 68608K, 31% used [0x0000000080000000,0x00000000814ee0b0,0x0000000084300000)
 Metaspace       used 32375K, committed 33280K, reserved 1114112K
  class space    used 3247K, committed 3648K, reserved 1048576K
}
Event: 38.891 GC heap after
{Heap after GC invocations=15 (full 1):
 PSYoungGen      total 23552K, used 2244K [0x00000000d5580000, 0x00000000d7000000, 0x0000000100000000)
  eden space 20992K, 0% used [0x00000000d5580000,0x00000000d5580000,0x00000000d6a00000)
  from space 2560K, 87% used [0x00000000d6d80000,0x00000000d6fb1000,0x00000000d7000000)
  to   space 2560K, 0% used [0x00000000d6b00000,0x00000000d6b00000,0x00000000d6d80000)
 ParOldGen       total 68608K, used 23830K [0x0000000080000000, 0x0000000084300000, 0x00000000d5580000)
  object space 68608K, 34% used [0x0000000080000000,0x0000000081745a70,0x0000000084300000)
 Metaspace       used 32375K, committed 33280K, reserved 1114112K
  class space    used 3247K, committed 3648K, reserved 1048576K
}
Event: 38.993 GC heap before
{Heap before GC invocations=16 (full 1):
 PSYoungGen      total 23552K, used 23236K [0x00000000d5580000, 0x00000000d7000000, 0x0000000100000000)
  eden space 20992K, 100% used [0x00000000d5580000,0x00000000d6a00000,0x00000000d6a00000)
  from space 2560K, 87% used [0x00000000d6d80000,0x00000000d6fb1000,0x00000000d7000000)
  to   space 2560K, 0% used [0x00000000d6b00000,0x00000000d6b00000,0x00000000d6d80000)
 ParOldGen       total 68608K, used 23830K [0x0000000080000000, 0x0000000084300000, 0x00000000d5580000)
  object space 68608K, 34% used [0x0000000080000000,0x0000000081745a70,0x0000000084300000)
 Metaspace       used 32391K, committed 33280K, reserved 1114112K
  class space    used 3247K, committed 3648K, reserved 1048576K
}
Event: 39.000 GC heap after
{Heap after GC invocations=16 (full 1):
 PSYoungGen      total 23552K, used 2368K [0x00000000d5580000, 0x00000000d6f00000, 0x0000000100000000)
  eden space 20992K, 0% used [0x00000000d5580000,0x00000000d5580000,0x00000000d6a00000)
  from space 2560K, 92% used [0x00000000d6b00000,0x00000000d6d50010,0x00000000d6d80000)
  to   space 1536K, 0% used [0x00000000d6d80000,0x00000000d6d80000,0x00000000d6f00000)
 ParOldGen       total 68608K, used 25980K [0x0000000080000000, 0x0000000084300000, 0x00000000d5580000)
  object space 68608K, 37% used [0x0000000080000000,0x000000008195f098,0x0000000084300000)
 Metaspace       used 32391K, committed 33280K, reserved 1114112K
  class space    used 3247K, committed 3648K, reserved 1048576K
}
Event: 39.189 GC heap before
{Heap before GC invocations=17 (full 1):
 PSYoungGen      total 23552K, used 23360K [0x00000000d5580000, 0x00000000d6f00000, 0x0000000100000000)
  eden space 20992K, 100% used [0x00000000d5580000,0x00000000d6a00000,0x00000000d6a00000)
  from space 2560K, 92% used [0x00000000d6b00000,0x00000000d6d50010,0x00000000d6d80000)
  to   space 1536K, 0% used [0x00000000d6d80000,0x00000000d6d80000,0x00000000d6f00000)
 ParOldGen       total 68608K, used 25980K [0x0000000080000000, 0x0000000084300000, 0x00000000d5580000)
  object space 68608K, 37% used [0x0000000080000000,0x000000008195f098,0x0000000084300000)
 Metaspace       used 32428K, committed 33344K, reserved 1114112K
  class space    used 3247K, committed 3648K, reserved 1048576K
}
Event: 39.194 GC heap after
{Heap after GC invocations=17 (full 1):
 PSYoungGen      total 21504K, used 1528K [0x00000000d5580000, 0x00000000d7300000, 0x0000000100000000)
  eden space 19968K, 0% used [0x00000000d5580000,0x00000000d5580000,0x00000000d6900000)
  from space 1536K, 99% used [0x00000000d6d80000,0x00000000d6efe200,0x00000000d6f00000)
  to   space 4608K, 0% used [0x00000000d6900000,0x00000000d6900000,0x00000000d6d80000)
 ParOldGen       total 68608K, used 28700K [0x0000000080000000, 0x0000000084300000, 0x00000000d5580000)
  object space 68608K, 41% used [0x0000000080000000,0x0000000081c070a8,0x0000000084300000)
 Metaspace       used 32428K, committed 33344K, reserved 1114112K
  class space    used 3247K, committed 3648K, reserved 1048576K
}

