# JRE version: OpenJDK Runtime Environment Temurin-21.0.10+7 (21.0.10+7) (build 21.0.10+7-LTS)
# Java VM: OpenJDK 64-Bit Server VM Temurin-21.0.10+7 (21.0.10+7-LTS, mixed mode, sharing, tiered, compressed oops, compressed class ptrs, parallel gc, windows-amd64)
GC Precious Log:
 CardTable entry size: 512
 CPUs: 8 total, 8 available
 Memory: 3767M
 Large Page Support: Disabled
 NUMA Support: Disabled
 Compressed Oops: Enabled (32-bit)
 Alignments: Space 512K, Generation 512K, Heap 2M
 Heap Min Capacity: 100M
 Heap Initial Capacity: 100M
 Heap Max Capacity: 2G
 Pre-touch: Disabled
 Parallel Workers: 8
Heap:
 PSYoungGen      total 20480K, used 5932K [0x00000000d5580000, 0x00000000d6d00000, 0x0000000100000000)
  eden space 17920K, 20% used [0x00000000d5580000,0x00000000d5912858,0x00000000d6700000)
  from space 2560K, 88% used [0x00000000d6a80000,0x00000000d6cb8810,0x00000000d6d00000)
  to   space 2560K, 0% used [0x00000000d6800000,0x00000000d6800000,0x00000000d6a80000)
 ParOldGen       total 68608K, used 38789K [0x0000000080000000, 0x0000000084300000, 0x00000000d5580000)
  object space 68608K, 56% used [0x0000000080000000,0x00000000825e1600,0x0000000084300000)
 Metaspace       used 48690K, committed 49984K, reserved 1114112K
  class space    used 5305K, committed 5824K, reserved 1048576K
GC Heap History (20 events):
Event: 12.425 GC heap before
{Heap before GC invocations=16 (full 2):
 PSYoungGen      total 25600K, used 22016K [0x00000000d5580000, 0x00000000d7180000, 0x0000000100000000)
  eden space 22016K, 100% used [0x00000000d5580000,0x00000000d6b00000,0x00000000d6b00000)
  from space 3584K, 0% used [0x00000000d6b00000,0x00000000d6b00000,0x00000000d6e80000)
  to   space 1536K, 0% used [0x00000000d7000000,0x00000000d7000000,0x00000000d7180000)
 ParOldGen       total 68608K, used 18902K [0x0000000080000000, 0x0000000084300000, 0x00000000d5580000)
  object space 68608K, 27% used [0x0000000080000000,0x0000000081275a18,0x0000000084300000)
 Metaspace       used 36654K, committed 37824K, reserved 1114112K
  class space    used 3868K, committed 4352K, reserved 1048576K
}
Event: 12.427 GC heap after
{Heap after GC invocations=16 (full 2):
 PSYoungGen      total 23552K, used 1536K [0x00000000d5580000, 0x00000000d7180000, 0x0000000100000000)
  eden space 22016K, 0% used [0x00000000d5580000,0x00000000d5580000,0x00000000d6b00000)
  from space 1536K, 100% used [0x00000000d7000000,0x00000000d7180000,0x00000000d7180000)
  to   space 2560K, 0% used [0x00000000d6c80000,0x00000000d6c80000,0x00000000d6f00000)
 ParOldGen       total 68608K, used 19443K [0x0000000080000000, 0x0000000084300000, 0x00000000d5580000)
  object space 68608K, 28% used [0x0000000080000000,0x00000000812fcf18,0x0000000084300000)
 Metaspace       used 36654K, committed 37824K, reserved 1114112K
  class space    used 3868K, committed 4352K, reserved 1048576K
}
Event: 12.820 GC heap before
{Heap before GC invocations=17 (full 2):
 PSYoungGen      total 23552K, used 23552K [0x00000000d5580000, 0x00000000d7180000, 0x0000000100000000)
  eden space 22016K, 100% used [0x00000000d5580000,0x00000000d6b00000,0x00000000d6b00000)
  from space 1536K, 100% used [0x00000000d7000000,0x00000000d7180000,0x00000000d7180000)
  to   space 2560K, 0% used [0x00000000d6c80000,0x00000000d6c80000,0x00000000d6f00000)
 ParOldGen       total 68608K, used 19443K [0x0000000080000000, 0x0000000084300000, 0x00000000d5580000)
  object space 68608K, 28% used [0x0000000080000000,0x00000000812fcf18,0x0000000084300000)
 Metaspace       used 38681K, committed 39872K, reserved 1114112K
  class space    used 4091K, committed 4608K, reserved 1048576K
}
Event: 12.824 GC heap after
{Heap after GC invocations=17 (full 2):
 PSYoungGen      total 24576K, used 992K [0x00000000d5580000, 0x00000000d7080000, 0x0000000100000000)
  eden space 22016K, 0% used [0x00000000d5580000,0x00000000d5580000,0x00000000d6b00000)
  from space 2560K, 38% used [0x00000000d6c80000,0x00000000d6d78000,0x00000000d6f00000)
  to   space 1536K, 0% used [0x00000000d6f00000,0x00000000d6f00000,0x00000000d7080000)
 ParOldGen       total 68608K, used 20906K [0x0000000080000000, 0x0000000084300000, 0x00000000d5580000)
  object space 68608K, 30% used [0x0000000080000000,0x000000008146a9f0,0x0000000084300000)
 Metaspace       used 38681K, committed 39872K, reserved 1114112K
  class space    used 4091K, committed 4608K, reserved 1048576K
}
Event: 13.422 GC heap before
{Heap before GC invocations=18 (full 2):
 PSYoungGen      total 24576K, used 23008K [0x00000000d5580000, 0x00000000d7080000, 0x0000000100000000)
  eden space 22016K, 100% used [0x00000000d5580000,0x00000000d6b00000,0x00000000d6b00000)
  from space 2560K, 38% used [0x00000000d6c80000,0x00000000d6d78000,0x00000000d6f00000)
  to   space 1536K, 0% used [0x00000000d6f00000,0x00000000d6f00000,0x00000000d7080000)
 ParOldGen       total 68608K, used 20906K [0x0000000080000000, 0x0000000084300000, 0x00000000d5580000)
  object space 68608K, 30% used [0x0000000080000000,0x000000008146a9f0,0x0000000084300000)
 Metaspace       used 40500K, committed 41664K, reserved 1114112K
  class space    used 4319K, committed 4800K, reserved 1048576K
}
Event: 13.427 GC heap after
{Heap after GC invocations=18 (full 2):
 PSYoungGen      total 19456K, used 1514K [0x00000000d5580000, 0x00000000d7b00000, 0x0000000100000000)
  eden space 17920K, 0% used [0x00000000d5580000,0x00000000d5580000,0x00000000d6700000)
  from space 1536K, 98% used [0x00000000d6f00000,0x00000000d707a820,0x00000000d7080000)
  to   space 8192K, 0% used [0x00000000d6700000,0x00000000d6700000,0x00000000d6f00000)
 ParOldGen       total 68608K, used 26418K [0x0000000080000000, 0x0000000084300000, 0x00000000d5580000)
  object space 68608K, 38% used [0x0000000080000000,0x00000000819ccbc0,0x0000000084300000)
 Metaspace       used 40500K, committed 41664K, reserved 1114112K
  class space    used 4319K, committed 4800K, reserved 1048576K
}
Event: 13.970 GC heap before
{Heap before GC invocations=19 (full 2):
 PSYoungGen      total 19456K, used 19434K [0x00000000d5580000, 0x00000000d7b00000, 0x0000000100000000)
  eden space 17920K, 100% used [0x00000000d5580000,0x00000000d6700000,0x00000000d6700000)
  from space 1536K, 98% used [0x00000000d6f00000,0x00000000d707a820,0x00000000d7080000)
  to   space 8192K, 0% used [0x00000000d6700000,0x00000000d6700000,0x00000000d6f00000)
 ParOldGen       total 68608K, used 26418K [0x0000000080000000, 0x0000000084300000, 0x00000000d5580000)
  object space 68608K, 38% used [0x0000000080000000,0x00000000819ccbc0,0x0000000084300000)
 Metaspace       used 42239K, committed 43456K, reserved 1114112K
  class space    used 4543K, committed 5056K, reserved 1048576K
}
Event: 13.974 GC heap after
{Heap after GC invocations=19 (full 2):
 PSYoungGen      total 21504K, used 3430K [0x00000000d5580000, 0x00000000d7100000, 0x0000000100000000)
  eden space 17920K, 0% used [0x00000000d5580000,0x00000000d5580000,0x00000000d6700000)
  from space 3584K, 95% used [0x00000000d6700000,0x00000000d6a59930,0x00000000d6a80000)
  to   space 5120K, 0% used [0x00000000d6c00000,0x00000000d6c00000,0x00000000d7100000)
 ParOldGen       total 68608K, used 27849K [0x0000000080000000, 0x0000000084300000, 0x00000000d5580000)
  object space 68608K, 40% used [0x0000000080000000,0x0000000081b325b8,0x0000000084300000)
 Metaspace       used 42239K, committed 43456K, reserved 1114112K
  class space    used 4543K, committed 5056K, reserved 1048576K
}
Event: 14.573 GC heap before
{Heap before GC invocations=20 (full 2):
 PSYoungGen      total 21504K, used 21350K [0x00000000d5580000, 0x00000000d7100000, 0x0000000100000000)
  eden space 17920K, 100% used [0x00000000d5580000,0x00000000d6700000,0x00000000d6700000)
  from space 3584K, 95% used [0x00000000d6700000,0x00000000d6a59930,0x00000000d6a80000)
  to   space 5120K, 0% used [0x00000000d6c00000,0x00000000d6c00000,0x00000000d7100000)
 ParOldGen       total 68608K, used 27849K [0x0000000080000000, 0x0000000084300000, 0x00000000d5580000)
  object space 68608K, 40% used [0x0000000080000000,0x0000000081b325b8,0x0000000084300000)
 Metaspace       used 44339K, committed 45568K, reserved 1114112K
  class space    used 4842K, committed 5376K, reserved 1048576K
}
Event: 14.578 GC heap after
{Heap after GC invocations=20 (full 2):
 PSYoungGen      total 19456K, used 1408K [0x00000000d5580000, 0x00000000d6d80000, 0x0000000100000000)
  eden space 17920K, 0% used [0x00000000d5580000,0x00000000d5580000,0x00000000d6700000)
  from space 1536K, 91% used [0x00000000d6c00000,0x00000000d6d60000,0x00000000d6d80000)
  to   space 2560K, 0% used [0x00000000d6880000,0x00000000d6880000,0x00000000d6b00000)
 ParOldGen       total 68608K, used 31156K [0x0000000080000000, 0x0000000084300000, 0x00000000d5580000)
  object space 68608K, 45% used [0x0000000080000000,0x0000000081e6d1b8,0x0000000084300000)
 Metaspace       used 44339K, committed 45568K, reserved 1114112K
  class space    used 4842K, committed 5376K, reserved 1048576K
}
Event: 16.368 GC heap before
{Heap before GC invocations=21 (full 2):
 PSYoungGen      total 19456K, used 19328K [0x00000000d5580000, 0x00000000d6d80000, 0x0000000100000000)
  eden space 17920K, 100% used [0x00000000d5580000,0x00000000d6700000,0x00000000d6700000)
  from space 1536K, 91% used [0x00000000d6c00000,0x00000000d6d60000,0x00000000d6d80000)
  to   space 2560K, 0% used [0x00000000d6880000,0x00000000d6880000,0x00000000d6b00000)
 ParOldGen       total 68608K, used 31156K [0x0000000080000000, 0x0000000084300000, 0x00000000d5580000)
  object space 68608K, 45% used [0x0000000080000000,0x0000000081e6d1b8,0x0000000084300000)
 Metaspace       used 46469K, committed 47680K, reserved 1114112K
  class space    used 5080K, committed 5632K, reserved 1048576K
}
Event: 16.373 GC heap after
{Heap after GC invocations=21 (full 2):
 PSYoungGen      total 20480K, used 1184K [0x00000000d5580000, 0x00000000d6c80000, 0x0000000100000000)
  eden space 17920K, 0% used [0x00000000d5580000,0x00000000d5580000,0x00000000d6700000)
  from space 2560K, 46% used [0x00000000d6880000,0x00000000d69a8010,0x00000000d6b00000)
  to   space 1536K, 0% used [0x00000000d6b00000,0x00000000d6b00000,0x00000000d6c80000)
 ParOldGen       total 68608K, used 32360K [0x0000000080000000, 0x0000000084300000, 0x00000000d5580000)
  object space 68608K, 47% used [0x0000000080000000,0x0000000081f9a3e8,0x0000000084300000)
 Metaspace       used 46469K, committed 47680K, reserved 1114112K
  class space    used 5080K, committed 5632K, reserved 1048576K
}
Event: 17.882 GC heap before
{Heap before GC invocations=22 (full 2):
 PSYoungGen      total 20480K, used 19092K [0x00000000d5580000, 0x00000000d6c80000, 0x0000000100000000)
  eden space 17920K, 99% used [0x00000000d5580000,0x00000000d66fd1e8,0x00000000d6700000)
  from space 2560K, 46% used [0x00000000d6880000,0x00000000d69a8010,0x00000000d6b00000)
  to   space 1536K, 0% used [0x00000000d6b00000,0x00000000d6b00000,0x00000000d6c80000)
 ParOldGen       total 68608K, used 32360K [0x0000000080000000, 0x0000000084300000, 0x00000000d5580000)
  object space 68608K, 47% used [0x0000000080000000,0x0000000081f9a3e8,0x0000000084300000)
 Metaspace       used 46588K, committed 47872K, reserved 1114112K
  class space    used 5090K, committed 5632K, reserved 1048576K
}
Event: 17.885 GC heap after
{Heap after GC invocations=22 (full 2):
 PSYoungGen      total 18432K, used 480K [0x00000000d5580000, 0x00000000d6b80000, 0x0000000100000000)
  eden space 17920K, 0% used [0x00000000d5580000,0x00000000d5580000,0x00000000d6700000)
  from space 512K, 93% used [0x00000000d6b00000,0x00000000d6b78000,0x00000000d6b80000)
  to   space 1024K, 0% used [0x00000000d6980000,0x00000000d6980000,0x00000000d6a80000)
 ParOldGen       total 68608K, used 33416K [0x0000000080000000, 0x0000000084300000, 0x00000000d5580000)
  object space 68608K, 48% used [0x0000000080000000,0x00000000820a2090,0x0000000084300000)
 Metaspace       used 46588K, committed 47872K, reserved 1114112K
  class space    used 5090K, committed 5632K, reserved 1048576K
}
Event: 19.461 GC heap before
{Heap before GC invocations=23 (full 2):
 PSYoungGen      total 18432K, used 18400K [0x00000000d5580000, 0x00000000d6b80000, 0x0000000100000000)
  eden space 17920K, 100% used [0x00000000d5580000,0x00000000d6700000,0x00000000d6700000)
  from space 512K, 93% used [0x00000000d6b00000,0x00000000d6b78000,0x00000000d6b80000)
  to   space 1024K, 0% used [0x00000000d6980000,0x00000000d6980000,0x00000000d6a80000)
 ParOldGen       total 68608K, used 33416K [0x0000000080000000, 0x0000000084300000, 0x00000000d5580000)
  object space 68608K, 48% used [0x0000000080000000,0x00000000820a2090,0x0000000084300000)
 Metaspace       used 48242K, committed 49472K, reserved 1114112K
  class space    used 5248K, committed 5760K, reserved 1048576K
}
Event: 19.470 GC heap after
{Heap after GC invocations=23 (full 2):
 PSYoungGen      total 18944K, used 992K [0x00000000d5580000, 0x00000000d6b80000, 0x0000000100000000)
  eden space 17920K, 0% used [0x00000000d5580000,0x00000000d5580000,0x00000000d6700000)
  from space 1024K, 96% used [0x00000000d6980000,0x00000000d6a78020,0x00000000d6a80000)
  to   space 1024K, 0% used [0x00000000d6a80000,0x00000000d6a80000,0x00000000d6b80000)
 ParOldGen       total 68608K, used 34000K [0x0000000080000000, 0x0000000084300000, 0x00000000d5580000)
  object space 68608K, 49% used [0x0000000080000000,0x0000000082134090,0x0000000084300000)
 Metaspace       used 48242K, committed 49472K, reserved 1114112K
  class space    used 5248K, committed 5760K, reserved 1048576K
}
Event: 19.710 GC heap before
{Heap before GC invocations=24 (full 2):
 PSYoungGen      total 18944K, used 18912K [0x00000000d5580000, 0x00000000d6b80000, 0x0000000100000000)
  eden space 17920K, 100% used [0x00000000d5580000,0x00000000d6700000,0x00000000d6700000)
  from space 1024K, 96% used [0x00000000d6980000,0x00000000d6a78020,0x00000000d6a80000)
  to   space 1024K, 0% used [0x00000000d6a80000,0x00000000d6a80000,0x00000000d6b80000)
 ParOldGen       total 68608K, used 34000K [0x0000000080000000, 0x0000000084300000, 0x00000000d5580000)
  object space 68608K, 49% used [0x0000000080000000,0x0000000082134090,0x0000000084300000)
 Metaspace       used 48321K, committed 49600K, reserved 1114112K
  class space    used 5252K, committed 5760K, reserved 1048576K
}
Event: 19.719 GC heap after
{Heap after GC invocations=24 (full 2):
 PSYoungGen      total 18944K, used 992K [0x00000000d5580000, 0x00000000d6b80000, 0x0000000100000000)
  eden space 17920K, 0% used [0x00000000d5580000,0x00000000d5580000,0x00000000d6700000)
  from space 1024K, 96% used [0x00000000d6a80000,0x00000000d6b78010,0x00000000d6b80000)
  to   space 1024K, 0% used [0x00000000d6980000,0x00000000d6980000,0x00000000d6a80000)
 ParOldGen       total 68608K, used 35825K [0x0000000080000000, 0x0000000084300000, 0x00000000d5580000)
  object space 68608K, 52% used [0x0000000080000000,0x00000000822fc500,0x0000000084300000)
 Metaspace       used 48321K, committed 49600K, reserved 1114112K
  class space    used 5252K, committed 5760K, reserved 1048576K
}
Event: 19.892 GC heap before
{Heap before GC invocations=25 (full 2):
 PSYoungGen      total 18944K, used 18912K [0x00000000d5580000, 0x00000000d6b80000, 0x0000000100000000)
  eden space 17920K, 100% used [0x00000000d5580000,0x00000000d6700000,0x00000000d6700000)
  from space 1024K, 96% used [0x00000000d6a80000,0x00000000d6b78010,0x00000000d6b80000)
  to   space 1024K, 0% used [0x00000000d6980000,0x00000000d6980000,0x00000000d6a80000)
 ParOldGen       total 68608K, used 35825K [0x0000000080000000, 0x0000000084300000, 0x00000000d5580000)
  object space 68608K, 52% used [0x0000000080000000,0x00000000822fc500,0x0000000084300000)
 Metaspace       used 48673K, committed 49984K, reserved 1114112K
  class space    used 5305K, committed 5824K, reserved 1048576K
}
Event: 19.897 GC heap after
{Heap after GC invocations=25 (full 2):
 PSYoungGen      total 18944K, used 992K [0x00000000d5580000, 0x00000000d6d00000, 0x0000000100000000)
  eden space 17920K, 0% used [0x00000000d5580000,0x00000000d5580000,0x00000000d6700000)
  from space 1024K, 96% used [0x00000000d6980000,0x00000000d6a78010,0x00000000d6a80000)
  to   space 2560K, 0% used [0x00000000d6a80000,0x00000000d6a80000,0x00000000d6d00000)
 ParOldGen       total 68608K, used 37770K [0x0000000080000000, 0x0000000084300000, 0x00000000d5580000)
  object space 68608K, 55% used [0x0000000080000000,0x00000000824e2920,0x0000000084300000)
 Metaspace       used 48673K, committed 49984K, reserved 1114112K
  class space    used 5305K, committed 5824K, reserved 1048576K
}

