# JRE version: OpenJDK Runtime Environment Temurin-21.0.10+7 (21.0.10+7) (build 21.0.10+7-LTS)
# Java VM: OpenJDK 64-Bit Server VM Temurin-21.0.10+7 (21.0.10+7-LTS, mixed mode, sharing, tiered, compressed oops, compressed class ptrs, parallel gc, windows-amd64)
GC Precious Log:
 CardTable entry size: 512
 CPUs: 8 total, 8 available
 Memory: 3767M
 Large Page Support: Disabled
 NUMA Support: Disabled
 Compressed Oops: Enabled (32-bit)
 Alignments: Space 512K, Generation 512K, Heap 2M
 Heap Min Capacity: 100M
 Heap Initial Capacity: 100M
 Heap Max Capacity: 2G
 Pre-touch: Disabled
 Parallel Workers: 8
Heap:
 PSYoungGen      total 17920K, used 4132K [0x00000000d5580000, 0x00000000d6900000, 0x0000000100000000)
  eden space 16896K, 19% used [0x00000000d5580000,0x00000000d58c6710,0x00000000d6600000)
  from space 1024K, 76% used [0x00000000d6600000,0x00000000d66c2910,0x00000000d6700000)
  to   space 1536K, 0% used [0x00000000d6780000,0x00000000d6780000,0x00000000d6900000)
 ParOldGen       total 68608K, used 54483K [0x0000000080000000, 0x0000000084300000, 0x00000000d5580000)
  object space 68608K, 79% used [0x0000000080000000,0x0000000083534c40,0x0000000084300000)
 Metaspace       used 60436K, committed 61824K, reserved 1114112K
  class space    used 6305K, committed 6912K, reserved 1048576K
GC Heap History (20 events):
Event: 28.818 GC heap before
{Heap before GC invocations=51 (full 2):
 PSYoungGen      total 18944K, used 18432K [0x00000000d5580000, 0x00000000d6900000, 0x0000000100000000)
  eden space 17920K, 100% used [0x00000000d5580000,0x00000000d6700000,0x00000000d6700000)
  from space 1024K, 50% used [0x00000000d6800000,0x00000000d6880000,0x00000000d6900000)
  to   space 1024K, 0% used [0x00000000d6700000,0x00000000d6700000,0x00000000d6800000)
 ParOldGen       total 68608K, used 58885K [0x0000000080000000, 0x0000000084300000, 0x00000000d5580000)
  object space 68608K, 85% used [0x0000000080000000,0x00000000839815b8,0x0000000084300000)
 Metaspace       used 56445K, committed 57856K, reserved 1114112K
  class space    used 6053K, committed 6656K, reserved 1048576K
}
Event: 28.820 GC heap after
{Heap after GC invocations=51 (full 2):
 PSYoungGen      total 18944K, used 648K [0x00000000d5580000, 0x00000000d6900000, 0x0000000100000000)
  eden space 17920K, 0% used [0x00000000d5580000,0x00000000d5580000,0x00000000d6700000)
  from space 1024K, 63% used [0x00000000d6700000,0x00000000d67a2368,0x00000000d6800000)
  to   space 1024K, 0% used [0x00000000d6800000,0x00000000d6800000,0x00000000d6900000)
 ParOldGen       total 68608K, used 59293K [0x0000000080000000, 0x0000000084300000, 0x00000000d5580000)
  object space 68608K, 86% used [0x0000000080000000,0x00000000839e75b8,0x0000000084300000)
 Metaspace       used 56445K, committed 57856K, reserved 1114112K
  class space    used 6053K, committed 6656K, reserved 1048576K
}
Event: 31.567 GC heap before
{Heap before GC invocations=52 (full 2):
 PSYoungGen      total 18944K, used 18568K [0x00000000d5580000, 0x00000000d6900000, 0x0000000100000000)
  eden space 17920K, 99% used [0x00000000d5580000,0x00000000d66ffed0,0x00000000d6700000)
  from space 1024K, 63% used [0x00000000d6700000,0x00000000d67a2368,0x00000000d6800000)
  to   space 1024K, 0% used [0x00000000d6800000,0x00000000d6800000,0x00000000d6900000)
 ParOldGen       total 68608K, used 59293K [0x0000000080000000, 0x0000000084300000, 0x00000000d5580000)
  object space 68608K, 86% used [0x0000000080000000,0x00000000839e75b8,0x0000000084300000)
 Metaspace       used 57245K, committed 58624K, reserved 1114112K
  class space    used 6137K, committed 6720K, reserved 1048576K
}
Event: 31.571 GC heap after
{Heap after GC invocations=52 (full 2):
 PSYoungGen      total 17920K, used 1011K [0x00000000d5580000, 0x00000000d6b00000, 0x0000000100000000)
  eden space 16896K, 0% used [0x00000000d5580000,0x00000000d5580000,0x00000000d6600000)
  from space 1024K, 98% used [0x00000000d6800000,0x00000000d68fcd90,0x00000000d6900000)
  to   space 2048K, 0% used [0x00000000d6600000,0x00000000d6600000,0x00000000d6800000)
 ParOldGen       total 68608K, used 59693K [0x0000000080000000, 0x0000000084300000, 0x00000000d5580000)
  object space 68608K, 87% used [0x0000000080000000,0x0000000083a4b5b8,0x0000000084300000)
 Metaspace       used 57245K, committed 58624K, reserved 1114112K
  class space    used 6137K, committed 6720K, reserved 1048576K
}
Event: 33.002 GC heap before
{Heap before GC invocations=53 (full 2):
 PSYoungGen      total 17920K, used 17892K [0x00000000d5580000, 0x00000000d6b00000, 0x0000000100000000)
  eden space 16896K, 99% used [0x00000000d5580000,0x00000000d65fc350,0x00000000d6600000)
  from space 1024K, 98% used [0x00000000d6800000,0x00000000d68fcd90,0x00000000d6900000)
  to   space 2048K, 0% used [0x00000000d6600000,0x00000000d6600000,0x00000000d6800000)
 ParOldGen       total 68608K, used 59693K [0x0000000080000000, 0x0000000084300000, 0x00000000d5580000)
  object space 68608K, 87% used [0x0000000080000000,0x0000000083a4b5b8,0x0000000084300000)
 Metaspace       used 58326K, committed 59712K, reserved 1114112K
  class space    used 6241K, committed 6848K, reserved 1048576K
}
Event: 33.147 GC heap after
{Heap after GC invocations=53 (full 2):
 PSYoungGen      total 18944K, used 2027K [0x00000000d5580000, 0x00000000d6d00000, 0x0000000100000000)
  eden space 16896K, 0% used [0x00000000d5580000,0x00000000d5580000,0x00000000d6600000)
  from space 2048K, 99% used [0x00000000d6600000,0x00000000d67faf38,0x00000000d6800000)
  to   space 3584K, 0% used [0x00000000d6980000,0x00000000d6980000,0x00000000d6d00000)
 ParOldGen       total 68608K, used 60647K [0x0000000080000000, 0x0000000084300000, 0x00000000d5580000)
  object space 68608K, 88% used [0x0000000080000000,0x0000000083b39f78,0x0000000084300000)
 Metaspace       used 58326K, committed 59712K, reserved 1114112K
  class space    used 6241K, committed 6848K, reserved 1048576K
}
Event: 33.494 GC heap before
{Heap before GC invocations=54 (full 2):
 PSYoungGen      total 18944K, used 3735K [0x00000000d5580000, 0x00000000d6d00000, 0x0000000100000000)
  eden space 16896K, 10% used [0x00000000d5580000,0x00000000d572aec8,0x00000000d6600000)
  from space 2048K, 99% used [0x00000000d6600000,0x00000000d67faf38,0x00000000d6800000)
  to   space 3584K, 0% used [0x00000000d6980000,0x00000000d6980000,0x00000000d6d00000)
 ParOldGen       total 68608K, used 60647K [0x0000000080000000, 0x0000000084300000, 0x00000000d5580000)
  object space 68608K, 88% used [0x0000000080000000,0x0000000083b39f78,0x0000000084300000)
 Metaspace       used 58422K, committed 59776K, reserved 1114112K
  class space    used 6249K, committed 6848K, reserved 1048576K
}
Event: 33.498 GC heap after
{Heap after GC invocations=54 (full 2):
 PSYoungGen      total 17408K, used 448K [0x00000000d5580000, 0x00000000d6a00000, 0x0000000100000000)
  eden space 16896K, 0% used [0x00000000d5580000,0x00000000d5580000,0x00000000d6600000)
  from space 512K, 87% used [0x00000000d6980000,0x00000000d69f0038,0x00000000d6a00000)
  to   space 1536K, 0% used [0x00000000d6700000,0x00000000d6700000,0x00000000d6880000)
 ParOldGen       total 68608K, used 62529K [0x0000000080000000, 0x0000000084300000, 0x00000000d5580000)
  object space 68608K, 91% used [0x0000000080000000,0x0000000083d105f8,0x0000000084300000)
 Metaspace       used 58422K, committed 59776K, reserved 1114112K
  class space    used 6249K, committed 6848K, reserved 1048576K
}
Event: 33.498 GC heap before
{Heap before GC invocations=55 (full 3):
 PSYoungGen      total 17408K, used 448K [0x00000000d5580000, 0x00000000d6a00000, 0x0000000100000000)
  eden space 16896K, 0% used [0x00000000d5580000,0x00000000d5580000,0x00000000d6600000)
  from space 512K, 87% used [0x00000000d6980000,0x00000000d69f0038,0x00000000d6a00000)
  to   space 1536K, 0% used [0x00000000d6700000,0x00000000d6700000,0x00000000d6880000)
 ParOldGen       total 68608K, used 62529K [0x0000000080000000, 0x0000000084300000, 0x00000000d5580000)
  object space 68608K, 91% used [0x0000000080000000,0x0000000083d105f8,0x0000000084300000)
 Metaspace       used 58422K, committed 59776K, reserved 1114112K
  class space    used 6249K, committed 6848K, reserved 1048576K
}
Event: 34.265 GC heap after
{Heap after GC invocations=55 (full 3):
 PSYoungGen      total 17408K, used 0K [0x00000000d5580000, 0x00000000d6a00000, 0x0000000100000000)
  eden space 16896K, 0% used [0x00000000d5580000,0x00000000d5580000,0x00000000d6600000)
  from space 512K, 0% used [0x00000000d6980000,0x00000000d6980000,0x00000000d6a00000)
  to   space 1536K, 0% used [0x00000000d6700000,0x00000000d6700000,0x00000000d6880000)
 ParOldGen       total 68608K, used 49666K [0x0000000080000000, 0x0000000084300000, 0x00000000d5580000)
  object space 68608K, 72% used [0x0000000080000000,0x00000000830809d0,0x0000000084300000)
 Metaspace       used 58422K, committed 59776K, reserved 1114112K
  class space    used 6249K, committed 6848K, reserved 1048576K
}
Event: 34.786 GC heap before
{Heap before GC invocations=56 (full 3):
 PSYoungGen      total 17408K, used 16896K [0x00000000d5580000, 0x00000000d6a00000, 0x0000000100000000)
  eden space 16896K, 100% used [0x00000000d5580000,0x00000000d6600000,0x00000000d6600000)
  from space 512K, 0% used [0x00000000d6980000,0x00000000d6980000,0x00000000d6a00000)
  to   space 1536K, 0% used [0x00000000d6700000,0x00000000d6700000,0x00000000d6880000)
 ParOldGen       total 68608K, used 49666K [0x0000000080000000, 0x0000000084300000, 0x00000000d5580000)
  object space 68608K, 72% used [0x0000000080000000,0x00000000830809d0,0x0000000084300000)
 Metaspace       used 58986K, committed 60416K, reserved 1114112K
  class space    used 6278K, committed 6912K, reserved 1048576K
}
Event: 34.791 GC heap after
{Heap after GC invocations=56 (full 3):
 PSYoungGen      total 18432K, used 1532K [0x00000000d5580000, 0x00000000d6c00000, 0x0000000100000000)
  eden space 16896K, 0% used [0x00000000d5580000,0x00000000d5580000,0x00000000d6600000)
  from space 1536K, 99% used [0x00000000d6700000,0x00000000d687f0d0,0x00000000d6880000)
  to   space 3072K, 0% used [0x00000000d6900000,0x00000000d6900000,0x00000000d6c00000)
 ParOldGen       total 68608K, used 50773K [0x0000000080000000, 0x0000000084300000, 0x00000000d5580000)
  object space 68608K, 74% used [0x0000000080000000,0x00000000831954b8,0x0000000084300000)
 Metaspace       used 58986K, committed 60416K, reserved 1114112K
  class space    used 6278K, committed 6912K, reserved 1048576K
}
Event: 35.625 GC heap before
{Heap before GC invocations=57 (full 3):
 PSYoungGen      total 18432K, used 18428K [0x00000000d5580000, 0x00000000d6c00000, 0x0000000100000000)
  eden space 16896K, 100% used [0x00000000d5580000,0x00000000d6600000,0x00000000d6600000)
  from space 1536K, 99% used [0x00000000d6700000,0x00000000d687f0d0,0x00000000d6880000)
  to   space 3072K, 0% used [0x00000000d6900000,0x00000000d6900000,0x00000000d6c00000)
 ParOldGen       total 68608K, used 50773K [0x0000000080000000, 0x0000000084300000, 0x00000000d5580000)
  object space 68608K, 74% used [0x0000000080000000,0x00000000831954b8,0x0000000084300000)
 Metaspace       used 59772K, committed 61248K, reserved 1114112K
  class space    used 6285K, committed 6912K, reserved 1048576K
}
Event: 35.629 GC heap after
{Heap after GC invocations=57 (full 3):
 PSYoungGen      total 19968K, used 2738K [0x00000000d5580000, 0x00000000d6c00000, 0x0000000100000000)
  eden space 16896K, 0% used [0x00000000d5580000,0x00000000d5580000,0x00000000d6600000)
  from space 3072K, 89% used [0x00000000d6900000,0x00000000d6bacb40,0x00000000d6c00000)
  to   space 3072K, 0% used [0x00000000d6600000,0x00000000d6600000,0x00000000d6900000)
 ParOldGen       total 68608K, used 52318K [0x0000000080000000, 0x0000000084300000, 0x00000000d5580000)
  object space 68608K, 76% used [0x0000000080000000,0x0000000083317bf0,0x0000000084300000)
 Metaspace       used 59772K, committed 61248K, reserved 1114112K
  class space    used 6285K, committed 6912K, reserved 1048576K
}
Event: 35.907 GC heap before
{Heap before GC invocations=58 (full 3):
 PSYoungGen      total 19968K, used 19634K [0x00000000d5580000, 0x00000000d6c00000, 0x0000000100000000)
  eden space 16896K, 100% used [0x00000000d5580000,0x00000000d6600000,0x00000000d6600000)
  from space 3072K, 89% used [0x00000000d6900000,0x00000000d6bacb40,0x00000000d6c00000)
  to   space 3072K, 0% used [0x00000000d6600000,0x00000000d6600000,0x00000000d6900000)
 ParOldGen       total 68608K, used 52318K [0x0000000080000000, 0x0000000084300000, 0x00000000d5580000)
  object space 68608K, 76% used [0x0000000080000000,0x0000000083317bf0,0x0000000084300000)
 Metaspace       used 60091K, committed 61568K, reserved 1114112K
  class space    used 6287K, committed 6912K, reserved 1048576K
}
Event: 35.910 GC heap after
{Heap after GC invocations=58 (full 3):
 PSYoungGen      total 17920K, used 554K [0x00000000d5580000, 0x00000000d6980000, 0x0000000100000000)
  eden space 16896K, 0% used [0x00000000d5580000,0x00000000d5580000,0x00000000d6600000)
  from space 1024K, 54% used [0x00000000d6600000,0x00000000d668a910,0x00000000d6700000)
  to   space 1536K, 0% used [0x00000000d6800000,0x00000000d6800000,0x00000000d6980000)
 ParOldGen       total 68608K, used 53702K [0x0000000080000000, 0x0000000084300000, 0x00000000d5580000)
  object space 68608K, 78% used [0x0000000080000000,0x0000000083471a30,0x0000000084300000)
 Metaspace       used 60091K, committed 61568K, reserved 1114112K
  class space    used 6287K, committed 6912K, reserved 1048576K
}
Event: 36.230 GC heap before
{Heap before GC invocations=59 (full 3):
 PSYoungGen      total 17920K, used 17450K [0x00000000d5580000, 0x00000000d6980000, 0x0000000100000000)
  eden space 16896K, 100% used [0x00000000d5580000,0x00000000d6600000,0x00000000d6600000)
  from space 1024K, 54% used [0x00000000d6600000,0x00000000d668a910,0x00000000d6700000)
  to   space 1536K, 0% used [0x00000000d6800000,0x00000000d6800000,0x00000000d6980000)
 ParOldGen       total 68608K, used 53702K [0x0000000080000000, 0x0000000084300000, 0x00000000d5580000)
  object space 68608K, 78% used [0x0000000080000000,0x0000000083471a30,0x0000000084300000)
 Metaspace       used 60225K, committed 61696K, reserved 1114112K
  class space    used 6303K, committed 6912K, reserved 1048576K
}
Event: 36.232 GC heap after
{Heap after GC invocations=59 (full 3):
 PSYoungGen      total 18432K, used 1507K [0x00000000d5580000, 0x00000000d6a00000, 0x0000000100000000)
  eden space 16896K, 0% used [0x00000000d5580000,0x00000000d5580000,0x00000000d6600000)
  from space 1536K, 98% used [0x00000000d6800000,0x00000000d6978f88,0x00000000d6980000)
  to   space 2048K, 0% used [0x00000000d6600000,0x00000000d6600000,0x00000000d6800000)
 ParOldGen       total 68608K, used 53758K [0x0000000080000000, 0x0000000084300000, 0x00000000d5580000)
  object space 68608K, 78% used [0x0000000080000000,0x000000008347fa30,0x0000000084300000)
 Metaspace       used 60225K, committed 61696K, reserved 1114112K
  class space    used 6303K, committed 6912K, reserved 1048576K
}
Event: 102.610 GC heap before
{Heap before GC invocations=60 (full 3):
 PSYoungGen      total 18432K, used 18403K [0x00000000d5580000, 0x00000000d6a00000, 0x0000000100000000)
  eden space 16896K, 100% used [0x00000000d5580000,0x00000000d6600000,0x00000000d6600000)
  from space 1536K, 98% used [0x00000000d6800000,0x00000000d6978f88,0x00000000d6980000)
  to   space 2048K, 0% used [0x00000000d6600000,0x00000000d6600000,0x00000000d6800000)
 ParOldGen       total 68608K, used 53758K [0x0000000080000000, 0x0000000084300000, 0x00000000d5580000)
  object space 68608K, 78% used [0x0000000080000000,0x000000008347fa30,0x0000000084300000)
 Metaspace       used 60398K, committed 61760K, reserved 1114112K
  class space    used 6305K, committed 6912K, reserved 1048576K
}
Event: 102.761 GC heap after
{Heap after GC invocations=60 (full 3):
 PSYoungGen      total 17920K, used 778K [0x00000000d5580000, 0x00000000d6900000, 0x0000000100000000)
  eden space 16896K, 0% used [0x00000000d5580000,0x00000000d5580000,0x00000000d6600000)
  from space 1024K, 76% used [0x00000000d6600000,0x00000000d66c2910,0x00000000d6700000)
  to   space 1536K, 0% used [0x00000000d6780000,0x00000000d6780000,0x00000000d6900000)
 ParOldGen       total 68608K, used 54483K [0x0000000080000000, 0x0000000084300000, 0x00000000d5580000)
  object space 68608K, 79% used [0x0000000080000000,0x0000000083534c40,0x0000000084300000)
 Metaspace       used 60398K, committed 61760K, reserved 1114112K
  class space    used 6305K, committed 6912K, reserved 1048576K
}

