# JRE version: OpenJDK Runtime Environment Temurin-21.0.10+7 (21.0.10+7) (build 21.0.10+7-LTS)
# Java VM: OpenJDK 64-Bit Server VM Temurin-21.0.10+7 (21.0.10+7-LTS, mixed mode, sharing, tiered, compressed oops, compressed class ptrs, parallel gc, windows-amd64)
GC Precious Log:
 CardTable entry size: 512
 CPUs: 8 total, 8 available
 Memory: 3767M
 Large Page Support: Disabled
 NUMA Support: Disabled
 Compressed Oops: Enabled (32-bit)
 Alignments: Space 512K, Generation 512K, Heap 2M
 Heap Min Capacity: 100M
 Heap Initial Capacity: 100M
 Heap Max Capacity: 2G
 Pre-touch: Disabled
 Parallel Workers: 8
Heap:
 PSYoungGen      total 19456K, used 6557K [0x00000000d5580000, 0x00000000d6a80000, 0x0000000100000000)
  eden space 18944K, 33% used [0x00000000d5580000,0x00000000d5b9f428,0x00000000d6800000)
  from space 512K, 56% used [0x00000000d6a00000,0x00000000d6a48000,0x00000000d6a80000)
  to   space 1024K, 0% used [0x00000000d6880000,0x00000000d6880000,0x00000000d6980000)
 ParOldGen       total 78848K, used 78692K [0x0000000080000000, 0x0000000084d00000, 0x00000000d5580000)
  object space 78848K, 99% used [0x0000000080000000,0x0000000084cd90f8,0x0000000084d00000)
 Metaspace       used 64866K, committed 66304K, reserved 1114112K
  class space    used 6703K, committed 7296K, reserved 1048576K
GC Heap History (20 events):
Event: 50.467 GC heap before
{Heap before GC invocations=74 (full 3):
 PSYoungGen      total 21504K, used 21419K [0x00000000d5580000, 0x00000000d6e80000, 0x0000000100000000)
  eden space 18944K, 100% used [0x00000000d5580000,0x00000000d6800000,0x00000000d6800000)
  from space 2560K, 96% used [0x00000000d6c00000,0x00000000d6e6ae00,0x00000000d6e80000)
  to   space 3072K, 0% used [0x00000000d6880000,0x00000000d6880000,0x00000000d6b80000)
 ParOldGen       total 73728K, used 73428K [0x0000000080000000, 0x0000000084800000, 0x00000000d5580000)
  object space 73728K, 99% used [0x0000000080000000,0x00000000847b50f8,0x0000000084800000)
 Metaspace       used 63243K, committed 64768K, reserved 1114112K
  class space    used 6610K, committed 7232K, reserved 1048576K
}
Event: 50.473 GC heap after
{Heap after GC invocations=74 (full 3):
 PSYoungGen      total 22016K, used 2677K [0x00000000d5580000, 0x00000000d6e00000, 0x0000000100000000)
  eden space 18944K, 0% used [0x00000000d5580000,0x00000000d5580000,0x00000000d6800000)
  from space 3072K, 87% used [0x00000000d6880000,0x00000000d6b1d410,0x00000000d6b80000)
  to   space 2560K, 0% used [0x00000000d6b80000,0x00000000d6b80000,0x00000000d6e00000)
 ParOldGen       total 75264K, used 74969K [0x0000000080000000, 0x0000000084980000, 0x00000000d5580000)
  object space 75264K, 99% used [0x0000000080000000,0x00000000849364f8,0x0000000084980000)
 Metaspace       used 63243K, committed 64768K, reserved 1114112K
  class space    used 6610K, committed 7232K, reserved 1048576K
}
Event: 50.745 GC heap before
{Heap before GC invocations=75 (full 3):
 PSYoungGen      total 22016K, used 21621K [0x00000000d5580000, 0x00000000d6e00000, 0x0000000100000000)
  eden space 18944K, 100% used [0x00000000d5580000,0x00000000d6800000,0x00000000d6800000)
  from space 3072K, 87% used [0x00000000d6880000,0x00000000d6b1d410,0x00000000d6b80000)
  to   space 2560K, 0% used [0x00000000d6b80000,0x00000000d6b80000,0x00000000d6e00000)
 ParOldGen       total 75264K, used 74969K [0x0000000080000000, 0x0000000084980000, 0x00000000d5580000)
  object space 75264K, 99% used [0x0000000080000000,0x00000000849364f8,0x0000000084980000)
 Metaspace       used 63429K, committed 64896K, reserved 1114112K
  class space    used 6610K, committed 7232K, reserved 1048576K
}
Event: 50.747 GC heap after
{Heap after GC invocations=75 (full 3):
 PSYoungGen      total 20480K, used 1156K [0x00000000d5580000, 0x00000000d6d00000, 0x0000000100000000)
  eden space 18944K, 0% used [0x00000000d5580000,0x00000000d5580000,0x00000000d6800000)
  from space 1536K, 75% used [0x00000000d6b80000,0x00000000d6ca1210,0x00000000d6d00000)
  to   space 2048K, 0% used [0x00000000d6900000,0x00000000d6900000,0x00000000d6b00000)
 ParOldGen       total 75776K, used 75390K [0x0000000080000000, 0x0000000084a00000, 0x00000000d5580000)
  object space 75776K, 99% used [0x0000000080000000,0x000000008499f8d8,0x0000000084a00000)
 Metaspace       used 63429K, committed 64896K, reserved 1114112K
  class space    used 6610K, committed 7232K, reserved 1048576K
}
Event: 50.918 GC heap before
{Heap before GC invocations=76 (full 3):
 PSYoungGen      total 20480K, used 20100K [0x00000000d5580000, 0x00000000d6d00000, 0x0000000100000000)
  eden space 18944K, 100% used [0x00000000d5580000,0x00000000d6800000,0x00000000d6800000)
  from space 1536K, 75% used [0x00000000d6b80000,0x00000000d6ca1210,0x00000000d6d00000)
  to   space 2048K, 0% used [0x00000000d6900000,0x00000000d6900000,0x00000000d6b00000)
 ParOldGen       total 75776K, used 75390K [0x0000000080000000, 0x0000000084a00000, 0x00000000d5580000)
  object space 75776K, 99% used [0x0000000080000000,0x000000008499f8d8,0x0000000084a00000)
 Metaspace       used 63551K, committed 65024K, reserved 1114112K
  class space    used 6610K, committed 7232K, reserved 1048576K
}
Event: 50.921 GC heap after
{Heap after GC invocations=76 (full 3):
 PSYoungGen      total 20992K, used 1946K [0x00000000d5580000, 0x00000000d6d00000, 0x0000000100000000)
  eden space 18944K, 0% used [0x00000000d5580000,0x00000000d5580000,0x00000000d6800000)
  from space 2048K, 95% used [0x00000000d6900000,0x00000000d6ae6a78,0x00000000d6b00000)
  to   space 2048K, 0% used [0x00000000d6b00000,0x00000000d6b00000,0x00000000d6d00000)
 ParOldGen       total 76288K, used 76067K [0x0000000080000000, 0x0000000084a80000, 0x00000000d5580000)
  object space 76288K, 99% used [0x0000000080000000,0x0000000084a48ff0,0x0000000084a80000)
 Metaspace       used 63551K, committed 65024K, reserved 1114112K
  class space    used 6610K, committed 7232K, reserved 1048576K
}
Event: 51.123 GC heap before
{Heap before GC invocations=77 (full 3):
 PSYoungGen      total 20992K, used 20890K [0x00000000d5580000, 0x00000000d6d00000, 0x0000000100000000)
  eden space 18944K, 100% used [0x00000000d5580000,0x00000000d6800000,0x00000000d6800000)
  from space 2048K, 95% used [0x00000000d6900000,0x00000000d6ae6a78,0x00000000d6b00000)
  to   space 2048K, 0% used [0x00000000d6b00000,0x00000000d6b00000,0x00000000d6d00000)
 ParOldGen       total 76288K, used 76067K [0x0000000080000000, 0x0000000084a80000, 0x00000000d5580000)
  object space 76288K, 99% used [0x0000000080000000,0x0000000084a48ff0,0x0000000084a80000)
 Metaspace       used 63647K, committed 65088K, reserved 1114112K
  class space    used 6611K, committed 7232K, reserved 1048576K
}
Event: 51.125 GC heap after
{Heap after GC invocations=77 (full 3):
 PSYoungGen      total 19968K, used 714K [0x00000000d5580000, 0x00000000d6c00000, 0x0000000100000000)
  eden space 18944K, 0% used [0x00000000d5580000,0x00000000d5580000,0x00000000d6800000)
  from space 1024K, 69% used [0x00000000d6b00000,0x00000000d6bb2910,0x00000000d6c00000)
  to   space 1536K, 0% used [0x00000000d6900000,0x00000000d6900000,0x00000000d6a80000)
 ParOldGen       total 76288K, used 76187K [0x0000000080000000, 0x0000000084a80000, 0x00000000d5580000)
  object space 76288K, 99% used [0x0000000080000000,0x0000000084a66ff0,0x0000000084a80000)
 Metaspace       used 63647K, committed 65088K, reserved 1114112K
  class space    used 6611K, committed 7232K, reserved 1048576K
}
Event: 51.264 GC heap before
{Heap before GC invocations=78 (full 3):
 PSYoungGen      total 19968K, used 19658K [0x00000000d5580000, 0x00000000d6c00000, 0x0000000100000000)
  eden space 18944K, 100% used [0x00000000d5580000,0x00000000d6800000,0x00000000d6800000)
  from space 1024K, 69% used [0x00000000d6b00000,0x00000000d6bb2910,0x00000000d6c00000)
  to   space 1536K, 0% used [0x00000000d6900000,0x00000000d6900000,0x00000000d6a80000)
 ParOldGen       total 76288K, used 76187K [0x0000000080000000, 0x0000000084a80000, 0x00000000d5580000)
  object space 76288K, 99% used [0x0000000080000000,0x0000000084a66ff0,0x0000000084a80000)
 Metaspace       used 63737K, committed 65216K, reserved 1114112K
  class space    used 6614K, committed 7232K, reserved 1048576K
}
Event: 51.266 GC heap after
{Heap after GC invocations=78 (full 3):
 PSYoungGen      total 20480K, used 938K [0x00000000d5580000, 0x00000000d6b80000, 0x0000000100000000)
  eden space 18944K, 0% used [0x00000000d5580000,0x00000000d5580000,0x00000000d6800000)
  from space 1536K, 61% used [0x00000000d6900000,0x00000000d69ea910,0x00000000d6a80000)
  to   space 1024K, 0% used [0x00000000d6a80000,0x00000000d6a80000,0x00000000d6b80000)
 ParOldGen       total 76800K, used 76339K [0x0000000080000000, 0x0000000084b00000, 0x00000000d5580000)
  object space 76800K, 99% used [0x0000000080000000,0x0000000084a8cff0,0x0000000084b00000)
 Metaspace       used 63737K, committed 65216K, reserved 1114112K
  class space    used 6614K, committed 7232K, reserved 1048576K
}
Event: 51.366 GC heap before
{Heap before GC invocations=79 (full 3):
 PSYoungGen      total 20480K, used 19514K [0x00000000d5580000, 0x00000000d6b80000, 0x0000000100000000)
  eden space 18944K, 98% used [0x00000000d5580000,0x00000000d67a40a8,0x00000000d6800000)
  from space 1536K, 61% used [0x00000000d6900000,0x00000000d69ea910,0x00000000d6a80000)
  to   space 1024K, 0% used [0x00000000d6a80000,0x00000000d6a80000,0x00000000d6b80000)
 ParOldGen       total 76800K, used 76339K [0x0000000080000000, 0x0000000084b00000, 0x00000000d5580000)
  object space 76800K, 99% used [0x0000000080000000,0x0000000084a8cff0,0x0000000084b00000)
 Metaspace       used 64195K, committed 65664K, reserved 1114112K
  class space    used 6656K, committed 7296K, reserved 1048576K
}
Event: 51.369 GC heap after
{Heap after GC invocations=79 (full 3):
 PSYoungGen      total 19968K, used 998K [0x00000000d5580000, 0x00000000d6c00000, 0x0000000100000000)
  eden space 18944K, 0% used [0x00000000d5580000,0x00000000d5580000,0x00000000d6800000)
  from space 1024K, 97% used [0x00000000d6a80000,0x00000000d6b79b48,0x00000000d6b80000)
  to   space 2048K, 0% used [0x00000000d6800000,0x00000000d6800000,0x00000000d6a00000)
 ParOldGen       total 77312K, used 76820K [0x0000000080000000, 0x0000000084b80000, 0x00000000d5580000)
  object space 77312K, 99% used [0x0000000080000000,0x0000000084b05030,0x0000000084b80000)
 Metaspace       used 64195K, committed 65664K, reserved 1114112K
  class space    used 6656K, committed 7296K, reserved 1048576K
}
Event: 51.581 GC heap before
{Heap before GC invocations=80 (full 3):
 PSYoungGen      total 19968K, used 19942K [0x00000000d5580000, 0x00000000d6c00000, 0x0000000100000000)
  eden space 18944K, 100% used [0x00000000d5580000,0x00000000d6800000,0x00000000d6800000)
  from space 1024K, 97% used [0x00000000d6a80000,0x00000000d6b79b48,0x00000000d6b80000)
  to   space 2048K, 0% used [0x00000000d6800000,0x00000000d6800000,0x00000000d6a00000)
 ParOldGen       total 77312K, used 76820K [0x0000000080000000, 0x0000000084b80000, 0x00000000d5580000)
  object space 77312K, 99% used [0x0000000080000000,0x0000000084b05030,0x0000000084b80000)
 Metaspace       used 64266K, committed 65728K, reserved 1114112K
  class space    used 6660K, committed 7296K, reserved 1048576K
}
Event: 51.586 GC heap after
{Heap after GC invocations=80 (full 3):
 PSYoungGen      total 20480K, used 1268K [0x00000000d5580000, 0x00000000d6b00000, 0x0000000100000000)
  eden space 18944K, 0% used [0x00000000d5580000,0x00000000d5580000,0x00000000d6800000)
  from space 1536K, 82% used [0x00000000d6800000,0x00000000d693d210,0x00000000d6980000)
  to   space 1536K, 0% used [0x00000000d6980000,0x00000000d6980000,0x00000000d6b00000)
 ParOldGen       total 77824K, used 77794K [0x0000000080000000, 0x0000000084c00000, 0x00000000d5580000)
  object space 77824K, 99% used [0x0000000080000000,0x0000000084bf8990,0x0000000084c00000)
 Metaspace       used 64266K, committed 65728K, reserved 1114112K
  class space    used 6660K, committed 7296K, reserved 1048576K
}
Event: 51.692 GC heap before
{Heap before GC invocations=81 (full 3):
 PSYoungGen      total 20480K, used 20212K [0x00000000d5580000, 0x00000000d6b00000, 0x0000000100000000)
  eden space 18944K, 100% used [0x00000000d5580000,0x00000000d6800000,0x00000000d6800000)
  from space 1536K, 82% used [0x00000000d6800000,0x00000000d693d210,0x00000000d6980000)
  to   space 1536K, 0% used [0x00000000d6980000,0x00000000d6980000,0x00000000d6b00000)
 ParOldGen       total 77824K, used 77794K [0x0000000080000000, 0x0000000084c00000, 0x00000000d5580000)
  object space 77824K, 99% used [0x0000000080000000,0x0000000084bf8990,0x0000000084c00000)
 Metaspace       used 64364K, committed 65856K, reserved 1114112K
  class space    used 6661K, committed 7296K, reserved 1048576K
}
Event: 51.694 GC heap after
{Heap after GC invocations=81 (full 3):
 PSYoungGen      total 20480K, used 1300K [0x00000000d5580000, 0x00000000d6b00000, 0x0000000100000000)
  eden space 18944K, 0% used [0x00000000d5580000,0x00000000d5580000,0x00000000d6800000)
  from space 1536K, 84% used [0x00000000d6980000,0x00000000d6ac5220,0x00000000d6b00000)
  to   space 1536K, 0% used [0x00000000d6800000,0x00000000d6800000,0x00000000d6980000)
 ParOldGen       total 78848K, used 78516K [0x0000000080000000, 0x0000000084d00000, 0x00000000d5580000)
  object space 78848K, 99% used [0x0000000080000000,0x0000000084cad0d8,0x0000000084d00000)
 Metaspace       used 64364K, committed 65856K, reserved 1114112K
  class space    used 6661K, committed 7296K, reserved 1048576K
}
Event: 51.765 GC heap before
{Heap before GC invocations=82 (full 3):
 PSYoungGen      total 20480K, used 20244K [0x00000000d5580000, 0x00000000d6b00000, 0x0000000100000000)
  eden space 18944K, 100% used [0x00000000d5580000,0x00000000d6800000,0x00000000d6800000)
  from space 1536K, 84% used [0x00000000d6980000,0x00000000d6ac5220,0x00000000d6b00000)
  to   space 1536K, 0% used [0x00000000d6800000,0x00000000d6800000,0x00000000d6980000)
 ParOldGen       total 78848K, used 78516K [0x0000000080000000, 0x0000000084d00000, 0x00000000d5580000)
  object space 78848K, 99% used [0x0000000080000000,0x0000000084cad0d8,0x0000000084d00000)
 Metaspace       used 64432K, committed 65856K, reserved 1114112K
  class space    used 6662K, committed 7296K, reserved 1048576K
}
Event: 51.767 GC heap after
{Heap after GC invocations=82 (full 3):
 PSYoungGen      total 20480K, used 1509K [0x00000000d5580000, 0x00000000d6c00000, 0x0000000100000000)
  eden space 18944K, 0% used [0x00000000d5580000,0x00000000d5580000,0x00000000d6800000)
  from space 1536K, 98% used [0x00000000d6800000,0x00000000d69796b8,0x00000000d6980000)
  to   space 2048K, 0% used [0x00000000d6a00000,0x00000000d6a00000,0x00000000d6c00000)
 ParOldGen       total 78848K, used 78548K [0x0000000080000000, 0x0000000084d00000, 0x00000000d5580000)
  object space 78848K, 99% used [0x0000000080000000,0x0000000084cb50d8,0x0000000084d00000)
 Metaspace       used 64432K, committed 65856K, reserved 1114112K
  class space    used 6662K, committed 7296K, reserved 1048576K
}
Event: 51.964 GC heap before
{Heap before GC invocations=83 (full 3):
 PSYoungGen      total 20480K, used 20453K [0x00000000d5580000, 0x00000000d6c00000, 0x0000000100000000)
  eden space 18944K, 100% used [0x00000000d5580000,0x00000000d6800000,0x00000000d6800000)
  from space 1536K, 98% used [0x00000000d6800000,0x00000000d69796b8,0x00000000d6980000)
  to   space 2048K, 0% used [0x00000000d6a00000,0x00000000d6a00000,0x00000000d6c00000)
 ParOldGen       total 78848K, used 78548K [0x0000000080000000, 0x0000000084d00000, 0x00000000d5580000)
  object space 78848K, 99% used [0x0000000080000000,0x0000000084cb50d8,0x0000000084d00000)
 Metaspace       used 64713K, committed 66176K, reserved 1114112K
  class space    used 6684K, committed 7296K, reserved 1048576K
}
Event: 51.966 GC heap after
{Heap after GC invocations=83 (full 3):
 PSYoungGen      total 19456K, used 288K [0x00000000d5580000, 0x00000000d6a80000, 0x0000000100000000)
  eden space 18944K, 0% used [0x00000000d5580000,0x00000000d5580000,0x00000000d6800000)
  from space 512K, 56% used [0x00000000d6a00000,0x00000000d6a48000,0x00000000d6a80000)
  to   space 1024K, 0% used [0x00000000d6880000,0x00000000d6880000,0x00000000d6980000)
 ParOldGen       total 78848K, used 78692K [0x0000000080000000, 0x0000000084d00000, 0x00000000d5580000)
  object space 78848K, 99% used [0x0000000080000000,0x0000000084cd90f8,0x0000000084d00000)
 Metaspace       used 64713K, committed 66176K, reserved 1114112K
  class space    used 6684K, committed 7296K, reserved 1048576K
}

