# JRE version: OpenJDK Runtime Environment Temurin-21.0.10+7 (21.0.10+7) (build 21.0.10+7-LTS)
# Java VM: OpenJDK 64-Bit Server VM Temurin-21.0.10+7 (21.0.10+7-LTS, mixed mode, sharing, tiered, compressed oops, compressed class ptrs, parallel gc, windows-amd64)
GC Precious Log:
 CardTable entry size: 512
 CPUs: 8 total, 8 available
 Memory: 3767M
 Large Page Support: Disabled
 NUMA Support: Disabled
 Compressed Oops: Enabled (32-bit)
 Alignments: Space 512K, Generation 512K, Heap 2M
 Heap Min Capacity: 100M
 Heap Initial Capacity: 100M
 Heap Max Capacity: 2G
 Pre-touch: Disabled
 Parallel Workers: 8
Heap:
 PSYoungGen      total 10240K, used 9238K [0x00000000d5580000, 0x00000000d6500000, 0x0000000100000000)
  eden space 7680K, 87% used [0x00000000d5580000,0x00000000d5c06680,0x00000000d5d00000)
  from space 2560K, 99% used [0x00000000d6080000,0x00000000d62ff4f0,0x00000000d6300000)
  to   space 3584K, 0% used [0x00000000d5d00000,0x00000000d5d00000,0x00000000d6080000)
 ParOldGen       total 75264K, used 74988K [0x0000000080000000, 0x0000000084980000, 0x00000000d5580000)
  object space 75264K, 99% used [0x0000000080000000,0x000000008493b040,0x0000000084980000)
 Metaspace       used 64152K, committed 65664K, reserved 1114112K
  class space    used 6630K, committed 7296K, reserved 1048576K
GC Heap History (20 events):
Event: 62.998 GC heap before
{Heap before GC invocations=84 (full 3):
 PSYoungGen      total 9728K, used 9700K [0x00000000d5580000, 0x00000000d6680000, 0x0000000100000000)
  eden space 8704K, 100% used [0x00000000d5580000,0x00000000d5e00000,0x00000000d5e00000)
  from space 1024K, 97% used [0x00000000d6180000,0x00000000d6279378,0x00000000d6280000)
  to   space 3584K, 0% used [0x00000000d5e00000,0x00000000d5e00000,0x00000000d6180000)
 ParOldGen       total 69120K, used 68660K [0x0000000080000000, 0x0000000084380000, 0x00000000d5580000)
  object space 69120K, 99% used [0x0000000080000000,0x000000008430d240,0x0000000084380000)
 Metaspace       used 62923K, committed 64448K, reserved 1114112K
  class space    used 6529K, committed 7168K, reserved 1048576K
}
Event: 63.003 GC heap after
{Heap after GC invocations=84 (full 3):
 PSYoungGen      total 10752K, used 1774K [0x00000000d5580000, 0x00000000d6300000, 0x0000000100000000)
  eden space 8704K, 0% used [0x00000000d5580000,0x00000000d5580000,0x00000000d5e00000)
  from space 2048K, 86% used [0x00000000d5e00000,0x00000000d5fbb848,0x00000000d6000000)
  to   space 2560K, 0% used [0x00000000d6080000,0x00000000d6080000,0x00000000d6300000)
 ParOldGen       total 69632K, used 69503K [0x0000000080000000, 0x0000000084400000, 0x00000000d5580000)
  object space 69632K, 99% used [0x0000000080000000,0x00000000843dfdb8,0x0000000084400000)
 Metaspace       used 62923K, committed 64448K, reserved 1114112K
  class space    used 6529K, committed 7168K, reserved 1048576K
}
Event: 63.120 GC heap before
{Heap before GC invocations=85 (full 3):
 PSYoungGen      total 10752K, used 10478K [0x00000000d5580000, 0x00000000d6300000, 0x0000000100000000)
  eden space 8704K, 100% used [0x00000000d5580000,0x00000000d5e00000,0x00000000d5e00000)
  from space 2048K, 86% used [0x00000000d5e00000,0x00000000d5fbb848,0x00000000d6000000)
  to   space 2560K, 0% used [0x00000000d6080000,0x00000000d6080000,0x00000000d6300000)
 ParOldGen       total 69632K, used 69503K [0x0000000080000000, 0x0000000084400000, 0x00000000d5580000)
  object space 69632K, 99% used [0x0000000080000000,0x00000000843dfdb8,0x0000000084400000)
 Metaspace       used 62992K, committed 64512K, reserved 1114112K
  class space    used 6529K, committed 7168K, reserved 1048576K
}
Event: 63.124 GC heap after
{Heap after GC invocations=85 (full 3):
 PSYoungGen      total 10240K, used 1333K [0x00000000d5580000, 0x00000000d6200000, 0x0000000100000000)
  eden space 8704K, 0% used [0x00000000d5580000,0x00000000d5580000,0x00000000d5e00000)
  from space 1536K, 86% used [0x00000000d6080000,0x00000000d61cd6b8,0x00000000d6200000)
  to   space 2048K, 0% used [0x00000000d5e00000,0x00000000d5e00000,0x00000000d6000000)
 ParOldGen       total 70656K, used 70409K [0x0000000080000000, 0x0000000084500000, 0x00000000d5580000)
  object space 70656K, 99% used [0x0000000080000000,0x00000000844c2688,0x0000000084500000)
 Metaspace       used 62992K, committed 64512K, reserved 1114112K
  class space    used 6529K, committed 7168K, reserved 1048576K
}
Event: 63.250 GC heap before
{Heap before GC invocations=86 (full 3):
 PSYoungGen      total 10240K, used 10037K [0x00000000d5580000, 0x00000000d6200000, 0x0000000100000000)
  eden space 8704K, 100% used [0x00000000d5580000,0x00000000d5e00000,0x00000000d5e00000)
  from space 1536K, 86% used [0x00000000d6080000,0x00000000d61cd6b8,0x00000000d6200000)
  to   space 2048K, 0% used [0x00000000d5e00000,0x00000000d5e00000,0x00000000d6000000)
 ParOldGen       total 70656K, used 70409K [0x0000000080000000, 0x0000000084500000, 0x00000000d5580000)
  object space 70656K, 99% used [0x0000000080000000,0x00000000844c2688,0x0000000084500000)
 Metaspace       used 63068K, committed 64576K, reserved 1114112K
  class space    used 6532K, committed 7168K, reserved 1048576K
}
Event: 63.253 GC heap after
{Heap after GC invocations=86 (full 3):
 PSYoungGen      total 9728K, used 992K [0x00000000d5580000, 0x00000000d6100000, 0x0000000100000000)
  eden space 8704K, 0% used [0x00000000d5580000,0x00000000d5580000,0x00000000d5e00000)
  from space 1024K, 96% used [0x00000000d5e00000,0x00000000d5ef8000,0x00000000d5f00000)
  to   space 1536K, 0% used [0x00000000d5f80000,0x00000000d5f80000,0x00000000d6100000)
 ParOldGen       total 71680K, used 71611K [0x0000000080000000, 0x0000000084600000, 0x00000000d5580000)
  object space 71680K, 99% used [0x0000000080000000,0x00000000845eee30,0x0000000084600000)
 Metaspace       used 63068K, committed 64576K, reserved 1114112K
  class space    used 6532K, committed 7168K, reserved 1048576K
}
Event: 63.522 GC heap before
{Heap before GC invocations=87 (full 3):
 PSYoungGen      total 9728K, used 9696K [0x00000000d5580000, 0x00000000d6100000, 0x0000000100000000)
  eden space 8704K, 100% used [0x00000000d5580000,0x00000000d5e00000,0x00000000d5e00000)
  from space 1024K, 96% used [0x00000000d5e00000,0x00000000d5ef8000,0x00000000d5f00000)
  to   space 1536K, 0% used [0x00000000d5f80000,0x00000000d5f80000,0x00000000d6100000)
 ParOldGen       total 71680K, used 71611K [0x0000000080000000, 0x0000000084600000, 0x00000000d5580000)
  object space 71680K, 99% used [0x0000000080000000,0x00000000845eee30,0x0000000084600000)
 Metaspace       used 63216K, committed 64704K, reserved 1114112K
  class space    used 6534K, committed 7232K, reserved 1048576K
}
Event: 63.524 GC heap after
{Heap after GC invocations=87 (full 3):
 PSYoungGen      total 9728K, used 890K [0x00000000d5580000, 0x00000000d6080000, 0x0000000100000000)
  eden space 8704K, 0% used [0x00000000d5580000,0x00000000d5580000,0x00000000d5e00000)
  from space 1024K, 86% used [0x00000000d5f80000,0x00000000d605e900,0x00000000d6080000)
  to   space 1024K, 0% used [0x00000000d5e00000,0x00000000d5e00000,0x00000000d5f00000)
 ParOldGen       total 72192K, used 71907K [0x0000000080000000, 0x0000000084680000, 0x00000000d5580000)
  object space 72192K, 99% used [0x0000000080000000,0x0000000084638e30,0x0000000084680000)
 Metaspace       used 63216K, committed 64704K, reserved 1114112K
  class space    used 6534K, committed 7232K, reserved 1048576K
}
Event: 63.625 GC heap before
{Heap before GC invocations=88 (full 3):
 PSYoungGen      total 9728K, used 9594K [0x00000000d5580000, 0x00000000d6080000, 0x0000000100000000)
  eden space 8704K, 100% used [0x00000000d5580000,0x00000000d5e00000,0x00000000d5e00000)
  from space 1024K, 86% used [0x00000000d5f80000,0x00000000d605e900,0x00000000d6080000)
  to   space 1024K, 0% used [0x00000000d5e00000,0x00000000d5e00000,0x00000000d5f00000)
 ParOldGen       total 72192K, used 71907K [0x0000000080000000, 0x0000000084680000, 0x00000000d5580000)
  object space 72192K, 99% used [0x0000000080000000,0x0000000084638e30,0x0000000084680000)
 Metaspace       used 63267K, committed 64832K, reserved 1114112K
  class space    used 6535K, committed 7232K, reserved 1048576K
}
Event: 63.626 GC heap after
{Heap after GC invocations=88 (full 3):
 PSYoungGen      total 9728K, used 834K [0x00000000d5580000, 0x00000000d6000000, 0x0000000100000000)
  eden space 8704K, 0% used [0x00000000d5580000,0x00000000d5580000,0x00000000d5e00000)
  from space 1024K, 81% used [0x00000000d5e00000,0x00000000d5ed0ba0,0x00000000d5f00000)
  to   space 1024K, 0% used [0x00000000d5f00000,0x00000000d5f00000,0x00000000d6000000)
 ParOldGen       total 72192K, used 72191K [0x0000000080000000, 0x0000000084680000, 0x00000000d5580000)
  object space 72192K, 99% used [0x0000000080000000,0x000000008467fcf0,0x0000000084680000)
 Metaspace       used 63267K, committed 64832K, reserved 1114112K
  class space    used 6535K, committed 7232K, reserved 1048576K
}
Event: 63.666 GC heap before
{Heap before GC invocations=89 (full 3):
 PSYoungGen      total 9728K, used 9538K [0x00000000d5580000, 0x00000000d6000000, 0x0000000100000000)
  eden space 8704K, 100% used [0x00000000d5580000,0x00000000d5e00000,0x00000000d5e00000)
  from space 1024K, 81% used [0x00000000d5e00000,0x00000000d5ed0ba0,0x00000000d5f00000)
  to   space 1024K, 0% used [0x00000000d5f00000,0x00000000d5f00000,0x00000000d6000000)
 ParOldGen       total 72192K, used 72191K [0x0000000080000000, 0x0000000084680000, 0x00000000d5580000)
  object space 72192K, 99% used [0x0000000080000000,0x000000008467fcf0,0x0000000084680000)
 Metaspace       used 63296K, committed 64832K, reserved 1114112K
  class space    used 6536K, committed 7232K, reserved 1048576K
}
Event: 63.669 GC heap after
{Heap after GC invocations=89 (full 3):
 PSYoungGen      total 9728K, used 963K [0x00000000d5580000, 0x00000000d6000000, 0x0000000100000000)
  eden space 8704K, 0% used [0x00000000d5580000,0x00000000d5580000,0x00000000d5e00000)
  from space 1024K, 94% used [0x00000000d5f00000,0x00000000d5ff0d20,0x00000000d6000000)
  to   space 1024K, 0% used [0x00000000d5e00000,0x00000000d5e00000,0x00000000d5f00000)
 ParOldGen       total 72704K, used 72327K [0x0000000080000000, 0x0000000084700000, 0x00000000d5580000)
  object space 72704K, 99% used [0x0000000080000000,0x00000000846a1cf0,0x0000000084700000)
 Metaspace       used 63296K, committed 64832K, reserved 1114112K
  class space    used 6536K, committed 7232K, reserved 1048576K
}
Event: 63.696 GC heap before
{Heap before GC invocations=90 (full 3):
 PSYoungGen      total 9728K, used 9635K [0x00000000d5580000, 0x00000000d6000000, 0x0000000100000000)
  eden space 8704K, 99% used [0x00000000d5580000,0x00000000d5df8168,0x00000000d5e00000)
  from space 1024K, 94% used [0x00000000d5f00000,0x00000000d5ff0d20,0x00000000d6000000)
  to   space 1024K, 0% used [0x00000000d5e00000,0x00000000d5e00000,0x00000000d5f00000)
 ParOldGen       total 72704K, used 72452K [0x0000000080000000, 0x0000000084700000, 0x00000000d5580000)
  object space 72704K, 99% used [0x0000000080000000,0x00000000846c1328,0x0000000084700000)
 Metaspace       used 63298K, committed 64832K, reserved 1114112K
  class space    used 6536K, committed 7232K, reserved 1048576K
}
Event: 63.697 GC heap after
{Heap after GC invocations=90 (full 3):
 PSYoungGen      total 9728K, used 654K [0x00000000d5580000, 0x00000000d6000000, 0x0000000100000000)
  eden space 8704K, 0% used [0x00000000d5580000,0x00000000d5580000,0x00000000d5e00000)
  from space 1024K, 63% used [0x00000000d5e00000,0x00000000d5ea3b00,0x00000000d5f00000)
  to   space 1024K, 0% used [0x00000000d5f00000,0x00000000d5f00000,0x00000000d6000000)
 ParOldGen       total 73216K, used 72805K [0x0000000080000000, 0x0000000084780000, 0x00000000d5580000)
  object space 73216K, 99% used [0x0000000080000000,0x0000000084719558,0x0000000084780000)
 Metaspace       used 63298K, committed 64832K, reserved 1114112K
  class space    used 6536K, committed 7232K, reserved 1048576K
}
Event: 485.223 GC heap before
{Heap before GC invocations=91 (full 3):
 PSYoungGen      total 9728K, used 9358K [0x00000000d5580000, 0x00000000d6000000, 0x0000000100000000)
  eden space 8704K, 100% used [0x00000000d5580000,0x00000000d5e00000,0x00000000d5e00000)
  from space 1024K, 63% used [0x00000000d5e00000,0x00000000d5ea3b00,0x00000000d5f00000)
  to   space 1024K, 0% used [0x00000000d5f00000,0x00000000d5f00000,0x00000000d6000000)
 ParOldGen       total 73216K, used 72807K [0x0000000080000000, 0x0000000084780000, 0x00000000d5580000)
  object space 73216K, 99% used [0x0000000080000000,0x0000000084719f50,0x0000000084780000)
 Metaspace       used 63503K, committed 64960K, reserved 1114112K
  class space    used 6549K, committed 7232K, reserved 1048576K
}
Event: 485.323 GC heap after
{Heap after GC invocations=91 (full 3):
 PSYoungGen      total 9216K, used 288K [0x00000000d5580000, 0x00000000d5f80000, 0x0000000100000000)
  eden space 8704K, 0% used [0x00000000d5580000,0x00000000d5580000,0x00000000d5e00000)
  from space 512K, 56% used [0x00000000d5f00000,0x00000000d5f48000,0x00000000d5f80000)
  to   space 512K, 0% used [0x00000000d5e80000,0x00000000d5e80000,0x00000000d5f00000)
 ParOldGen       total 73216K, used 72879K [0x0000000080000000, 0x0000000084780000, 0x00000000d5580000)
  object space 73216K, 99% used [0x0000000080000000,0x000000008472bf50,0x0000000084780000)
 Metaspace       used 63503K, committed 64960K, reserved 1114112K
  class space    used 6549K, committed 7232K, reserved 1048576K
}
Event: 486.419 GC heap before
{Heap before GC invocations=92 (full 3):
 PSYoungGen      total 9216K, used 8992K [0x00000000d5580000, 0x00000000d5f80000, 0x0000000100000000)
  eden space 8704K, 100% used [0x00000000d5580000,0x00000000d5e00000,0x00000000d5e00000)
  from space 512K, 56% used [0x00000000d5f00000,0x00000000d5f48000,0x00000000d5f80000)
  to   space 512K, 0% used [0x00000000d5e80000,0x00000000d5e80000,0x00000000d5f00000)
 ParOldGen       total 73216K, used 72879K [0x0000000080000000, 0x0000000084780000, 0x00000000d5580000)
  object space 73216K, 99% used [0x0000000080000000,0x000000008472bf50,0x0000000084780000)
 Metaspace       used 63998K, committed 65472K, reserved 1114112K
  class space    used 6602K, committed 7232K, reserved 1048576K
}
Event: 486.443 GC heap after
{Heap after GC invocations=92 (full 3):
 PSYoungGen      total 9216K, used 508K [0x00000000d5580000, 0x00000000d6300000, 0x0000000100000000)
  eden space 8704K, 0% used [0x00000000d5580000,0x00000000d5580000,0x00000000d5e00000)
  from space 512K, 99% used [0x00000000d5e80000,0x00000000d5eff2e0,0x00000000d5f00000)
  to   space 2560K, 0% used [0x00000000d6080000,0x00000000d6080000,0x00000000d6300000)
 ParOldGen       total 74752K, used 74412K [0x0000000080000000, 0x0000000084900000, 0x00000000d5580000)
  object space 74752K, 99% used [0x0000000080000000,0x00000000848ab230,0x0000000084900000)
 Metaspace       used 63998K, committed 65472K, reserved 1114112K
  class space    used 6602K, committed 7232K, reserved 1048576K
}
Event: 486.539 GC heap before
{Heap before GC invocations=93 (full 3):
 PSYoungGen      total 9216K, used 9184K [0x00000000d5580000, 0x00000000d6300000, 0x0000000100000000)
  eden space 8704K, 99% used [0x00000000d5580000,0x00000000d5df8df0,0x00000000d5e00000)
  from space 512K, 99% used [0x00000000d5e80000,0x00000000d5eff2e0,0x00000000d5f00000)
  to   space 2560K, 0% used [0x00000000d6080000,0x00000000d6080000,0x00000000d6300000)
 ParOldGen       total 74752K, used 74412K [0x0000000080000000, 0x0000000084900000, 0x00000000d5580000)
  object space 74752K, 99% used [0x0000000080000000,0x00000000848ab230,0x0000000084900000)
 Metaspace       used 64000K, committed 65472K, reserved 1114112K
  class space    used 6602K, committed 7232K, reserved 1048576K
}
Event: 486.542 GC heap after
{Heap after GC invocations=93 (full 3):
 PSYoungGen      total 10240K, used 2557K [0x00000000d5580000, 0x00000000d6500000, 0x0000000100000000)
  eden space 7680K, 0% used [0x00000000d5580000,0x00000000d5580000,0x00000000d5d00000)
  from space 2560K, 99% used [0x00000000d6080000,0x00000000d62ff4f0,0x00000000d6300000)
  to   space 3584K, 0% used [0x00000000d5d00000,0x00000000d5d00000,0x00000000d6080000)
 ParOldGen       total 75264K, used 74988K [0x0000000080000000, 0x0000000084980000, 0x00000000d5580000)
  object space 75264K, 99% used [0x0000000080000000,0x000000008493b040,0x0000000084980000)
 Metaspace       used 64000K, committed 65472K, reserved 1114112K
  class space    used 6602K, committed 7232K, reserved 1048576K
}

