# JRE version: OpenJDK Runtime Environment Temurin-21.0.10+7 (21.0.10+7) (build 21.0.10+7-LTS)
# Java VM: OpenJDK 64-Bit Server VM Temurin-21.0.10+7 (21.0.10+7-LTS, mixed mode, sharing, tiered, compressed oops, compressed class ptrs, parallel gc, windows-amd64)
GC Precious Log:
 CardTable entry size: 512
 CPUs: 8 total, 8 available
 Memory: 3767M
 Large Page Support: Disabled
 NUMA Support: Disabled
 Compressed Oops: Enabled (32-bit)
 Alignments: Space 512K, Generation 512K, Heap 2M
 Heap Min Capacity: 100M
 Heap Initial Capacity: 100M
 Heap Max Capacity: 2G
 Pre-touch: Disabled
 Parallel Workers: 8
Heap:
 PSYoungGen      total 10240K, used 6372K [0x00000000d5580000, 0x00000000d6500000, 0x0000000100000000)
  eden space 9728K, 60% used [0x00000000d5580000,0x00000000d5b3eae8,0x00000000d5f00000)
  from space 512K, 95% used [0x00000000d5f80000,0x00000000d5ffa608,0x00000000d6000000)
  to   space 3072K, 0% used [0x00000000d6200000,0x00000000d6200000,0x00000000d6500000)
 ParOldGen       total 83456K, used 83174K [0x0000000080000000, 0x0000000085180000, 0x00000000d5580000)
  object space 83456K, 99% used [0x0000000080000000,0x0000000085139b28,0x0000000085180000)
 Metaspace       used 64916K, committed 66496K, reserved 1114112K
  class space    used 6707K, committed 7360K, reserved 1048576K
GC Heap History (20 events):
Event: 43.064 GC heap before
{Heap before GC invocations=99 (full 3):
 PSYoungGen      total 12288K, used 11956K [0x00000000d5580000, 0x00000000d6300000, 0x0000000100000000)
  eden space 11264K, 100% used [0x00000000d5580000,0x00000000d6080000,0x00000000d6080000)
  from space 1024K, 67% used [0x00000000d6100000,0x00000000d61ad200,0x00000000d6200000)
  to   space 1024K, 0% used [0x00000000d6200000,0x00000000d6200000,0x00000000d6300000)
 ParOldGen       total 75776K, used 75412K [0x0000000080000000, 0x0000000084a00000, 0x00000000d5580000)
  object space 75776K, 99% used [0x0000000080000000,0x00000000849a5348,0x0000000084a00000)
 Metaspace       used 64260K, committed 65728K, reserved 1114112K
  class space    used 6691K, committed 7296K, reserved 1048576K
}
Event: 43.068 GC heap after
{Heap after GC invocations=99 (full 3):
 PSYoungGen      total 10752K, used 1022K [0x00000000d5580000, 0x00000000d6680000, 0x0000000100000000)
  eden space 9728K, 0% used [0x00000000d5580000,0x00000000d5580000,0x00000000d5f00000)
  from space 1024K, 99% used [0x00000000d6200000,0x00000000d62ffbe8,0x00000000d6300000)
  to   space 3072K, 0% used [0x00000000d5f00000,0x00000000d5f00000,0x00000000d6200000)
 ParOldGen       total 77312K, used 76924K [0x0000000080000000, 0x0000000084b80000, 0x00000000d5580000)
  object space 77312K, 99% used [0x0000000080000000,0x0000000084b1f378,0x0000000084b80000)
 Metaspace       used 64260K, committed 65728K, reserved 1114112K
  class space    used 6691K, committed 7296K, reserved 1048576K
}
Event: 43.323 GC heap before
{Heap before GC invocations=100 (full 3):
 PSYoungGen      total 10752K, used 10750K [0x00000000d5580000, 0x00000000d6680000, 0x0000000100000000)
  eden space 9728K, 100% used [0x00000000d5580000,0x00000000d5f00000,0x00000000d5f00000)
  from space 1024K, 99% used [0x00000000d6200000,0x00000000d62ffbe8,0x00000000d6300000)
  to   space 3072K, 0% used [0x00000000d5f00000,0x00000000d5f00000,0x00000000d6200000)
 ParOldGen       total 77312K, used 76924K [0x0000000080000000, 0x0000000084b80000, 0x00000000d5580000)
  object space 77312K, 99% used [0x0000000080000000,0x0000000084b1f378,0x0000000084b80000)
 Metaspace       used 64409K, committed 65984K, reserved 1114112K
  class space    used 6693K, committed 7360K, reserved 1048576K
}
Event: 43.327 GC heap after
{Heap after GC invocations=100 (full 3):
 PSYoungGen      total 11264K, used 1337K [0x00000000d5580000, 0x00000000d6300000, 0x0000000100000000)
  eden space 9728K, 0% used [0x00000000d5580000,0x00000000d5580000,0x00000000d5f00000)
  from space 1536K, 87% used [0x00000000d5f00000,0x00000000d604e420,0x00000000d6080000)
  to   space 2048K, 0% used [0x00000000d6100000,0x00000000d6100000,0x00000000d6300000)
 ParOldGen       total 78336K, used 77937K [0x0000000080000000, 0x0000000084c80000, 0x00000000d5580000)
  object space 78336K, 99% used [0x0000000080000000,0x0000000084c1c418,0x0000000084c80000)
 Metaspace       used 64409K, committed 65984K, reserved 1114112K
  class space    used 6693K, committed 7360K, reserved 1048576K
}
Event: 43.523 GC heap before
{Heap before GC invocations=101 (full 3):
 PSYoungGen      total 11264K, used 11065K [0x00000000d5580000, 0x00000000d6300000, 0x0000000100000000)
  eden space 9728K, 100% used [0x00000000d5580000,0x00000000d5f00000,0x00000000d5f00000)
  from space 1536K, 87% used [0x00000000d5f00000,0x00000000d604e420,0x00000000d6080000)
  to   space 2048K, 0% used [0x00000000d6100000,0x00000000d6100000,0x00000000d6300000)
 ParOldGen       total 78336K, used 77937K [0x0000000080000000, 0x0000000084c80000, 0x00000000d5580000)
  object space 78336K, 99% used [0x0000000080000000,0x0000000084c1c418,0x0000000084c80000)
 Metaspace       used 64472K, committed 66048K, reserved 1114112K
  class space    used 6693K, committed 7360K, reserved 1048576K
}
Event: 43.526 GC heap after
{Heap after GC invocations=101 (full 3):
 PSYoungGen      total 11776K, used 1920K [0x00000000d5580000, 0x00000000d6300000, 0x0000000100000000)
  eden space 9728K, 0% used [0x00000000d5580000,0x00000000d5580000,0x00000000d5f00000)
  from space 2048K, 93% used [0x00000000d6100000,0x00000000d62e0020,0x00000000d6300000)
  to   space 2048K, 0% used [0x00000000d5f00000,0x00000000d5f00000,0x00000000d6100000)
 ParOldGen       total 79360K, used 79129K [0x0000000080000000, 0x0000000084d80000, 0x00000000d5580000)
  object space 79360K, 99% used [0x0000000080000000,0x0000000084d46520,0x0000000084d80000)
 Metaspace       used 64472K, committed 66048K, reserved 1114112K
  class space    used 6693K, committed 7360K, reserved 1048576K
}
Event: 43.683 GC heap before
{Heap before GC invocations=102 (full 3):
 PSYoungGen      total 11776K, used 11648K [0x00000000d5580000, 0x00000000d6300000, 0x0000000100000000)
  eden space 9728K, 100% used [0x00000000d5580000,0x00000000d5f00000,0x00000000d5f00000)
  from space 2048K, 93% used [0x00000000d6100000,0x00000000d62e0020,0x00000000d6300000)
  to   space 2048K, 0% used [0x00000000d5f00000,0x00000000d5f00000,0x00000000d6100000)
 ParOldGen       total 79360K, used 79129K [0x0000000080000000, 0x0000000084d80000, 0x00000000d5580000)
  object space 79360K, 99% used [0x0000000080000000,0x0000000084d46520,0x0000000084d80000)
 Metaspace       used 64531K, committed 66176K, reserved 1114112K
  class space    used 6694K, committed 7360K, reserved 1048576K
}
Event: 43.686 GC heap after
{Heap after GC invocations=102 (full 3):
 PSYoungGen      total 10752K, used 571K [0x00000000d5580000, 0x00000000d6200000, 0x0000000100000000)
  eden space 9728K, 0% used [0x00000000d5580000,0x00000000d5580000,0x00000000d5f00000)
  from space 1024K, 55% used [0x00000000d5f00000,0x00000000d5f8efe0,0x00000000d6000000)
  to   space 1536K, 0% used [0x00000000d6080000,0x00000000d6080000,0x00000000d6200000)
 ParOldGen       total 80384K, used 80302K [0x0000000080000000, 0x0000000084e80000, 0x00000000d5580000)
  object space 80384K, 99% used [0x0000000080000000,0x0000000084e6ba10,0x0000000084e80000)
 Metaspace       used 64531K, committed 66176K, reserved 1114112K
  class space    used 6694K, committed 7360K, reserved 1048576K
}
Event: 43.790 GC heap before
{Heap before GC invocations=103 (full 3):
 PSYoungGen      total 10752K, used 10299K [0x00000000d5580000, 0x00000000d6200000, 0x0000000100000000)
  eden space 9728K, 100% used [0x00000000d5580000,0x00000000d5f00000,0x00000000d5f00000)
  from space 1024K, 55% used [0x00000000d5f00000,0x00000000d5f8efe0,0x00000000d6000000)
  to   space 1536K, 0% used [0x00000000d6080000,0x00000000d6080000,0x00000000d6200000)
 ParOldGen       total 80384K, used 80302K [0x0000000080000000, 0x0000000084e80000, 0x00000000d5580000)
  object space 80384K, 99% used [0x0000000080000000,0x0000000084e6ba10,0x0000000084e80000)
 Metaspace       used 64568K, committed 66176K, reserved 1114112K
  class space    used 6694K, committed 7360K, reserved 1048576K
}
Event: 43.791 GC heap after
{Heap after GC invocations=103 (full 3):
 PSYoungGen      total 10752K, used 914K [0x00000000d5580000, 0x00000000d6180000, 0x0000000100000000)
  eden space 9728K, 0% used [0x00000000d5580000,0x00000000d5580000,0x00000000d5f00000)
  from space 1024K, 89% used [0x00000000d6080000,0x00000000d6164bb0,0x00000000d6180000)
  to   space 1024K, 0% used [0x00000000d5f00000,0x00000000d5f00000,0x00000000d6000000)
 ParOldGen       total 80896K, used 80595K [0x0000000080000000, 0x0000000084f00000, 0x00000000d5580000)
  object space 80896K, 99% used [0x0000000080000000,0x0000000084eb4df0,0x0000000084f00000)
 Metaspace       used 64568K, committed 66176K, reserved 1114112K
  class space    used 6694K, committed 7360K, reserved 1048576K
}
Event: 43.895 GC heap before
{Heap before GC invocations=104 (full 3):
 PSYoungGen      total 10752K, used 10642K [0x00000000d5580000, 0x00000000d6180000, 0x0000000100000000)
  eden space 9728K, 100% used [0x00000000d5580000,0x00000000d5f00000,0x00000000d5f00000)
  from space 1024K, 89% used [0x00000000d6080000,0x00000000d6164bb0,0x00000000d6180000)
  to   space 1024K, 0% used [0x00000000d5f00000,0x00000000d5f00000,0x00000000d6000000)
 ParOldGen       total 80896K, used 80595K [0x0000000080000000, 0x0000000084f00000, 0x00000000d5580000)
  object space 80896K, 99% used [0x0000000080000000,0x0000000084eb4df0,0x0000000084f00000)
 Metaspace       used 64604K, committed 66240K, reserved 1114112K
  class space    used 6694K, committed 7360K, reserved 1048576K
}
Event: 43.896 GC heap after
{Heap after GC invocations=104 (full 3):
 PSYoungGen      total 10752K, used 564K [0x00000000d5580000, 0x00000000d6100000, 0x0000000100000000)
  eden space 9728K, 0% used [0x00000000d5580000,0x00000000d5580000,0x00000000d5f00000)
  from space 1024K, 55% used [0x00000000d5f00000,0x00000000d5f8d200,0x00000000d6000000)
  to   space 1024K, 0% used [0x00000000d6000000,0x00000000d6000000,0x00000000d6100000)
 ParOldGen       total 80896K, used 80691K [0x0000000080000000, 0x0000000084f00000, 0x00000000d5580000)
  object space 80896K, 99% used [0x0000000080000000,0x0000000084eccdf0,0x0000000084f00000)
 Metaspace       used 64604K, committed 66240K, reserved 1114112K
  class space    used 6694K, committed 7360K, reserved 1048576K
}
Event: 43.985 GC heap before
{Heap before GC invocations=105 (full 3):
 PSYoungGen      total 10752K, used 10292K [0x00000000d5580000, 0x00000000d6100000, 0x0000000100000000)
  eden space 9728K, 100% used [0x00000000d5580000,0x00000000d5f00000,0x00000000d5f00000)
  from space 1024K, 55% used [0x00000000d5f00000,0x00000000d5f8d200,0x00000000d6000000)
  to   space 1024K, 0% used [0x00000000d6000000,0x00000000d6000000,0x00000000d6100000)
 ParOldGen       total 80896K, used 80691K [0x0000000080000000, 0x0000000084f00000, 0x00000000d5580000)
  object space 80896K, 99% used [0x0000000080000000,0x0000000084eccdf0,0x0000000084f00000)
 Metaspace       used 64616K, committed 66240K, reserved 1114112K
  class space    used 6694K, committed 7360K, reserved 1048576K
}
Event: 43.986 GC heap after
{Heap after GC invocations=105 (full 3):
 PSYoungGen      total 10752K, used 902K [0x00000000d5580000, 0x00000000d6100000, 0x0000000100000000)
  eden space 9728K, 0% used [0x00000000d5580000,0x00000000d5580000,0x00000000d5f00000)
  from space 1024K, 88% used [0x00000000d6000000,0x00000000d60e1bc0,0x00000000d6100000)
  to   space 1024K, 0% used [0x00000000d5f00000,0x00000000d5f00000,0x00000000d6000000)
 ParOldGen       total 80896K, used 80755K [0x0000000080000000, 0x0000000084f00000, 0x00000000d5580000)
  object space 80896K, 99% used [0x0000000080000000,0x0000000084edcdf0,0x0000000084f00000)
 Metaspace       used 64616K, committed 66240K, reserved 1114112K
  class space    used 6694K, committed 7360K, reserved 1048576K
}
Event: 44.112 GC heap before
{Heap before GC invocations=106 (full 3):
 PSYoungGen      total 10752K, used 10630K [0x00000000d5580000, 0x00000000d6100000, 0x0000000100000000)
  eden space 9728K, 99% used [0x00000000d5580000,0x00000000d5efffe0,0x00000000d5f00000)
  from space 1024K, 88% used [0x00000000d6000000,0x00000000d60e1bc0,0x00000000d6100000)
  to   space 1024K, 0% used [0x00000000d5f00000,0x00000000d5f00000,0x00000000d6000000)
 ParOldGen       total 80896K, used 80755K [0x0000000080000000, 0x0000000084f00000, 0x00000000d5580000)
  object space 80896K, 99% used [0x0000000080000000,0x0000000084edcdf0,0x0000000084f00000)
 Metaspace       used 64713K, committed 66304K, reserved 1114112K
  class space    used 6697K, committed 7360K, reserved 1048576K
}
Event: 44.113 GC heap after
{Heap after GC invocations=106 (full 3):
 PSYoungGen      total 10752K, used 403K [0x00000000d5580000, 0x00000000d6100000, 0x0000000100000000)
  eden space 9728K, 0% used [0x00000000d5580000,0x00000000d5580000,0x00000000d5f00000)
  from space 1024K, 39% used [0x00000000d5f00000,0x00000000d5f64e18,0x00000000d6000000)
  to   space 1024K, 0% used [0x00000000d6000000,0x00000000d6000000,0x00000000d6100000)
 ParOldGen       total 80896K, used 80891K [0x0000000080000000, 0x0000000084f00000, 0x00000000d5580000)
  object space 80896K, 99% used [0x0000000080000000,0x0000000084efedf0,0x0000000084f00000)
 Metaspace       used 64713K, committed 66304K, reserved 1114112K
  class space    used 6697K, committed 7360K, reserved 1048576K
}
Event: 44.325 GC heap before
{Heap before GC invocations=107 (full 3):
 PSYoungGen      total 10752K, used 10131K [0x00000000d5580000, 0x00000000d6100000, 0x0000000100000000)
  eden space 9728K, 100% used [0x00000000d5580000,0x00000000d5f00000,0x00000000d5f00000)
  from space 1024K, 39% used [0x00000000d5f00000,0x00000000d5f64e18,0x00000000d6000000)
  to   space 1024K, 0% used [0x00000000d6000000,0x00000000d6000000,0x00000000d6100000)
 ParOldGen       total 80896K, used 80891K [0x0000000080000000, 0x0000000084f00000, 0x00000000d5580000)
  object space 80896K, 99% used [0x0000000080000000,0x0000000084efedf0,0x0000000084f00000)
 Metaspace       used 64755K, committed 66368K, reserved 1114112K
  class space    used 6697K, committed 7360K, reserved 1048576K
}
Event: 44.327 GC heap after
{Heap after GC invocations=107 (full 3):
 PSYoungGen      total 10240K, used 228K [0x00000000d5580000, 0x00000000d6080000, 0x0000000100000000)
  eden space 9728K, 0% used [0x00000000d5580000,0x00000000d5580000,0x00000000d5f00000)
  from space 512K, 44% used [0x00000000d6000000,0x00000000d6039210,0x00000000d6080000)
  to   space 512K, 0% used [0x00000000d5f80000,0x00000000d5f80000,0x00000000d6000000)
 ParOldGen       total 81408K, used 81297K [0x0000000080000000, 0x0000000084f80000, 0x00000000d5580000)
  object space 81408K, 99% used [0x0000000080000000,0x0000000084f64710,0x0000000084f80000)
 Metaspace       used 64755K, committed 66368K, reserved 1114112K
  class space    used 6697K, committed 7360K, reserved 1048576K
}
Event: 44.508 GC heap before
{Heap before GC invocations=108 (full 3):
 PSYoungGen      total 10240K, used 9956K [0x00000000d5580000, 0x00000000d6080000, 0x0000000100000000)
  eden space 9728K, 100% used [0x00000000d5580000,0x00000000d5f00000,0x00000000d5f00000)
  from space 512K, 44% used [0x00000000d6000000,0x00000000d6039210,0x00000000d6080000)
  to   space 512K, 0% used [0x00000000d5f80000,0x00000000d5f80000,0x00000000d6000000)
 ParOldGen       total 81408K, used 81297K [0x0000000080000000, 0x0000000084f80000, 0x00000000d5580000)
  object space 81408K, 99% used [0x0000000080000000,0x0000000084f64710,0x0000000084f80000)
 Metaspace       used 64836K, committed 66432K, reserved 1114112K
  class space    used 6703K, committed 7360K, reserved 1048576K
}
Event: 44.511 GC heap after
{Heap after GC invocations=108 (full 3):
 PSYoungGen      total 10240K, used 489K [0x00000000d5580000, 0x00000000d6500000, 0x0000000100000000)
  eden space 9728K, 0% used [0x00000000d5580000,0x00000000d5580000,0x00000000d5f00000)
  from space 512K, 95% used [0x00000000d5f80000,0x00000000d5ffa608,0x00000000d6000000)
  to   space 3072K, 0% used [0x00000000d6200000,0x00000000d6200000,0x00000000d6500000)
 ParOldGen       total 83456K, used 83174K [0x0000000080000000, 0x0000000085180000, 0x00000000d5580000)
  object space 83456K, 99% used [0x0000000080000000,0x0000000085139b28,0x0000000085180000)
 Metaspace       used 64836K, committed 66432K, reserved 1114112K
  class space    used 6703K, committed 7360K, reserved 1048576K
}

