# JRE version: OpenJDK Runtime Environment Temurin-21.0.10+7 (21.0.10+7) (build 21.0.10+7-LTS)
# Java VM: OpenJDK 64-Bit Server VM Temurin-21.0.10+7 (21.0.10+7-LTS, mixed mode, sharing, tiered, compressed oops, compressed class ptrs, parallel gc, windows-amd64)
GC Precious Log:
 CardTable entry size: 512
 CPUs: 8 total, 8 available
 Memory: 3767M
 Large Page Support: Disabled
 NUMA Support: Disabled
 Compressed Oops: Enabled (32-bit)
 Alignments: Space 512K, Generation 512K, Heap 2M
 Heap Min Capacity: 100M
 Heap Initial Capacity: 100M
 Heap Max Capacity: 2G
 Pre-touch: Disabled
 Parallel Workers: 8
Heap:
 PSYoungGen      total 1536K, used 274K [0x00000000d5580000, 0x00000000d5880000, 0x0000000100000000)
  eden space 1024K, 1% used [0x00000000d5580000,0x00000000d5584840,0x00000000d5680000)
  from space 512K, 50% used [0x00000000d5680000,0x00000000d56c0020,0x00000000d5700000)
  to   space 512K, 0% used [0x00000000d5800000,0x00000000d5800000,0x00000000d5880000)
 ParOldGen       total 519680K, used 519291K [0x0000000080000000, 0x000000009fb80000, 0x00000000d5580000)
  object space 519680K, 99% used [0x0000000080000000,0x000000009fb1ecf0,0x000000009fb80000)
 Metaspace       used 69065K, committed 70592K, reserved 1114112K
  class space    used 7064K, committed 7680K, reserved 1048576K
GC Heap History (20 events):
Event: 6388.807 GC heap before
{Heap before GC invocations=281 (full 3):
 PSYoungGen      total 1536K, used 1508K [0x00000000d5580000, 0x00000000d5880000, 0x0000000100000000)
  eden space 1024K, 100% used [0x00000000d5580000,0x00000000d5680000,0x00000000d5680000)
  from space 512K, 94% used [0x00000000d5680000,0x00000000d56f9378,0x00000000d5700000)
  to   space 512K, 0% used [0x00000000d5800000,0x00000000d5800000,0x00000000d5880000)
 ParOldGen       total 517120K, used 516827K [0x0000000080000000, 0x000000009f900000, 0x00000000d5580000)
  object space 517120K, 99% used [0x0000000080000000,0x000000009f8b6e18,0x000000009f900000)
 Metaspace       used 69006K, committed 70592K, reserved 1114112K
  class space    used 7064K, committed 7680K, reserved 1048576K
}
Event: 6388.811 GC heap after
{Heap after GC invocations=281 (full 3):
 PSYoungGen      total 1536K, used 416K [0x00000000d5580000, 0x00000000d5880000, 0x0000000100000000)
  eden space 1024K, 0% used [0x00000000d5580000,0x00000000d5580000,0x00000000d5680000)
  from space 512K, 81% used [0x00000000d5800000,0x00000000d5868000,0x00000000d5880000)
  to   space 512K, 0% used [0x00000000d5680000,0x00000000d5680000,0x00000000d5700000)
 ParOldGen       total 517632K, used 517286K [0x0000000080000000, 0x000000009f980000, 0x00000000d5580000)
  object space 517632K, 99% used [0x0000000080000000,0x000000009f929978,0x000000009f980000)
 Metaspace       used 69006K, committed 70592K, reserved 1114112K
  class space    used 7064K, committed 7680K, reserved 1048576K
}
Event: 6388.839 GC heap before
{Heap before GC invocations=282 (full 3):
 PSYoungGen      total 1536K, used 1440K [0x00000000d5580000, 0x00000000d5880000, 0x0000000100000000)
  eden space 1024K, 100% used [0x00000000d5580000,0x00000000d5680000,0x00000000d5680000)
  from space 512K, 81% used [0x00000000d5800000,0x00000000d5868000,0x00000000d5880000)
  to   space 512K, 0% used [0x00000000d5680000,0x00000000d5680000,0x00000000d5700000)
 ParOldGen       total 517632K, used 517286K [0x0000000080000000, 0x000000009f980000, 0x00000000d5580000)
  object space 517632K, 99% used [0x0000000080000000,0x000000009f929978,0x000000009f980000)
 Metaspace       used 69010K, committed 70592K, reserved 1114112K
  class space    used 7064K, committed 7680K, reserved 1048576K
}
Event: 6388.842 GC heap after
{Heap after GC invocations=282 (full 3):
 PSYoungGen      total 1536K, used 468K [0x00000000d5580000, 0x00000000d5880000, 0x0000000100000000)
  eden space 1024K, 0% used [0x00000000d5580000,0x00000000d5580000,0x00000000d5680000)
  from space 512K, 91% used [0x00000000d5680000,0x00000000d56f5200,0x00000000d5700000)
  to   space 512K, 0% used [0x00000000d5800000,0x00000000d5800000,0x00000000d5880000)
 ParOldGen       total 517632K, used 517494K [0x0000000080000000, 0x000000009f980000, 0x00000000d5580000)
  object space 517632K, 99% used [0x0000000080000000,0x000000009f95d978,0x000000009f980000)
 Metaspace       used 69010K, committed 70592K, reserved 1114112K
  class space    used 7064K, committed 7680K, reserved 1048576K
}
Event: 6388.845 GC heap before
{Heap before GC invocations=283 (full 3):
 PSYoungGen      total 1536K, used 1492K [0x00000000d5580000, 0x00000000d5880000, 0x0000000100000000)
  eden space 1024K, 100% used [0x00000000d5580000,0x00000000d5680000,0x00000000d5680000)
  from space 512K, 91% used [0x00000000d5680000,0x00000000d56f5200,0x00000000d5700000)
  to   space 512K, 0% used [0x00000000d5800000,0x00000000d5800000,0x00000000d5880000)
 ParOldGen       total 517632K, used 517494K [0x0000000080000000, 0x000000009f980000, 0x00000000d5580000)
  object space 517632K, 99% used [0x0000000080000000,0x000000009f95d978,0x000000009f980000)
 Metaspace       used 69011K, committed 70592K, reserved 1114112K
  class space    used 7064K, committed 7680K, reserved 1048576K
}
Event: 6388.847 GC heap after
{Heap after GC invocations=283 (full 3):
 PSYoungGen      total 1536K, used 368K [0x00000000d5580000, 0x00000000d5880000, 0x0000000100000000)
  eden space 1024K, 0% used [0x00000000d5580000,0x00000000d5580000,0x00000000d5680000)
  from space 512K, 71% used [0x00000000d5800000,0x00000000d585c010,0x00000000d5880000)
  to   space 512K, 0% used [0x00000000d5680000,0x00000000d5680000,0x00000000d5700000)
 ParOldGen       total 518144K, used 517776K [0x0000000080000000, 0x000000009fa00000, 0x00000000d5580000)
  object space 518144K, 99% used [0x0000000080000000,0x000000009f9a42f8,0x000000009fa00000)
 Metaspace       used 69011K, committed 70592K, reserved 1114112K
  class space    used 7064K, committed 7680K, reserved 1048576K
}
Event: 6388.850 GC heap before
{Heap before GC invocations=284 (full 3):
 PSYoungGen      total 1536K, used 1392K [0x00000000d5580000, 0x00000000d5880000, 0x0000000100000000)
  eden space 1024K, 100% used [0x00000000d5580000,0x00000000d5680000,0x00000000d5680000)
  from space 512K, 71% used [0x00000000d5800000,0x00000000d585c010,0x00000000d5880000)
  to   space 512K, 0% used [0x00000000d5680000,0x00000000d5680000,0x00000000d5700000)
 ParOldGen       total 518144K, used 517776K [0x0000000080000000, 0x000000009fa00000, 0x00000000d5580000)
  object space 518144K, 99% used [0x0000000080000000,0x000000009f9a42f8,0x000000009fa00000)
 Metaspace       used 69011K, committed 70592K, reserved 1114112K
  class space    used 7064K, committed 7680K, reserved 1048576K
}
Event: 6388.852 GC heap after
{Heap after GC invocations=284 (full 3):
 PSYoungGen      total 1536K, used 224K [0x00000000d5580000, 0x00000000d5880000, 0x0000000100000000)
  eden space 1024K, 0% used [0x00000000d5580000,0x00000000d5580000,0x00000000d5680000)
  from space 512K, 43% used [0x00000000d5680000,0x00000000d56b8000,0x00000000d5700000)
  to   space 512K, 0% used [0x00000000d5800000,0x00000000d5800000,0x00000000d5880000)
 ParOldGen       total 518144K, used 518073K [0x0000000080000000, 0x000000009fa00000, 0x00000000d5580000)
  object space 518144K, 99% used [0x0000000080000000,0x000000009f9ee530,0x000000009fa00000)
 Metaspace       used 69011K, committed 70592K, reserved 1114112K
  class space    used 7064K, committed 7680K, reserved 1048576K
}
Event: 6388.860 GC heap before
{Heap before GC invocations=285 (full 3):
 PSYoungGen      total 1536K, used 1248K [0x00000000d5580000, 0x00000000d5880000, 0x0000000100000000)
  eden space 1024K, 100% used [0x00000000d5580000,0x00000000d5680000,0x00000000d5680000)
  from space 512K, 43% used [0x00000000d5680000,0x00000000d56b8000,0x00000000d5700000)
  to   space 512K, 0% used [0x00000000d5800000,0x00000000d5800000,0x00000000d5880000)
 ParOldGen       total 518144K, used 518073K [0x0000000080000000, 0x000000009fa00000, 0x00000000d5580000)
  object space 518144K, 99% used [0x0000000080000000,0x000000009f9ee530,0x000000009fa00000)
 Metaspace       used 69011K, committed 70592K, reserved 1114112K
  class space    used 7064K, committed 7680K, reserved 1048576K
}
Event: 6388.861 GC heap after
{Heap after GC invocations=285 (full 3):
 PSYoungGen      total 1536K, used 352K [0x00000000d5580000, 0x00000000d5880000, 0x0000000100000000)
  eden space 1024K, 0% used [0x00000000d5580000,0x00000000d5580000,0x00000000d5680000)
  from space 512K, 68% used [0x00000000d5800000,0x00000000d5858000,0x00000000d5880000)
  to   space 512K, 0% used [0x00000000d5680000,0x00000000d5680000,0x00000000d5700000)
 ParOldGen       total 518656K, used 518209K [0x0000000080000000, 0x000000009fa80000, 0x00000000d5580000)
  object space 518656K, 99% used [0x0000000080000000,0x000000009fa10530,0x000000009fa80000)
 Metaspace       used 69011K, committed 70592K, reserved 1114112K
  class space    used 7064K, committed 7680K, reserved 1048576K
}
Event: 6388.865 GC heap before
{Heap before GC invocations=286 (full 3):
 PSYoungGen      total 1536K, used 1375K [0x00000000d5580000, 0x00000000d5880000, 0x0000000100000000)
  eden space 1024K, 99% used [0x00000000d5580000,0x00000000d567fff0,0x00000000d5680000)
  from space 512K, 68% used [0x00000000d5800000,0x00000000d5858000,0x00000000d5880000)
  to   space 512K, 0% used [0x00000000d5680000,0x00000000d5680000,0x00000000d5700000)
 ParOldGen       total 518656K, used 518209K [0x0000000080000000, 0x000000009fa80000, 0x00000000d5580000)
  object space 518656K, 99% used [0x0000000080000000,0x000000009fa10530,0x000000009fa80000)
 Metaspace       used 69012K, committed 70592K, reserved 1114112K
  class space    used 7064K, committed 7680K, reserved 1048576K
}
Event: 6388.867 GC heap after
{Heap after GC invocations=286 (full 3):
 PSYoungGen      total 1536K, used 416K [0x00000000d5580000, 0x00000000d5880000, 0x0000000100000000)
  eden space 1024K, 0% used [0x00000000d5580000,0x00000000d5580000,0x00000000d5680000)
  from space 512K, 81% used [0x00000000d5680000,0x00000000d56e8000,0x00000000d5700000)
  to   space 512K, 0% used [0x00000000d5800000,0x00000000d5800000,0x00000000d5880000)
 ParOldGen       total 518656K, used 518449K [0x0000000080000000, 0x000000009fa80000, 0x00000000d5580000)
  object space 518656K, 99% used [0x0000000080000000,0x000000009fa4c550,0x000000009fa80000)
 Metaspace       used 69012K, committed 70592K, reserved 1114112K
  class space    used 7064K, committed 7680K, reserved 1048576K
}
Event: 6388.880 GC heap before
{Heap before GC invocations=287 (full 3):
 PSYoungGen      total 1536K, used 1440K [0x00000000d5580000, 0x00000000d5880000, 0x0000000100000000)
  eden space 1024K, 100% used [0x00000000d5580000,0x00000000d5680000,0x00000000d5680000)
  from space 512K, 81% used [0x00000000d5680000,0x00000000d56e8000,0x00000000d5700000)
  to   space 512K, 0% used [0x00000000d5800000,0x00000000d5800000,0x00000000d5880000)
 ParOldGen       total 518656K, used 518449K [0x0000000080000000, 0x000000009fa80000, 0x00000000d5580000)
  object space 518656K, 99% used [0x0000000080000000,0x000000009fa4c550,0x000000009fa80000)
 Metaspace       used 69022K, committed 70592K, reserved 1114112K
  class space    used 7064K, committed 7680K, reserved 1048576K
}
Event: 6388.882 GC heap after
{Heap after GC invocations=287 (full 3):
 PSYoungGen      total 1536K, used 448K [0x00000000d5580000, 0x00000000d5880000, 0x0000000100000000)
  eden space 1024K, 0% used [0x00000000d5580000,0x00000000d5580000,0x00000000d5680000)
  from space 512K, 87% used [0x00000000d5800000,0x00000000d5870000,0x00000000d5880000)
  to   space 512K, 0% used [0x00000000d5680000,0x00000000d5680000,0x00000000d5700000)
 ParOldGen       total 519168K, used 518733K [0x0000000080000000, 0x000000009fb00000, 0x00000000d5580000)
  object space 519168K, 99% used [0x0000000080000000,0x000000009fa93570,0x000000009fb00000)
 Metaspace       used 69022K, committed 70592K, reserved 1114112K
  class space    used 7064K, committed 7680K, reserved 1048576K
}
Event: 6388.893 GC heap before
{Heap before GC invocations=288 (full 3):
 PSYoungGen      total 1536K, used 1472K [0x00000000d5580000, 0x00000000d5880000, 0x0000000100000000)
  eden space 1024K, 100% used [0x00000000d5580000,0x00000000d5680000,0x00000000d5680000)
  from space 512K, 87% used [0x00000000d5800000,0x00000000d5870000,0x00000000d5880000)
  to   space 512K, 0% used [0x00000000d5680000,0x00000000d5680000,0x00000000d5700000)
 ParOldGen       total 519168K, used 518733K [0x0000000080000000, 0x000000009fb00000, 0x00000000d5580000)
  object space 519168K, 99% used [0x0000000080000000,0x000000009fa93570,0x000000009fb00000)
 Metaspace       used 69026K, committed 70592K, reserved 1114112K
  class space    used 7064K, committed 7680K, reserved 1048576K
}
Event: 6388.895 GC heap after
{Heap after GC invocations=288 (full 3):
 PSYoungGen      total 1536K, used 352K [0x00000000d5580000, 0x00000000d5880000, 0x0000000100000000)
  eden space 1024K, 0% used [0x00000000d5580000,0x00000000d5580000,0x00000000d5680000)
  from space 512K, 68% used [0x00000000d5680000,0x00000000d56d8000,0x00000000d5700000)
  to   space 512K, 0% used [0x00000000d5800000,0x00000000d5800000,0x00000000d5880000)
 ParOldGen       total 519168K, used 519005K [0x0000000080000000, 0x000000009fb00000, 0x00000000d5580000)
  object space 519168K, 99% used [0x0000000080000000,0x000000009fad7570,0x000000009fb00000)
 Metaspace       used 69026K, committed 70592K, reserved 1114112K
  class space    used 7064K, committed 7680K, reserved 1048576K
}
Event: 6685.815 GC heap before
{Heap before GC invocations=289 (full 3):
 PSYoungGen      total 1536K, used 1376K [0x00000000d5580000, 0x00000000d5880000, 0x0000000100000000)
  eden space 1024K, 100% used [0x00000000d5580000,0x00000000d5680000,0x00000000d5680000)
  from space 512K, 68% used [0x00000000d5680000,0x00000000d56d8000,0x00000000d5700000)
  to   space 512K, 0% used [0x00000000d5800000,0x00000000d5800000,0x00000000d5880000)
 ParOldGen       total 519168K, used 519005K [0x0000000080000000, 0x000000009fb00000, 0x00000000d5580000)
  object space 519168K, 99% used [0x0000000080000000,0x000000009fad7570,0x000000009fb00000)
 Metaspace       used 69044K, committed 70592K, reserved 1114112K
  class space    used 7064K, committed 7680K, reserved 1048576K
}
Event: 6685.926 GC heap after
{Heap after GC invocations=289 (full 3):
 PSYoungGen      total 1536K, used 224K [0x00000000d5580000, 0x00000000d5880000, 0x0000000100000000)
  eden space 1024K, 0% used [0x00000000d5580000,0x00000000d5580000,0x00000000d5680000)
  from space 512K, 43% used [0x00000000d5800000,0x00000000d5838000,0x00000000d5880000)
  to   space 512K, 0% used [0x00000000d5680000,0x00000000d5680000,0x00000000d5700000)
 ParOldGen       total 519680K, used 519235K [0x0000000080000000, 0x000000009fb80000, 0x00000000d5580000)
  object space 519680K, 99% used [0x0000000080000000,0x000000009fb10cf0,0x000000009fb80000)
 Metaspace       used 69044K, committed 70592K, reserved 1114112K
  class space    used 7064K, committed 7680K, reserved 1048576K
}
Event: 6691.744 GC heap before
{Heap before GC invocations=290 (full 3):
 PSYoungGen      total 1536K, used 1247K [0x00000000d5580000, 0x00000000d5880000, 0x0000000100000000)
  eden space 1024K, 99% used [0x00000000d5580000,0x00000000d567fff0,0x00000000d5680000)
  from space 512K, 43% used [0x00000000d5800000,0x00000000d5838000,0x00000000d5880000)
  to   space 512K, 0% used [0x00000000d5680000,0x00000000d5680000,0x00000000d5700000)
 ParOldGen       total 519680K, used 519235K [0x0000000080000000, 0x000000009fb80000, 0x00000000d5580000)
  object space 519680K, 99% used [0x0000000080000000,0x000000009fb10cf0,0x000000009fb80000)
 Metaspace       used 69060K, committed 70592K, reserved 1114112K
  class space    used 7064K, committed 7680K, reserved 1048576K
}
Event: 6691.747 GC heap after
{Heap after GC invocations=290 (full 3):
 PSYoungGen      total 1536K, used 256K [0x00000000d5580000, 0x00000000d5880000, 0x0000000100000000)
  eden space 1024K, 0% used [0x00000000d5580000,0x00000000d5580000,0x00000000d5680000)
  from space 512K, 50% used [0x00000000d5680000,0x00000000d56c0020,0x00000000d5700000)
  to   space 512K, 0% used [0x00000000d5800000,0x00000000d5800000,0x00000000d5880000)
 ParOldGen       total 519680K, used 519291K [0x0000000080000000, 0x000000009fb80000, 0x00000000d5580000)
  object space 519680K, 99% used [0x0000000080000000,0x000000009fb1ecf0,0x000000009fb80000)
 Metaspace       used 69060K, committed 70592K, reserved 1114112K
  class space    used 7064K, committed 7680K, reserved 1048576K
}

