# JRE version: OpenJDK Runtime Environment Temurin-21.0.10+7 (21.0.10+7) (build 21.0.10+7-LTS)
# Java VM: OpenJDK 64-Bit Server VM Temurin-21.0.10+7 (21.0.10+7-LTS, mixed mode, sharing, tiered, compressed oops, compressed class ptrs, parallel gc, windows-amd64)
GC Precious Log:
 CardTable entry size: 512
 CPUs: 8 total, 8 available
 Memory: 3767M
 Large Page Support: Disabled
 NUMA Support: Disabled
 Compressed Oops: Enabled (32-bit)
 Alignments: Space 512K, Generation 512K, Heap 2M
 Heap Min Capacity: 100M
 Heap Initial Capacity: 100M
 Heap Max Capacity: 2G
 Pre-touch: Disabled
 Parallel Workers: 8
Heap:
 PSYoungGen      total 17920K, used 1691K [0x00000000d5580000, 0x00000000d6980000, 0x0000000100000000)
  eden space 16384K, 1% used [0x00000000d5580000,0x00000000d55beca8,0x00000000d6580000)
  from space 1536K, 93% used [0x00000000d6580000,0x00000000d66e8000,0x00000000d6700000)
  to   space 2048K, 0% used [0x00000000d6780000,0x00000000d6780000,0x00000000d6980000)
 ParOldGen       total 68608K, used 63288K [0x0000000080000000, 0x0000000084300000, 0x00000000d5580000)
  object space 68608K, 92% used [0x0000000080000000,0x0000000083dce3e0,0x0000000084300000)
 Metaspace       used 63320K, committed 64768K, reserved 1114112K
  class space    used 6633K, committed 7232K, reserved 1048576K
GC Heap History (20 events):
Event: 19.915 GC heap before
{Heap before GC invocations=61 (full 3):
 PSYoungGen      total 19968K, used 19520K [0x00000000d5580000, 0x00000000d6a80000, 0x0000000100000000)
  eden space 18944K, 100% used [0x00000000d5580000,0x00000000d6800000,0x00000000d6800000)
  from space 1024K, 56% used [0x00000000d6800000,0x00000000d6890000,0x00000000d6900000)
  to   space 1024K, 0% used [0x00000000d6980000,0x00000000d6980000,0x00000000d6a80000)
 ParOldGen       total 68608K, used 54139K [0x0000000080000000, 0x0000000084300000, 0x00000000d5580000)
  object space 68608K, 78% used [0x0000000080000000,0x00000000834ded58,0x0000000084300000)
 Metaspace       used 59221K, committed 60672K, reserved 1114112K
  class space    used 6327K, committed 6976K, reserved 1048576K
}
Event: 19.917 GC heap after
{Heap after GC invocations=61 (full 3):
 PSYoungGen      total 19968K, used 576K [0x00000000d5580000, 0x00000000d6a80000, 0x0000000100000000)
  eden space 18944K, 0% used [0x00000000d5580000,0x00000000d5580000,0x00000000d6800000)
  from space 1024K, 56% used [0x00000000d6980000,0x00000000d6a10000,0x00000000d6a80000)
  to   space 1024K, 0% used [0x00000000d6800000,0x00000000d6800000,0x00000000d6900000)
 ParOldGen       total 68608K, used 54584K [0x0000000080000000, 0x0000000084300000, 0x00000000d5580000)
  object space 68608K, 79% used [0x0000000080000000,0x000000008354e048,0x0000000084300000)
 Metaspace       used 59221K, committed 60672K, reserved 1114112K
  class space    used 6327K, committed 6976K, reserved 1048576K
}
Event: 19.974 GC heap before
{Heap before GC invocations=62 (full 3):
 PSYoungGen      total 19968K, used 19520K [0x00000000d5580000, 0x00000000d6a80000, 0x0000000100000000)
  eden space 18944K, 100% used [0x00000000d5580000,0x00000000d6800000,0x00000000d6800000)
  from space 1024K, 56% used [0x00000000d6980000,0x00000000d6a10000,0x00000000d6a80000)
  to   space 1024K, 0% used [0x00000000d6800000,0x00000000d6800000,0x00000000d6900000)
 ParOldGen       total 68608K, used 54584K [0x0000000080000000, 0x0000000084300000, 0x00000000d5580000)
  object space 68608K, 79% used [0x0000000080000000,0x000000008354e048,0x0000000084300000)
 Metaspace       used 59230K, committed 60672K, reserved 1114112K
  class space    used 6327K, committed 6976K, reserved 1048576K
}
Event: 19.986 GC heap after
{Heap after GC invocations=62 (full 3):
 PSYoungGen      total 19968K, used 822K [0x00000000d5580000, 0x00000000d6a00000, 0x0000000100000000)
  eden space 18944K, 0% used [0x00000000d5580000,0x00000000d5580000,0x00000000d6800000)
  from space 1024K, 80% used [0x00000000d6800000,0x00000000d68cd920,0x00000000d6900000)
  to   space 1024K, 0% used [0x00000000d6900000,0x00000000d6900000,0x00000000d6a00000)
 ParOldGen       total 68608K, used 55040K [0x0000000080000000, 0x0000000084300000, 0x00000000d5580000)
  object space 68608K, 80% used [0x0000000080000000,0x00000000835c0048,0x0000000084300000)
 Metaspace       used 59230K, committed 60672K, reserved 1114112K
  class space    used 6327K, committed 6976K, reserved 1048576K
}
Event: 20.046 GC heap before
{Heap before GC invocations=63 (full 3):
 PSYoungGen      total 19968K, used 19766K [0x00000000d5580000, 0x00000000d6a00000, 0x0000000100000000)
  eden space 18944K, 100% used [0x00000000d5580000,0x00000000d6800000,0x00000000d6800000)
  from space 1024K, 80% used [0x00000000d6800000,0x00000000d68cd920,0x00000000d6900000)
  to   space 1024K, 0% used [0x00000000d6900000,0x00000000d6900000,0x00000000d6a00000)
 ParOldGen       total 68608K, used 55040K [0x0000000080000000, 0x0000000084300000, 0x00000000d5580000)
  object space 68608K, 80% used [0x0000000080000000,0x00000000835c0048,0x0000000084300000)
 Metaspace       used 59230K, committed 60672K, reserved 1114112K
  class space    used 6327K, committed 6976K, reserved 1048576K
}
Event: 20.048 GC heap after
{Heap after GC invocations=63 (full 3):
 PSYoungGen      total 19968K, used 744K [0x00000000d5580000, 0x00000000d6a00000, 0x0000000100000000)
  eden space 18944K, 0% used [0x00000000d5580000,0x00000000d5580000,0x00000000d6800000)
  from space 1024K, 72% used [0x00000000d6900000,0x00000000d69ba368,0x00000000d6a00000)
  to   space 1024K, 0% used [0x00000000d6800000,0x00000000d6800000,0x00000000d6900000)
 ParOldGen       total 68608K, used 55687K [0x0000000080000000, 0x0000000084300000, 0x00000000d5580000)
  object space 68608K, 81% used [0x0000000080000000,0x0000000083661f08,0x0000000084300000)
 Metaspace       used 59230K, committed 60672K, reserved 1114112K
  class space    used 6327K, committed 6976K, reserved 1048576K
}
Event: 20.525 GC heap before
{Heap before GC invocations=64 (full 3):
 PSYoungGen      total 19968K, used 19688K [0x00000000d5580000, 0x00000000d6a00000, 0x0000000100000000)
  eden space 18944K, 100% used [0x00000000d5580000,0x00000000d6800000,0x00000000d6800000)
  from space 1024K, 72% used [0x00000000d6900000,0x00000000d69ba368,0x00000000d6a00000)
  to   space 1024K, 0% used [0x00000000d6800000,0x00000000d6800000,0x00000000d6900000)
 ParOldGen       total 68608K, used 55687K [0x0000000080000000, 0x0000000084300000, 0x00000000d5580000)
  object space 68608K, 81% used [0x0000000080000000,0x0000000083661f08,0x0000000084300000)
 Metaspace       used 60690K, committed 62144K, reserved 1114112K
  class space    used 6486K, committed 7104K, reserved 1048576K
}
Event: 20.528 GC heap after
{Heap after GC invocations=64 (full 3):
 PSYoungGen      total 19968K, used 1023K [0x00000000d5580000, 0x00000000d6d00000, 0x0000000100000000)
  eden space 18944K, 0% used [0x00000000d5580000,0x00000000d5580000,0x00000000d6800000)
  from space 1024K, 99% used [0x00000000d6800000,0x00000000d68fff70,0x00000000d6900000)
  to   space 2560K, 0% used [0x00000000d6a80000,0x00000000d6a80000,0x00000000d6d00000)
 ParOldGen       total 68608K, used 56594K [0x0000000080000000, 0x0000000084300000, 0x00000000d5580000)
  object space 68608K, 82% used [0x0000000080000000,0x0000000083744910,0x0000000084300000)
 Metaspace       used 60690K, committed 62144K, reserved 1114112K
  class space    used 6486K, committed 7104K, reserved 1048576K
}
Event: 20.893 GC heap before
{Heap before GC invocations=65 (full 3):
 PSYoungGen      total 19968K, used 19967K [0x00000000d5580000, 0x00000000d6d00000, 0x0000000100000000)
  eden space 18944K, 100% used [0x00000000d5580000,0x00000000d6800000,0x00000000d6800000)
  from space 1024K, 99% used [0x00000000d6800000,0x00000000d68fff70,0x00000000d6900000)
  to   space 2560K, 0% used [0x00000000d6a80000,0x00000000d6a80000,0x00000000d6d00000)
 ParOldGen       total 68608K, used 56594K [0x0000000080000000, 0x0000000084300000, 0x00000000d5580000)
  object space 68608K, 82% used [0x0000000080000000,0x0000000083744910,0x0000000084300000)
 Metaspace       used 61191K, committed 62656K, reserved 1114112K
  class space    used 6515K, committed 7168K, reserved 1048576K
}
Event: 20.897 GC heap after
{Heap after GC invocations=65 (full 3):
 PSYoungGen      total 19456K, used 2530K [0x00000000d5580000, 0x00000000d7100000, 0x0000000100000000)
  eden space 16896K, 0% used [0x00000000d5580000,0x00000000d5580000,0x00000000d6600000)
  from space 2560K, 98% used [0x00000000d6a80000,0x00000000d6cf8ba8,0x00000000d6d00000)
  to   space 4608K, 0% used [0x00000000d6600000,0x00000000d6600000,0x00000000d6a80000)
 ParOldGen       total 68608K, used 57958K [0x0000000080000000, 0x0000000084300000, 0x00000000d5580000)
  object space 68608K, 84% used [0x0000000080000000,0x0000000083899b40,0x0000000084300000)
 Metaspace       used 61191K, committed 62656K, reserved 1114112K
  class space    used 6515K, committed 7168K, reserved 1048576K
}
Event: 21.992 GC heap before
{Heap before GC invocations=66 (full 3):
 PSYoungGen      total 19456K, used 19426K [0x00000000d5580000, 0x00000000d7100000, 0x0000000100000000)
  eden space 16896K, 100% used [0x00000000d5580000,0x00000000d6600000,0x00000000d6600000)
  from space 2560K, 98% used [0x00000000d6a80000,0x00000000d6cf8ba8,0x00000000d6d00000)
  to   space 4608K, 0% used [0x00000000d6600000,0x00000000d6600000,0x00000000d6a80000)
 ParOldGen       total 68608K, used 57958K [0x0000000080000000, 0x0000000084300000, 0x00000000d5580000)
  object space 68608K, 84% used [0x0000000080000000,0x0000000083899b40,0x0000000084300000)
 Metaspace       used 61970K, committed 63424K, reserved 1114112K
  class space    used 6526K, committed 7168K, reserved 1048576K
}
Event: 21.996 GC heap after
{Heap after GC invocations=66 (full 3):
 PSYoungGen      total 17920K, used 947K [0x00000000d5580000, 0x00000000d6b00000, 0x0000000100000000)
  eden space 16896K, 0% used [0x00000000d5580000,0x00000000d5580000,0x00000000d6600000)
  from space 1024K, 92% used [0x00000000d6600000,0x00000000d66eccb0,0x00000000d6700000)
  to   space 2048K, 0% used [0x00000000d6900000,0x00000000d6900000,0x00000000d6b00000)
 ParOldGen       total 68608K, used 59855K [0x0000000080000000, 0x0000000084300000, 0x00000000d5580000)
  object space 68608K, 87% used [0x0000000080000000,0x0000000083a73f68,0x0000000084300000)
 Metaspace       used 61970K, committed 63424K, reserved 1114112K
  class space    used 6526K, committed 7168K, reserved 1048576K
}
Event: 22.606 GC heap before
{Heap before GC invocations=67 (full 3):
 PSYoungGen      total 17920K, used 17843K [0x00000000d5580000, 0x00000000d6b00000, 0x0000000100000000)
  eden space 16896K, 100% used [0x00000000d5580000,0x00000000d6600000,0x00000000d6600000)
  from space 1024K, 92% used [0x00000000d6600000,0x00000000d66eccb0,0x00000000d6700000)
  to   space 2048K, 0% used [0x00000000d6900000,0x00000000d6900000,0x00000000d6b00000)
 ParOldGen       total 68608K, used 59855K [0x0000000080000000, 0x0000000084300000, 0x00000000d5580000)
  object space 68608K, 87% used [0x0000000080000000,0x0000000083a73f68,0x0000000084300000)
 Metaspace       used 62233K, committed 63616K, reserved 1114112K
  class space    used 6538K, committed 7168K, reserved 1048576K
}
Event: 22.617 GC heap after
{Heap after GC invocations=67 (full 3):
 PSYoungGen      total 18432K, used 1129K [0x00000000d5580000, 0x00000000d6a80000, 0x0000000100000000)
  eden space 16896K, 0% used [0x00000000d5580000,0x00000000d5580000,0x00000000d6600000)
  from space 1536K, 73% used [0x00000000d6900000,0x00000000d6a1a400,0x00000000d6a80000)
  to   space 1536K, 0% used [0x00000000d6780000,0x00000000d6780000,0x00000000d6900000)
 ParOldGen       total 68608K, used 60583K [0x0000000080000000, 0x0000000084300000, 0x00000000d5580000)
  object space 68608K, 88% used [0x0000000080000000,0x0000000083b29fa0,0x0000000084300000)
 Metaspace       used 62233K, committed 63616K, reserved 1114112K
  class space    used 6538K, committed 7168K, reserved 1048576K
}
Event: 22.837 GC heap before
{Heap before GC invocations=68 (full 3):
 PSYoungGen      total 18432K, used 18025K [0x00000000d5580000, 0x00000000d6a80000, 0x0000000100000000)
  eden space 16896K, 100% used [0x00000000d5580000,0x00000000d6600000,0x00000000d6600000)
  from space 1536K, 73% used [0x00000000d6900000,0x00000000d6a1a400,0x00000000d6a80000)
  to   space 1536K, 0% used [0x00000000d6780000,0x00000000d6780000,0x00000000d6900000)
 ParOldGen       total 68608K, used 60583K [0x0000000080000000, 0x0000000084300000, 0x00000000d5580000)
  object space 68608K, 88% used [0x0000000080000000,0x0000000083b29fa0,0x0000000084300000)
 Metaspace       used 62337K, committed 63808K, reserved 1114112K
  class space    used 6538K, committed 7168K, reserved 1048576K
}
Event: 22.839 GC heap after
{Heap after GC invocations=68 (full 3):
 PSYoungGen      total 17920K, used 570K [0x00000000d5580000, 0x00000000d6980000, 0x0000000100000000)
  eden space 16896K, 0% used [0x00000000d5580000,0x00000000d5580000,0x00000000d6600000)
  from space 1024K, 55% used [0x00000000d6780000,0x00000000d680e900,0x00000000d6880000)
  to   space 1024K, 0% used [0x00000000d6880000,0x00000000d6880000,0x00000000d6980000)
 ParOldGen       total 68608K, used 61212K [0x0000000080000000, 0x0000000084300000, 0x00000000d5580000)
  object space 68608K, 89% used [0x0000000080000000,0x0000000083bc71b0,0x0000000084300000)
 Metaspace       used 62337K, committed 63808K, reserved 1114112K
  class space    used 6538K, committed 7168K, reserved 1048576K
}
Event: 276.065 GC heap before
{Heap before GC invocations=69 (full 3):
 PSYoungGen      total 17920K, used 17454K [0x00000000d5580000, 0x00000000d6980000, 0x0000000100000000)
  eden space 16896K, 99% used [0x00000000d5580000,0x00000000d65fd170,0x00000000d6600000)
  from space 1024K, 55% used [0x00000000d6780000,0x00000000d680e900,0x00000000d6880000)
  to   space 1024K, 0% used [0x00000000d6880000,0x00000000d6880000,0x00000000d6980000)
 ParOldGen       total 68608K, used 61212K [0x0000000080000000, 0x0000000084300000, 0x00000000d5580000)
  object space 68608K, 89% used [0x0000000080000000,0x0000000083bc71b0,0x0000000084300000)
 Metaspace       used 63044K, committed 64512K, reserved 1114112K
  class space    used 6593K, committed 7232K, reserved 1048576K
}
Event: 276.114 GC heap after
{Heap after GC invocations=69 (full 3):
 PSYoungGen      total 17408K, used 1018K [0x00000000d5580000, 0x00000000d6c00000, 0x0000000100000000)
  eden space 16384K, 0% used [0x00000000d5580000,0x00000000d5580000,0x00000000d6580000)
  from space 1024K, 99% used [0x00000000d6880000,0x00000000d697e9a8,0x00000000d6980000)
  to   space 3072K, 0% used [0x00000000d6580000,0x00000000d6580000,0x00000000d6880000)
 ParOldGen       total 68608K, used 62679K [0x0000000080000000, 0x0000000084300000, 0x00000000d5580000)
  object space 68608K, 91% used [0x0000000080000000,0x0000000083d35de8,0x0000000084300000)
 Metaspace       used 63044K, committed 64512K, reserved 1114112K
  class space    used 6593K, committed 7232K, reserved 1048576K
}
Event: 3266.268 GC heap before
{Heap before GC invocations=70 (full 3):
 PSYoungGen      total 17408K, used 17402K [0x00000000d5580000, 0x00000000d6c00000, 0x0000000100000000)
  eden space 16384K, 100% used [0x00000000d5580000,0x00000000d6580000,0x00000000d6580000)
  from space 1024K, 99% used [0x00000000d6880000,0x00000000d697e9a8,0x00000000d6980000)
  to   space 3072K, 0% used [0x00000000d6580000,0x00000000d6580000,0x00000000d6880000)
 ParOldGen       total 68608K, used 62679K [0x0000000080000000, 0x0000000084300000, 0x00000000d5580000)
  object space 68608K, 91% used [0x0000000080000000,0x0000000083d35de8,0x0000000084300000)
 Metaspace       used 63317K, committed 64768K, reserved 1114112K
  class space    used 6633K, committed 7232K, reserved 1048576K
}
Event: 3266.611 GC heap after
{Heap after GC invocations=70 (full 3):
 PSYoungGen      total 17920K, used 1440K [0x00000000d5580000, 0x00000000d6980000, 0x0000000100000000)
  eden space 16384K, 0% used [0x00000000d5580000,0x00000000d5580000,0x00000000d6580000)
  from space 1536K, 93% used [0x00000000d6580000,0x00000000d66e8000,0x00000000d6700000)
  to   space 2048K, 0% used [0x00000000d6780000,0x00000000d6780000,0x00000000d6980000)
 ParOldGen       total 68608K, used 63288K [0x0000000080000000, 0x0000000084300000, 0x00000000d5580000)
  object space 68608K, 92% used [0x0000000080000000,0x0000000083dce3e0,0x0000000084300000)
 Metaspace       used 63317K, committed 64768K, reserved 1114112K
  class space    used 6633K, committed 7232K, reserved 1048576K
}

