# JRE version: OpenJDK Runtime Environment Temurin-21.0.10+7 (21.0.10+7) (build 21.0.10+7-LTS)
# Java VM: OpenJDK 64-Bit Server VM Temurin-21.0.10+7 (21.0.10+7-LTS, mixed mode, sharing, tiered, compressed oops, compressed class ptrs, parallel gc, windows-amd64)
GC Precious Log:
 CardTable entry size: 512
 CPUs: 8 total, 8 available
 Memory: 3767M
 Large Page Support: Disabled
 NUMA Support: Disabled
 Compressed Oops: Enabled (32-bit)
 Alignments: Space 512K, Generation 512K, Heap 2M
 Heap Min Capacity: 100M
 Heap Initial Capacity: 100M
 Heap Max Capacity: 2G
 Pre-touch: Disabled
 Parallel Workers: 8
Heap:
 PSYoungGen      total 7680K, used 5072K [0x00000000d5580000, 0x00000000d5e80000, 0x0000000100000000)
  eden space 6144K, 62% used [0x00000000d5580000,0x00000000d593c028,0x00000000d5b80000)
  from space 1536K, 81% used [0x00000000d5b80000,0x00000000d5cb8000,0x00000000d5d00000)
  to   space 1536K, 0% used [0x00000000d5d00000,0x00000000d5d00000,0x00000000d5e80000)
 ParOldGen       total 158720K, used 158415K [0x0000000080000000, 0x0000000089b00000, 0x00000000d5580000)
  object space 158720K, 99% used [0x0000000080000000,0x0000000089ab3f08,0x0000000089b00000)
 Metaspace       used 72561K, committed 74240K, reserved 1179648K
  class space    used 7514K, committed 8256K, reserved 1048576K
GC Heap History (20 events):
Event: 378.390 GC heap before
{Heap before GC invocations=169 (full 3):
 PSYoungGen      total 8192K, used 7669K [0x00000000d5580000, 0x00000000d5f00000, 0x0000000100000000)
  eden space 6656K, 100% used [0x00000000d5580000,0x00000000d5c00000,0x00000000d5c00000)
  from space 1536K, 65% used [0x00000000d5c00000,0x00000000d5cfd700,0x00000000d5d80000)
  to   space 1536K, 0% used [0x00000000d5d80000,0x00000000d5d80000,0x00000000d5f00000)
 ParOldGen       total 121344K, used 121274K [0x0000000080000000, 0x0000000087680000, 0x00000000d5580000)
  object space 121344K, 99% used [0x0000000080000000,0x000000008766eb60,0x0000000087680000)
 Metaspace       used 70515K, committed 72064K, reserved 1114112K
  class space    used 7295K, committed 8000K, reserved 1048576K
}
Event: 378.392 GC heap after
{Heap after GC invocations=169 (full 3):
 PSYoungGen      total 8192K, used 1344K [0x00000000d5580000, 0x00000000d5f00000, 0x0000000100000000)
  eden space 6656K, 0% used [0x00000000d5580000,0x00000000d5580000,0x00000000d5c00000)
  from space 1536K, 87% used [0x00000000d5d80000,0x00000000d5ed0000,0x00000000d5f00000)
  to   space 1536K, 0% used [0x00000000d5c00000,0x00000000d5c00000,0x00000000d5d80000)
 ParOldGen       total 122368K, used 122086K [0x0000000080000000, 0x0000000087780000, 0x00000000d5580000)
  object space 122368K, 99% used [0x0000000080000000,0x0000000087739980,0x0000000087780000)
 Metaspace       used 70515K, committed 72064K, reserved 1114112K
  class space    used 7295K, committed 8000K, reserved 1048576K
}
Event: 607.487 GC heap before
{Heap before GC invocations=170 (full 3):
 PSYoungGen      total 8192K, used 7984K [0x00000000d5580000, 0x00000000d5f00000, 0x0000000100000000)
  eden space 6656K, 99% used [0x00000000d5580000,0x00000000d5bfc378,0x00000000d5c00000)
  from space 1536K, 87% used [0x00000000d5d80000,0x00000000d5ed0000,0x00000000d5f00000)
  to   space 1536K, 0% used [0x00000000d5c00000,0x00000000d5c00000,0x00000000d5d80000)
 ParOldGen       total 122368K, used 122086K [0x0000000080000000, 0x0000000087780000, 0x00000000d5580000)
  object space 122368K, 99% used [0x0000000080000000,0x0000000087739980,0x0000000087780000)
 Metaspace       used 70548K, committed 72192K, reserved 1114112K
  class space    used 7295K, committed 8000K, reserved 1048576K
}
Event: 607.530 GC heap after
{Heap after GC invocations=170 (full 3):
 PSYoungGen      total 8192K, used 890K [0x00000000d5580000, 0x00000000d5f00000, 0x0000000100000000)
  eden space 6656K, 0% used [0x00000000d5580000,0x00000000d5580000,0x00000000d5c00000)
  from space 1536K, 57% used [0x00000000d5c00000,0x00000000d5cde920,0x00000000d5d80000)
  to   space 1536K, 0% used [0x00000000d5d80000,0x00000000d5d80000,0x00000000d5f00000)
 ParOldGen       total 123392K, used 123258K [0x0000000080000000, 0x0000000087880000, 0x00000000d5580000)
  object space 123392K, 99% used [0x0000000080000000,0x000000008785e9b0,0x0000000087880000)
 Metaspace       used 70548K, committed 72192K, reserved 1114112K
  class space    used 7295K, committed 8000K, reserved 1048576K
}
Event: 778.561 GC heap before
{Heap before GC invocations=171 (full 3):
 PSYoungGen      total 8192K, used 7546K [0x00000000d5580000, 0x00000000d5f00000, 0x0000000100000000)
  eden space 6656K, 100% used [0x00000000d5580000,0x00000000d5c00000,0x00000000d5c00000)
  from space 1536K, 57% used [0x00000000d5c00000,0x00000000d5cde920,0x00000000d5d80000)
  to   space 1536K, 0% used [0x00000000d5d80000,0x00000000d5d80000,0x00000000d5f00000)
 ParOldGen       total 123392K, used 123258K [0x0000000080000000, 0x0000000087880000, 0x00000000d5580000)
  object space 123392K, 99% used [0x0000000080000000,0x000000008785e9b0,0x0000000087880000)
 Metaspace       used 71111K, committed 72768K, reserved 1114112K
  class space    used 7360K, committed 8064K, reserved 1048576K
}
Event: 778.613 GC heap after
{Heap after GC invocations=171 (full 3):
 PSYoungGen      total 7680K, used 544K [0x00000000d5580000, 0x00000000d5e80000, 0x0000000100000000)
  eden space 6656K, 0% used [0x00000000d5580000,0x00000000d5580000,0x00000000d5c00000)
  from space 1024K, 53% used [0x00000000d5d80000,0x00000000d5e08000,0x00000000d5e80000)
  to   space 1024K, 0% used [0x00000000d5c80000,0x00000000d5c80000,0x00000000d5d80000)
 ParOldGen       total 124416K, used 123972K [0x0000000080000000, 0x0000000087980000, 0x00000000d5580000)
  object space 124416K, 99% used [0x0000000080000000,0x0000000087911390,0x0000000087980000)
 Metaspace       used 71111K, committed 72768K, reserved 1114112K
  class space    used 7360K, committed 8064K, reserved 1048576K
}
Event: 778.973 GC heap before
{Heap before GC invocations=172 (full 3):
 PSYoungGen      total 7680K, used 7200K [0x00000000d5580000, 0x00000000d5e80000, 0x0000000100000000)
  eden space 6656K, 100% used [0x00000000d5580000,0x00000000d5c00000,0x00000000d5c00000)
  from space 1024K, 53% used [0x00000000d5d80000,0x00000000d5e08000,0x00000000d5e80000)
  to   space 1024K, 0% used [0x00000000d5c80000,0x00000000d5c80000,0x00000000d5d80000)
 ParOldGen       total 124416K, used 123972K [0x0000000080000000, 0x0000000087980000, 0x00000000d5580000)
  object space 124416K, 99% used [0x0000000080000000,0x0000000087911390,0x0000000087980000)
 Metaspace       used 71368K, committed 73024K, reserved 1179648K
  class space    used 7393K, committed 8128K, reserved 1048576K
}
Event: 778.978 GC heap after
{Heap after GC invocations=172 (full 3):
 PSYoungGen      total 7680K, used 768K [0x00000000d5580000, 0x00000000d5e00000, 0x0000000100000000)
  eden space 6656K, 0% used [0x00000000d5580000,0x00000000d5580000,0x00000000d5c00000)
  from space 1024K, 75% used [0x00000000d5c80000,0x00000000d5d40000,0x00000000d5d80000)
  to   space 512K, 0% used [0x00000000d5d80000,0x00000000d5d80000,0x00000000d5e00000)
 ParOldGen       total 124416K, used 124412K [0x0000000080000000, 0x0000000087980000, 0x00000000d5580000)
  object space 124416K, 99% used [0x0000000080000000,0x000000008797f390,0x0000000087980000)
 Metaspace       used 71368K, committed 73024K, reserved 1179648K
  class space    used 7393K, committed 8128K, reserved 1048576K
}
Event: 779.104 GC heap before
{Heap before GC invocations=173 (full 3):
 PSYoungGen      total 7680K, used 7424K [0x00000000d5580000, 0x00000000d5e00000, 0x0000000100000000)
  eden space 6656K, 100% used [0x00000000d5580000,0x00000000d5c00000,0x00000000d5c00000)
  from space 1024K, 75% used [0x00000000d5c80000,0x00000000d5d40000,0x00000000d5d80000)
  to   space 512K, 0% used [0x00000000d5d80000,0x00000000d5d80000,0x00000000d5e00000)
 ParOldGen       total 124416K, used 124412K [0x0000000080000000, 0x0000000087980000, 0x00000000d5580000)
  object space 124416K, 99% used [0x0000000080000000,0x000000008797f390,0x0000000087980000)
 Metaspace       used 71461K, committed 73088K, reserved 1179648K
  class space    used 7406K, committed 8128K, reserved 1048576K
}
Event: 779.108 GC heap after
{Heap after GC invocations=173 (full 3):
 PSYoungGen      total 6656K, used 512K [0x00000000d5580000, 0x00000000d6000000, 0x0000000100000000)
  eden space 6144K, 0% used [0x00000000d5580000,0x00000000d5580000,0x00000000d5b80000)
  from space 512K, 100% used [0x00000000d5d80000,0x00000000d5e00000,0x00000000d5e00000)
  to   space 2048K, 0% used [0x00000000d5b80000,0x00000000d5b80000,0x00000000d5d80000)
 ParOldGen       total 125952K, used 125660K [0x0000000080000000, 0x0000000087b00000, 0x00000000d5580000)
  object space 125952K, 99% used [0x0000000080000000,0x0000000087ab73a0,0x0000000087b00000)
 Metaspace       used 71461K, committed 73088K, reserved 1179648K
  class space    used 7406K, committed 8128K, reserved 1048576K
}
Event: 779.488 GC heap before
{Heap before GC invocations=174 (full 3):
 PSYoungGen      total 6656K, used 6656K [0x00000000d5580000, 0x00000000d6000000, 0x0000000100000000)
  eden space 6144K, 100% used [0x00000000d5580000,0x00000000d5b80000,0x00000000d5b80000)
  from space 512K, 100% used [0x00000000d5d80000,0x00000000d5e00000,0x00000000d5e00000)
  to   space 2048K, 0% used [0x00000000d5b80000,0x00000000d5b80000,0x00000000d5d80000)
 ParOldGen       total 125952K, used 125660K [0x0000000080000000, 0x0000000087b00000, 0x00000000d5580000)
  object space 125952K, 99% used [0x0000000080000000,0x0000000087ab73a0,0x0000000087b00000)
 Metaspace       used 71771K, committed 73472K, reserved 1179648K
  class space    used 7448K, committed 8192K, reserved 1048576K
}
Event: 779.493 GC heap after
{Heap after GC invocations=174 (full 3):
 PSYoungGen      total 7168K, used 576K [0x00000000d5580000, 0x00000000d5e00000, 0x0000000100000000)
  eden space 6144K, 0% used [0x00000000d5580000,0x00000000d5580000,0x00000000d5b80000)
  from space 1024K, 56% used [0x00000000d5b80000,0x00000000d5c10000,0x00000000d5c80000)
  to   space 1024K, 0% used [0x00000000d5d00000,0x00000000d5d00000,0x00000000d5e00000)
 ParOldGen       total 126464K, used 126016K [0x0000000080000000, 0x0000000087b80000, 0x00000000d5580000)
  object space 126464K, 99% used [0x0000000080000000,0x0000000087b103b0,0x0000000087b80000)
 Metaspace       used 71771K, committed 73472K, reserved 1179648K
  class space    used 7448K, committed 8192K, reserved 1048576K
}
Event: 862.888 GC heap before
{Heap before GC invocations=175 (full 3):
 PSYoungGen      total 7168K, used 6716K [0x00000000d5580000, 0x00000000d5e00000, 0x0000000100000000)
  eden space 6144K, 99% used [0x00000000d5580000,0x00000000d5b7f328,0x00000000d5b80000)
  from space 1024K, 56% used [0x00000000d5b80000,0x00000000d5c10000,0x00000000d5c80000)
  to   space 1024K, 0% used [0x00000000d5d00000,0x00000000d5d00000,0x00000000d5e00000)
 ParOldGen       total 158208K, used 156736K [0x0000000080000000, 0x0000000089a80000, 0x00000000d5580000)
  object space 158208K, 99% used [0x0000000080000000,0x00000000899103e0,0x0000000089a80000)
 Metaspace       used 72163K, committed 73856K, reserved 1179648K
  class space    used 7485K, committed 8192K, reserved 1048576K
}
Event: 862.976 GC heap after
{Heap after GC invocations=175 (full 3):
 PSYoungGen      total 7168K, used 526K [0x00000000d5580000, 0x00000000d5e00000, 0x0000000100000000)
  eden space 6144K, 0% used [0x00000000d5580000,0x00000000d5580000,0x00000000d5b80000)
  from space 1024K, 51% used [0x00000000d5d00000,0x00000000d5d83ae8,0x00000000d5e00000)
  to   space 1024K, 0% used [0x00000000d5b80000,0x00000000d5b80000,0x00000000d5c80000)
 ParOldGen       total 158208K, used 157158K [0x0000000080000000, 0x0000000089a80000, 0x00000000d5580000)
  object space 158208K, 99% used [0x0000000080000000,0x0000000089979b08,0x0000000089a80000)
 Metaspace       used 72163K, committed 73856K, reserved 1179648K
  class space    used 7485K, committed 8192K, reserved 1048576K
}
Event: 1241.175 GC heap before
{Heap before GC invocations=176 (full 3):
 PSYoungGen      total 7168K, used 6670K [0x00000000d5580000, 0x00000000d5e00000, 0x0000000100000000)
  eden space 6144K, 100% used [0x00000000d5580000,0x00000000d5b80000,0x00000000d5b80000)
  from space 1024K, 51% used [0x00000000d5d00000,0x00000000d5d83ae8,0x00000000d5e00000)
  to   space 1024K, 0% used [0x00000000d5b80000,0x00000000d5b80000,0x00000000d5c80000)
 ParOldGen       total 158208K, used 157158K [0x0000000080000000, 0x0000000089a80000, 0x00000000d5580000)
  object space 158208K, 99% used [0x0000000080000000,0x0000000089979b08,0x0000000089a80000)
 Metaspace       used 72491K, committed 74176K, reserved 1179648K
  class space    used 7514K, committed 8256K, reserved 1048576K
}
Event: 1241.254 GC heap after
{Heap after GC invocations=176 (full 3):
 PSYoungGen      total 7168K, used 320K [0x00000000d5580000, 0x00000000d5d80000, 0x0000000100000000)
  eden space 6144K, 0% used [0x00000000d5580000,0x00000000d5580000,0x00000000d5b80000)
  from space 1024K, 31% used [0x00000000d5b80000,0x00000000d5bd0000,0x00000000d5c80000)
  to   space 512K, 0% used [0x00000000d5d00000,0x00000000d5d00000,0x00000000d5d80000)
 ParOldGen       total 158208K, used 157397K [0x0000000080000000, 0x0000000089a80000, 0x00000000d5580000)
  object space 158208K, 99% used [0x0000000080000000,0x00000000899b5568,0x0000000089a80000)
 Metaspace       used 72491K, committed 74176K, reserved 1179648K
  class space    used 7514K, committed 8256K, reserved 1048576K
}
Event: 1384.932 GC heap before
{Heap before GC invocations=177 (full 3):
 PSYoungGen      total 7168K, used 6464K [0x00000000d5580000, 0x00000000d5d80000, 0x0000000100000000)
  eden space 6144K, 100% used [0x00000000d5580000,0x00000000d5b80000,0x00000000d5b80000)
  from space 1024K, 31% used [0x00000000d5b80000,0x00000000d5bd0000,0x00000000d5c80000)
  to   space 512K, 0% used [0x00000000d5d00000,0x00000000d5d00000,0x00000000d5d80000)
 ParOldGen       total 158208K, used 157397K [0x0000000080000000, 0x0000000089a80000, 0x00000000d5580000)
  object space 158208K, 99% used [0x0000000080000000,0x00000000899b5568,0x0000000089a80000)
 Metaspace       used 72499K, committed 74176K, reserved 1179648K
  class space    used 7514K, committed 8256K, reserved 1048576K
}
Event: 1384.985 GC heap after
{Heap after GC invocations=177 (full 3):
 PSYoungGen      total 6656K, used 500K [0x00000000d5580000, 0x00000000d5e80000, 0x0000000100000000)
  eden space 6144K, 0% used [0x00000000d5580000,0x00000000d5580000,0x00000000d5b80000)
  from space 512K, 97% used [0x00000000d5d00000,0x00000000d5d7d220,0x00000000d5d80000)
  to   space 1536K, 0% used [0x00000000d5b80000,0x00000000d5b80000,0x00000000d5d00000)
 ParOldGen       total 158208K, used 157982K [0x0000000080000000, 0x0000000089a80000, 0x00000000d5580000)
  object space 158208K, 99% used [0x0000000080000000,0x0000000089a47a48,0x0000000089a80000)
 Metaspace       used 72499K, committed 74176K, reserved 1179648K
  class space    used 7514K, committed 8256K, reserved 1048576K
}
Event: 1385.188 GC heap before
{Heap before GC invocations=178 (full 3):
 PSYoungGen      total 6656K, used 6644K [0x00000000d5580000, 0x00000000d5e80000, 0x0000000100000000)
  eden space 6144K, 100% used [0x00000000d5580000,0x00000000d5b80000,0x00000000d5b80000)
  from space 512K, 97% used [0x00000000d5d00000,0x00000000d5d7d220,0x00000000d5d80000)
  to   space 1536K, 0% used [0x00000000d5b80000,0x00000000d5b80000,0x00000000d5d00000)
 ParOldGen       total 158208K, used 157982K [0x0000000080000000, 0x0000000089a80000, 0x00000000d5580000)
  object space 158208K, 99% used [0x0000000080000000,0x0000000089a47a48,0x0000000089a80000)
 Metaspace       used 72500K, committed 74176K, reserved 1179648K
  class space    used 7514K, committed 8256K, reserved 1048576K
}
Event: 1385.195 GC heap after
{Heap after GC invocations=178 (full 3):
 PSYoungGen      total 7680K, used 1248K [0x00000000d5580000, 0x00000000d5e80000, 0x0000000100000000)
  eden space 6144K, 0% used [0x00000000d5580000,0x00000000d5580000,0x00000000d5b80000)
  from space 1536K, 81% used [0x00000000d5b80000,0x00000000d5cb8000,0x00000000d5d00000)
  to   space 1536K, 0% used [0x00000000d5d00000,0x00000000d5d00000,0x00000000d5e80000)
 ParOldGen       total 158720K, used 158415K [0x0000000080000000, 0x0000000089b00000, 0x00000000d5580000)
  object space 158720K, 99% used [0x0000000080000000,0x0000000089ab3f08,0x0000000089b00000)
 Metaspace       used 72500K, committed 74176K, reserved 1179648K
  class space    used 7514K, committed 8256K, reserved 1048576K
}

