# JRE version: OpenJDK Runtime Environment Temurin-21.0.10+7 (21.0.10+7) (build 21.0.10+7-LTS)
# Java VM: OpenJDK 64-Bit Server VM Temurin-21.0.10+7 (21.0.10+7-LTS, mixed mode, sharing, tiered, compressed oops, compressed class ptrs, parallel gc, windows-amd64)
GC Precious Log:
 CardTable entry size: 512
 CPUs: 8 total, 8 available
 Memory: 3767M
 Large Page Support: Disabled
 NUMA Support: Disabled
 Compressed Oops: Enabled (32-bit)
 Alignments: Space 512K, Generation 512K, Heap 2M
 Heap Min Capacity: 100M
 Heap Initial Capacity: 100M
 Heap Max Capacity: 2G
 Pre-touch: Disabled
 Parallel Workers: 8
Heap:
 PSYoungGen      total 23040K, used 10901K [0x00000000d5580000, 0x00000000d7280000, 0x0000000100000000)
  eden space 17920K, 32% used [0x00000000d5580000,0x00000000d5b261f8,0x00000000d6700000)
  from space 5120K, 99% used [0x00000000d6c80000,0x00000000d717f400,0x00000000d7180000)
  to   space 5632K, 0% used [0x00000000d6700000,0x00000000d6700000,0x00000000d6c80000)
 ParOldGen       total 68608K, used 65662K [0x0000000080000000, 0x0000000084300000, 0x00000000d5580000)
  object space 68608K, 95% used [0x0000000080000000,0x000000008401fa18,0x0000000084300000)
 Metaspace       used 64321K, committed 65728K, reserved 1114112K
  class space    used 6639K, committed 7232K, reserved 1048576K
GC Heap History (20 events):
Event: 23.885 GC heap before
{Heap before GC invocations=62 (full 3):
 PSYoungGen      total 20480K, used 20168K [0x00000000d5580000, 0x00000000d6b80000, 0x0000000100000000)
  eden space 19456K, 100% used [0x00000000d5580000,0x00000000d6880000,0x00000000d6880000)
  from space 1024K, 69% used [0x00000000d6a80000,0x00000000d6b32368,0x00000000d6b80000)
  to   space 1536K, 0% used [0x00000000d6880000,0x00000000d6880000,0x00000000d6a00000)
 ParOldGen       total 68608K, used 54926K [0x0000000080000000, 0x0000000084300000, 0x00000000d5580000)
  object space 68608K, 80% used [0x0000000080000000,0x00000000835a3998,0x0000000084300000)
 Metaspace       used 59601K, committed 60992K, reserved 1114112K
  class space    used 6334K, committed 6912K, reserved 1048576K
}
Event: 23.888 GC heap after
{Heap after GC invocations=62 (full 3):
 PSYoungGen      total 20992K, used 576K [0x00000000d5580000, 0x00000000d6b00000, 0x0000000100000000)
  eden space 19456K, 0% used [0x00000000d5580000,0x00000000d5580000,0x00000000d6880000)
  from space 1536K, 37% used [0x00000000d6880000,0x00000000d6910000,0x00000000d6a00000)
  to   space 1024K, 0% used [0x00000000d6a00000,0x00000000d6a00000,0x00000000d6b00000)
 ParOldGen       total 68608K, used 55460K [0x0000000080000000, 0x0000000084300000, 0x00000000d5580000)
  object space 68608K, 80% used [0x0000000080000000,0x0000000083629190,0x0000000084300000)
 Metaspace       used 59601K, committed 60992K, reserved 1114112K
  class space    used 6334K, committed 6912K, reserved 1048576K
}
Event: 26.175 GC heap before
{Heap before GC invocations=63 (full 3):
 PSYoungGen      total 20992K, used 20032K [0x00000000d5580000, 0x00000000d6b00000, 0x0000000100000000)
  eden space 19456K, 100% used [0x00000000d5580000,0x00000000d6880000,0x00000000d6880000)
  from space 1536K, 37% used [0x00000000d6880000,0x00000000d6910000,0x00000000d6a00000)
  to   space 1024K, 0% used [0x00000000d6a00000,0x00000000d6a00000,0x00000000d6b00000)
 ParOldGen       total 68608K, used 55460K [0x0000000080000000, 0x0000000084300000, 0x00000000d5580000)
  object space 68608K, 80% used [0x0000000080000000,0x0000000083629190,0x0000000084300000)
 Metaspace       used 60976K, committed 62400K, reserved 1114112K
  class space    used 6479K, committed 7104K, reserved 1048576K
}
Event: 26.179 GC heap after
{Heap after GC invocations=63 (full 3):
 PSYoungGen      total 19968K, used 1023K [0x00000000d5580000, 0x00000000d6c80000, 0x0000000100000000)
  eden space 18944K, 0% used [0x00000000d5580000,0x00000000d5580000,0x00000000d6800000)
  from space 1024K, 99% used [0x00000000d6a00000,0x00000000d6affe48,0x00000000d6b00000)
  to   space 2048K, 0% used [0x00000000d6800000,0x00000000d6800000,0x00000000d6a00000)
 ParOldGen       total 68608K, used 56172K [0x0000000080000000, 0x0000000084300000, 0x00000000d5580000)
  object space 68608K, 81% used [0x0000000080000000,0x00000000836db1a0,0x0000000084300000)
 Metaspace       used 60976K, committed 62400K, reserved 1114112K
  class space    used 6479K, committed 7104K, reserved 1048576K
}
Event: 27.757 GC heap before
{Heap before GC invocations=64 (full 3):
 PSYoungGen      total 19968K, used 19967K [0x00000000d5580000, 0x00000000d6c80000, 0x0000000100000000)
  eden space 18944K, 100% used [0x00000000d5580000,0x00000000d6800000,0x00000000d6800000)
  from space 1024K, 99% used [0x00000000d6a00000,0x00000000d6affe48,0x00000000d6b00000)
  to   space 2048K, 0% used [0x00000000d6800000,0x00000000d6800000,0x00000000d6a00000)
 ParOldGen       total 68608K, used 56172K [0x0000000080000000, 0x0000000084300000, 0x00000000d5580000)
  object space 68608K, 81% used [0x0000000080000000,0x00000000836db1a0,0x0000000084300000)
 Metaspace       used 61409K, committed 62784K, reserved 1114112K
  class space    used 6513K, committed 7104K, reserved 1048576K
}
Event: 27.771 GC heap after
{Heap after GC invocations=64 (full 3):
 PSYoungGen      total 20992K, used 2005K [0x00000000d5580000, 0x00000000d6d00000, 0x0000000100000000)
  eden space 18944K, 0% used [0x00000000d5580000,0x00000000d5580000,0x00000000d6800000)
  from space 2048K, 97% used [0x00000000d6800000,0x00000000d69f55c0,0x00000000d6a00000)
  to   space 2560K, 0% used [0x00000000d6a80000,0x00000000d6a80000,0x00000000d6d00000)
 ParOldGen       total 68608K, used 57158K [0x0000000080000000, 0x0000000084300000, 0x00000000d5580000)
  object space 68608K, 83% used [0x0000000080000000,0x00000000837d1bb8,0x0000000084300000)
 Metaspace       used 61409K, committed 62784K, reserved 1114112K
  class space    used 6513K, committed 7104K, reserved 1048576K
}
Event: 33.945 GC heap before
{Heap before GC invocations=65 (full 3):
 PSYoungGen      total 20992K, used 20949K [0x00000000d5580000, 0x00000000d6d00000, 0x0000000100000000)
  eden space 18944K, 100% used [0x00000000d5580000,0x00000000d6800000,0x00000000d6800000)
  from space 2048K, 97% used [0x00000000d6800000,0x00000000d69f55c0,0x00000000d6a00000)
  to   space 2560K, 0% used [0x00000000d6a80000,0x00000000d6a80000,0x00000000d6d00000)
 ParOldGen       total 68608K, used 57158K [0x0000000080000000, 0x0000000084300000, 0x00000000d5580000)
  object space 68608K, 83% used [0x0000000080000000,0x00000000837d1bb8,0x0000000084300000)
 Metaspace       used 61787K, committed 63296K, reserved 1114112K
  class space    used 6540K, committed 7168K, reserved 1048576K
}
Event: 33.968 GC heap after
{Heap after GC invocations=65 (full 3):
 PSYoungGen      total 20992K, used 1890K [0x00000000d5580000, 0x00000000d6c80000, 0x0000000100000000)
  eden space 18944K, 0% used [0x00000000d5580000,0x00000000d5580000,0x00000000d6800000)
  from space 2048K, 92% used [0x00000000d6a80000,0x00000000d6c58870,0x00000000d6c80000)
  to   space 2048K, 0% used [0x00000000d6800000,0x00000000d6800000,0x00000000d6a00000)
 ParOldGen       total 68608K, used 58140K [0x0000000080000000, 0x0000000084300000, 0x00000000d5580000)
  object space 68608K, 84% used [0x0000000080000000,0x00000000838c7200,0x0000000084300000)
 Metaspace       used 61787K, committed 63296K, reserved 1114112K
  class space    used 6540K, committed 7168K, reserved 1048576K
}
Event: 38.679 GC heap before
{Heap before GC invocations=66 (full 3):
 PSYoungGen      total 20992K, used 20834K [0x00000000d5580000, 0x00000000d6c80000, 0x0000000100000000)
  eden space 18944K, 100% used [0x00000000d5580000,0x00000000d6800000,0x00000000d6800000)
  from space 2048K, 92% used [0x00000000d6a80000,0x00000000d6c58870,0x00000000d6c80000)
  to   space 2048K, 0% used [0x00000000d6800000,0x00000000d6800000,0x00000000d6a00000)
 ParOldGen       total 68608K, used 58140K [0x0000000080000000, 0x0000000084300000, 0x00000000d5580000)
  object space 68608K, 84% used [0x0000000080000000,0x00000000838c7200,0x0000000084300000)
 Metaspace       used 62253K, committed 63680K, reserved 1114112K
  class space    used 6556K, committed 7168K, reserved 1048576K
}
Event: 38.695 GC heap after
{Heap after GC invocations=66 (full 3):
 PSYoungGen      total 20992K, used 2045K [0x00000000d5580000, 0x00000000d6f00000, 0x0000000100000000)
  eden space 18944K, 0% used [0x00000000d5580000,0x00000000d5580000,0x00000000d6800000)
  from space 2048K, 99% used [0x00000000d6800000,0x00000000d69ff5d0,0x00000000d6a00000)
  to   space 3584K, 0% used [0x00000000d6b80000,0x00000000d6b80000,0x00000000d6f00000)
 ParOldGen       total 68608K, used 59167K [0x0000000080000000, 0x0000000084300000, 0x00000000d5580000)
  object space 68608K, 86% used [0x0000000080000000,0x00000000839c7d48,0x0000000084300000)
 Metaspace       used 62253K, committed 63680K, reserved 1114112K
  class space    used 6556K, committed 7168K, reserved 1048576K
}
Event: 39.914 GC heap before
{Heap before GC invocations=67 (full 3):
 PSYoungGen      total 20992K, used 20989K [0x00000000d5580000, 0x00000000d6f00000, 0x0000000100000000)
  eden space 18944K, 100% used [0x00000000d5580000,0x00000000d6800000,0x00000000d6800000)
  from space 2048K, 99% used [0x00000000d6800000,0x00000000d69ff5d0,0x00000000d6a00000)
  to   space 3584K, 0% used [0x00000000d6b80000,0x00000000d6b80000,0x00000000d6f00000)
 ParOldGen       total 68608K, used 59167K [0x0000000080000000, 0x0000000084300000, 0x00000000d5580000)
  object space 68608K, 86% used [0x0000000080000000,0x00000000839c7d48,0x0000000084300000)
 Metaspace       used 63035K, committed 64448K, reserved 1114112K
  class space    used 6563K, committed 7168K, reserved 1048576K
}
Event: 39.927 GC heap after
{Heap after GC invocations=67 (full 3):
 PSYoungGen      total 20992K, used 1925K [0x00000000d5580000, 0x00000000d6d80000, 0x0000000100000000)
  eden space 18944K, 0% used [0x00000000d5580000,0x00000000d5580000,0x00000000d6800000)
  from space 2048K, 94% used [0x00000000d6b80000,0x00000000d6d617d8,0x00000000d6d80000)
  to   space 2560K, 0% used [0x00000000d6880000,0x00000000d6880000,0x00000000d6b00000)
 ParOldGen       total 68608K, used 60367K [0x0000000080000000, 0x0000000084300000, 0x00000000d5580000)
  object space 68608K, 87% used [0x0000000080000000,0x0000000083af3f90,0x0000000084300000)
 Metaspace       used 63035K, committed 64448K, reserved 1114112K
  class space    used 6563K, committed 7168K, reserved 1048576K
}
Event: 43.261 GC heap before
{Heap before GC invocations=68 (full 3):
 PSYoungGen      total 20992K, used 20869K [0x00000000d5580000, 0x00000000d6d80000, 0x0000000100000000)
  eden space 18944K, 100% used [0x00000000d5580000,0x00000000d6800000,0x00000000d6800000)
  from space 2048K, 94% used [0x00000000d6b80000,0x00000000d6d617d8,0x00000000d6d80000)
  to   space 2560K, 0% used [0x00000000d6880000,0x00000000d6880000,0x00000000d6b00000)
 ParOldGen       total 68608K, used 60367K [0x0000000080000000, 0x0000000084300000, 0x00000000d5580000)
  object space 68608K, 87% used [0x0000000080000000,0x0000000083af3f90,0x0000000084300000)
 Metaspace       used 63239K, committed 64640K, reserved 1114112K
  class space    used 6563K, committed 7168K, reserved 1048576K
}
Event: 43.272 GC heap after
{Heap after GC invocations=68 (full 3):
 PSYoungGen      total 19968K, used 554K [0x00000000d5580000, 0x00000000d6c00000, 0x0000000100000000)
  eden space 18944K, 0% used [0x00000000d5580000,0x00000000d5580000,0x00000000d6800000)
  from space 1024K, 54% used [0x00000000d6880000,0x00000000d690a930,0x00000000d6980000)
  to   space 1536K, 0% used [0x00000000d6a80000,0x00000000d6a80000,0x00000000d6c00000)
 ParOldGen       total 68608K, used 60905K [0x0000000080000000, 0x0000000084300000, 0x00000000d5580000)
  object space 68608K, 88% used [0x0000000080000000,0x0000000083b7a6c0,0x0000000084300000)
 Metaspace       used 63239K, committed 64640K, reserved 1114112K
  class space    used 6563K, committed 7168K, reserved 1048576K
}
Event: 44.642 GC heap before
{Heap before GC invocations=69 (full 3):
 PSYoungGen      total 19968K, used 19498K [0x00000000d5580000, 0x00000000d6c00000, 0x0000000100000000)
  eden space 18944K, 100% used [0x00000000d5580000,0x00000000d6800000,0x00000000d6800000)
  from space 1024K, 54% used [0x00000000d6880000,0x00000000d690a930,0x00000000d6980000)
  to   space 1536K, 0% used [0x00000000d6a80000,0x00000000d6a80000,0x00000000d6c00000)
 ParOldGen       total 68608K, used 60905K [0x0000000080000000, 0x0000000084300000, 0x00000000d5580000)
  object space 68608K, 88% used [0x0000000080000000,0x0000000083b7a6c0,0x0000000084300000)
 Metaspace       used 63410K, committed 64832K, reserved 1114112K
  class space    used 6568K, committed 7168K, reserved 1048576K
}
Event: 44.649 GC heap after
{Heap after GC invocations=69 (full 3):
 PSYoungGen      total 19968K, used 1533K [0x00000000d5580000, 0x00000000d6e00000, 0x0000000100000000)
  eden space 18432K, 0% used [0x00000000d5580000,0x00000000d5580000,0x00000000d6780000)
  from space 1536K, 99% used [0x00000000d6a80000,0x00000000d6bff468,0x00000000d6c00000)
  to   space 3072K, 0% used [0x00000000d6780000,0x00000000d6780000,0x00000000d6a80000)
 ParOldGen       total 68608K, used 61921K [0x0000000080000000, 0x0000000084300000, 0x00000000d5580000)
  object space 68608K, 90% used [0x0000000080000000,0x0000000083c78700,0x0000000084300000)
 Metaspace       used 63410K, committed 64832K, reserved 1114112K
  class space    used 6568K, committed 7168K, reserved 1048576K
}
Event: 45.386 GC heap before
{Heap before GC invocations=70 (full 3):
 PSYoungGen      total 19968K, used 19965K [0x00000000d5580000, 0x00000000d6e00000, 0x0000000100000000)
  eden space 18432K, 100% used [0x00000000d5580000,0x00000000d6780000,0x00000000d6780000)
  from space 1536K, 99% used [0x00000000d6a80000,0x00000000d6bff468,0x00000000d6c00000)
  to   space 3072K, 0% used [0x00000000d6780000,0x00000000d6780000,0x00000000d6a80000)
 ParOldGen       total 68608K, used 61921K [0x0000000080000000, 0x0000000084300000, 0x00000000d5580000)
  object space 68608K, 90% used [0x0000000080000000,0x0000000083c78700,0x0000000084300000)
 Metaspace       used 64004K, committed 65408K, reserved 1114112K
  class space    used 6607K, committed 7232K, reserved 1048576K
}
Event: 45.551 GC heap after
{Heap after GC invocations=70 (full 3):
 PSYoungGen      total 21504K, used 3071K [0x00000000d5580000, 0x00000000d7180000, 0x0000000100000000)
  eden space 18432K, 0% used [0x00000000d5580000,0x00000000d5580000,0x00000000d6780000)
  from space 3072K, 99% used [0x00000000d6780000,0x00000000d6a7fe80,0x00000000d6a80000)
  to   space 5120K, 0% used [0x00000000d6c80000,0x00000000d6c80000,0x00000000d7180000)
 ParOldGen       total 68608K, used 63253K [0x0000000080000000, 0x0000000084300000, 0x00000000d5580000)
  object space 68608K, 92% used [0x0000000080000000,0x0000000083dc5488,0x0000000084300000)
 Metaspace       used 64004K, committed 65408K, reserved 1114112K
  class space    used 6607K, committed 7232K, reserved 1048576K
}
Event: 46.555 GC heap before
{Heap before GC invocations=71 (full 3):
 PSYoungGen      total 21504K, used 21503K [0x00000000d5580000, 0x00000000d7180000, 0x0000000100000000)
  eden space 18432K, 100% used [0x00000000d5580000,0x00000000d6780000,0x00000000d6780000)
  from space 3072K, 99% used [0x00000000d6780000,0x00000000d6a7fe80,0x00000000d6a80000)
  to   space 5120K, 0% used [0x00000000d6c80000,0x00000000d6c80000,0x00000000d7180000)
 ParOldGen       total 68608K, used 63253K [0x0000000080000000, 0x0000000084300000, 0x00000000d5580000)
  object space 68608K, 92% used [0x0000000080000000,0x0000000083dc5488,0x0000000084300000)
 Metaspace       used 64182K, committed 65600K, reserved 1114112K
  class space    used 6630K, committed 7232K, reserved 1048576K
}
Event: 46.578 GC heap after
{Heap after GC invocations=71 (full 3):
 PSYoungGen      total 23040K, used 5117K [0x00000000d5580000, 0x00000000d7280000, 0x0000000100000000)
  eden space 17920K, 0% used [0x00000000d5580000,0x00000000d5580000,0x00000000d6700000)
  from space 5120K, 99% used [0x00000000d6c80000,0x00000000d717f400,0x00000000d7180000)
  to   space 5632K, 0% used [0x00000000d6700000,0x00000000d6700000,0x00000000d6c80000)
 ParOldGen       total 68608K, used 65662K [0x0000000080000000, 0x0000000084300000, 0x00000000d5580000)
  object space 68608K, 95% used [0x0000000080000000,0x000000008401fa18,0x0000000084300000)
 Metaspace       used 64182K, committed 65600K, reserved 1114112K
  class space    used 6630K, committed 7232K, reserved 1048576K
}

