# JRE version: OpenJDK Runtime Environment Temurin-21.0.10+7 (21.0.10+7) (build 21.0.10+7-LTS)
# Java VM: OpenJDK 64-Bit Server VM Temurin-21.0.10+7 (21.0.10+7-LTS, mixed mode, sharing, tiered, compressed oops, compressed class ptrs, parallel gc, windows-amd64)
GC Precious Log:
 CardTable entry size: 512
 CPUs: 8 total, 8 available
 Memory: 3767M
 Large Page Support: Disabled
 NUMA Support: Disabled
 Compressed Oops: Enabled (32-bit)
 Alignments: Space 512K, Generation 512K, Heap 2M
 Heap Min Capacity: 100M
 Heap Initial Capacity: 100M
 Heap Max Capacity: 2G
 Pre-touch: Disabled
 Parallel Workers: 8
Heap:
 PSYoungGen      total 20992K, used 13083K [0x00000000d5580000, 0x00000000d6e00000, 0x0000000100000000)
  eden space 19456K, 61% used [0x00000000d5580000,0x00000000d613c0d0,0x00000000d6880000)
  from space 1536K, 69% used [0x00000000d6880000,0x00000000d698ae68,0x00000000d6a00000)
  to   space 2560K, 0% used [0x00000000d6b80000,0x00000000d6b80000,0x00000000d6e00000)
 ParOldGen       total 68608K, used 29225K [0x0000000080000000, 0x0000000084300000, 0x00000000d5580000)
  object space 68608K, 42% used [0x0000000080000000,0x0000000081c8a7c0,0x0000000084300000)
 Metaspace       used 34798K, committed 35776K, reserved 1114112K
  class space    used 3534K, committed 3968K, reserved 1048576K
GC Heap History (20 events):
Event: 9.239 GC heap before
{Heap before GC invocations=9 (full 1):
 PSYoungGen      total 27136K, used 27047K [0x00000000d5580000, 0x00000000d7480000, 0x0000000100000000)
  eden space 24576K, 100% used [0x00000000d5580000,0x00000000d6d80000,0x00000000d6d80000)
  from space 2560K, 96% used [0x00000000d6e00000,0x00000000d7069c18,0x00000000d7080000)
  to   space 3584K, 0% used [0x00000000d7100000,0x00000000d7100000,0x00000000d7480000)
 ParOldGen       total 68608K, used 10499K [0x0000000080000000, 0x0000000084300000, 0x00000000d5580000)
  object space 68608K, 15% used [0x0000000080000000,0x0000000080a40c58,0x0000000084300000)
 Metaspace       used 26370K, committed 27200K, reserved 1114112K
  class space    used 2583K, committed 2944K, reserved 1048576K
}
Event: 9.244 GC heap after
{Heap after GC invocations=9 (full 1):
 PSYoungGen      total 26624K, used 3576K [0x00000000d5580000, 0x00000000d7700000, 0x0000000100000000)
  eden space 23040K, 0% used [0x00000000d5580000,0x00000000d5580000,0x00000000d6c00000)
  from space 3584K, 99% used [0x00000000d7100000,0x00000000d747e358,0x00000000d7480000)
  to   space 5120K, 0% used [0x00000000d6c00000,0x00000000d6c00000,0x00000000d7100000)
 ParOldGen       total 68608K, used 11352K [0x0000000080000000, 0x0000000084300000, 0x00000000d5580000)
  object space 68608K, 16% used [0x0000000080000000,0x0000000080b16168,0x0000000084300000)
 Metaspace       used 26370K, committed 27200K, reserved 1114112K
  class space    used 2583K, committed 2944K, reserved 1048576K
}
Event: 9.852 GC heap before
{Heap before GC invocations=10 (full 1):
 PSYoungGen      total 26624K, used 26616K [0x00000000d5580000, 0x00000000d7700000, 0x0000000100000000)
  eden space 23040K, 100% used [0x00000000d5580000,0x00000000d6c00000,0x00000000d6c00000)
  from space 3584K, 99% used [0x00000000d7100000,0x00000000d747e358,0x00000000d7480000)
  to   space 5120K, 0% used [0x00000000d6c00000,0x00000000d6c00000,0x00000000d7100000)
 ParOldGen       total 68608K, used 11352K [0x0000000080000000, 0x0000000084300000, 0x00000000d5580000)
  object space 68608K, 16% used [0x0000000080000000,0x0000000080b16168,0x0000000084300000)
 Metaspace       used 29261K, committed 30208K, reserved 1114112K
  class space    used 2932K, committed 3328K, reserved 1048576K
}
Event: 9.858 GC heap after
{Heap after GC invocations=10 (full 1):
 PSYoungGen      total 27136K, used 4377K [0x00000000d5580000, 0x00000000d7480000, 0x0000000100000000)
  eden space 22528K, 0% used [0x00000000d5580000,0x00000000d5580000,0x00000000d6b80000)
  from space 4608K, 95% used [0x00000000d6c00000,0x00000000d70466d8,0x00000000d7080000)
  to   space 4096K, 0% used [0x00000000d7080000,0x00000000d7080000,0x00000000d7480000)
 ParOldGen       total 68608K, used 11360K [0x0000000080000000, 0x0000000084300000, 0x00000000d5580000)
  object space 68608K, 16% used [0x0000000080000000,0x0000000080b18168,0x0000000084300000)
 Metaspace       used 29261K, committed 30208K, reserved 1114112K
  class space    used 2932K, committed 3328K, reserved 1048576K
}
Event: 10.269 GC heap before
{Heap before GC invocations=11 (full 1):
 PSYoungGen      total 27136K, used 26905K [0x00000000d5580000, 0x00000000d7480000, 0x0000000100000000)
  eden space 22528K, 100% used [0x00000000d5580000,0x00000000d6b80000,0x00000000d6b80000)
  from space 4608K, 95% used [0x00000000d6c00000,0x00000000d70466d8,0x00000000d7080000)
  to   space 4096K, 0% used [0x00000000d7080000,0x00000000d7080000,0x00000000d7480000)
 ParOldGen       total 68608K, used 11360K [0x0000000080000000, 0x0000000084300000, 0x00000000d5580000)
  object space 68608K, 16% used [0x0000000080000000,0x0000000080b18168,0x0000000084300000)
 Metaspace       used 30159K, committed 31040K, reserved 1114112K
  class space    used 3001K, committed 3392K, reserved 1048576K
}
Event: 10.276 GC heap after
{Heap after GC invocations=11 (full 1):
 PSYoungGen      total 25600K, used 3102K [0x00000000d5580000, 0x00000000d7400000, 0x0000000100000000)
  eden space 22016K, 0% used [0x00000000d5580000,0x00000000d5580000,0x00000000d6b00000)
  from space 3584K, 86% used [0x00000000d7080000,0x00000000d7387bd8,0x00000000d7400000)
  to   space 3584K, 0% used [0x00000000d6d00000,0x00000000d6d00000,0x00000000d7080000)
 ParOldGen       total 68608K, used 14807K [0x0000000080000000, 0x0000000084300000, 0x00000000d5580000)
  object space 68608K, 21% used [0x0000000080000000,0x0000000080e75c40,0x0000000084300000)
 Metaspace       used 30159K, committed 31040K, reserved 1114112K
  class space    used 3001K, committed 3392K, reserved 1048576K
}
Event: 18.034 GC heap before
{Heap before GC invocations=12 (full 1):
 PSYoungGen      total 25600K, used 25118K [0x00000000d5580000, 0x00000000d7400000, 0x0000000100000000)
  eden space 22016K, 99% used [0x00000000d5580000,0x00000000d6afffe8,0x00000000d6b00000)
  from space 3584K, 86% used [0x00000000d7080000,0x00000000d7387bd8,0x00000000d7400000)
  to   space 3584K, 0% used [0x00000000d6d00000,0x00000000d6d00000,0x00000000d7080000)
 ParOldGen       total 68608K, used 14807K [0x0000000080000000, 0x0000000084300000, 0x00000000d5580000)
  object space 68608K, 21% used [0x0000000080000000,0x0000000080e75c40,0x0000000084300000)
 Metaspace       used 32088K, committed 33088K, reserved 1114112K
  class space    used 3190K, committed 3648K, reserved 1048576K
}
Event: 18.049 GC heap after
{Heap after GC invocations=12 (full 1):
 PSYoungGen      total 24064K, used 2032K [0x00000000d5580000, 0x00000000d7100000, 0x0000000100000000)
  eden space 22016K, 0% used [0x00000000d5580000,0x00000000d5580000,0x00000000d6b00000)
  from space 2048K, 99% used [0x00000000d6d00000,0x00000000d6efc040,0x00000000d6f00000)
  to   space 2048K, 0% used [0x00000000d6f00000,0x00000000d6f00000,0x00000000d7100000)
 ParOldGen       total 68608K, used 16139K [0x0000000080000000, 0x0000000084300000, 0x00000000d5580000)
  object space 68608K, 23% used [0x0000000080000000,0x0000000080fc2c10,0x0000000084300000)
 Metaspace       used 32088K, committed 33088K, reserved 1114112K
  class space    used 3190K, committed 3648K, reserved 1048576K
}
Event: 18.895 GC heap before
{Heap before GC invocations=13 (full 1):
 PSYoungGen      total 24064K, used 24048K [0x00000000d5580000, 0x00000000d7100000, 0x0000000100000000)
  eden space 22016K, 100% used [0x00000000d5580000,0x00000000d6b00000,0x00000000d6b00000)
  from space 2048K, 99% used [0x00000000d6d00000,0x00000000d6efc040,0x00000000d6f00000)
  to   space 2048K, 0% used [0x00000000d6f00000,0x00000000d6f00000,0x00000000d7100000)
 ParOldGen       total 68608K, used 16139K [0x0000000080000000, 0x0000000084300000, 0x00000000d5580000)
  object space 68608K, 23% used [0x0000000080000000,0x0000000080fc2c10,0x0000000084300000)
 Metaspace       used 32435K, committed 33408K, reserved 1114112K
  class space    used 3246K, committed 3712K, reserved 1048576K
}
Event: 18.917 GC heap after
{Heap after GC invocations=13 (full 1):
 PSYoungGen      total 23040K, used 2033K [0x00000000d5580000, 0x00000000d7500000, 0x0000000100000000)
  eden space 20992K, 0% used [0x00000000d5580000,0x00000000d5580000,0x00000000d6a00000)
  from space 2048K, 99% used [0x00000000d6f00000,0x00000000d70fc420,0x00000000d7100000)
  to   space 5120K, 0% used [0x00000000d6a00000,0x00000000d6a00000,0x00000000d6f00000)
 ParOldGen       total 68608K, used 18512K [0x0000000080000000, 0x0000000084300000, 0x00000000d5580000)
  object space 68608K, 26% used [0x0000000080000000,0x0000000081214298,0x0000000084300000)
 Metaspace       used 32435K, committed 33408K, reserved 1114112K
  class space    used 3246K, committed 3712K, reserved 1048576K
}
Event: 19.160 GC heap before
{Heap before GC invocations=14 (full 1):
 PSYoungGen      total 23040K, used 23025K [0x00000000d5580000, 0x00000000d7500000, 0x0000000100000000)
  eden space 20992K, 100% used [0x00000000d5580000,0x00000000d6a00000,0x00000000d6a00000)
  from space 2048K, 99% used [0x00000000d6f00000,0x00000000d70fc420,0x00000000d7100000)
  to   space 5120K, 0% used [0x00000000d6a00000,0x00000000d6a00000,0x00000000d6f00000)
 ParOldGen       total 68608K, used 18512K [0x0000000080000000, 0x0000000084300000, 0x00000000d5580000)
  object space 68608K, 26% used [0x0000000080000000,0x0000000081214298,0x0000000084300000)
 Metaspace       used 32466K, committed 33472K, reserved 1114112K
  class space    used 3246K, committed 3712K, reserved 1048576K
}
Event: 19.181 GC heap after
{Heap after GC invocations=14 (full 1):
 PSYoungGen      total 24064K, used 2690K [0x00000000d5580000, 0x00000000d7100000, 0x0000000100000000)
  eden space 20992K, 0% used [0x00000000d5580000,0x00000000d5580000,0x00000000d6a00000)
  from space 3072K, 87% used [0x00000000d6a00000,0x00000000d6ca0810,0x00000000d6d00000)
  to   space 3584K, 0% used [0x00000000d6d80000,0x00000000d6d80000,0x00000000d7100000)
 ParOldGen       total 68608K, used 20347K [0x0000000080000000, 0x0000000084300000, 0x00000000d5580000)
  object space 68608K, 29% used [0x0000000080000000,0x00000000813def78,0x0000000084300000)
 Metaspace       used 32466K, committed 33472K, reserved 1114112K
  class space    used 3246K, committed 3712K, reserved 1048576K
}
Event: 19.500 GC heap before
{Heap before GC invocations=15 (full 1):
 PSYoungGen      total 24064K, used 23682K [0x00000000d5580000, 0x00000000d7100000, 0x0000000100000000)
  eden space 20992K, 100% used [0x00000000d5580000,0x00000000d6a00000,0x00000000d6a00000)
  from space 3072K, 87% used [0x00000000d6a00000,0x00000000d6ca0810,0x00000000d6d00000)
  to   space 3584K, 0% used [0x00000000d6d80000,0x00000000d6d80000,0x00000000d7100000)
 ParOldGen       total 68608K, used 20347K [0x0000000080000000, 0x0000000084300000, 0x00000000d5580000)
  object space 68608K, 29% used [0x0000000080000000,0x00000000813def78,0x0000000084300000)
 Metaspace       used 32486K, committed 33536K, reserved 1114112K
  class space    used 3246K, committed 3712K, reserved 1048576K
}
Event: 19.552 GC heap after
{Heap after GC invocations=15 (full 1):
 PSYoungGen      total 23552K, used 2212K [0x00000000d5580000, 0x00000000d7000000, 0x0000000100000000)
  eden space 20992K, 0% used [0x00000000d5580000,0x00000000d5580000,0x00000000d6a00000)
  from space 2560K, 86% used [0x00000000d6d80000,0x00000000d6fa9000,0x00000000d7000000)
  to   space 2560K, 0% used [0x00000000d6b00000,0x00000000d6b00000,0x00000000d6d80000)
 ParOldGen       total 68608K, used 22779K [0x0000000080000000, 0x0000000084300000, 0x00000000d5580000)
  object space 68608K, 33% used [0x0000000080000000,0x000000008163ef88,0x0000000084300000)
 Metaspace       used 32486K, committed 33536K, reserved 1114112K
  class space    used 3246K, committed 3712K, reserved 1048576K
}
Event: 19.966 GC heap before
{Heap before GC invocations=16 (full 1):
 PSYoungGen      total 23552K, used 23204K [0x00000000d5580000, 0x00000000d7000000, 0x0000000100000000)
  eden space 20992K, 100% used [0x00000000d5580000,0x00000000d6a00000,0x00000000d6a00000)
  from space 2560K, 86% used [0x00000000d6d80000,0x00000000d6fa9000,0x00000000d7000000)
  to   space 2560K, 0% used [0x00000000d6b00000,0x00000000d6b00000,0x00000000d6d80000)
 ParOldGen       total 68608K, used 22779K [0x0000000080000000, 0x0000000084300000, 0x00000000d5580000)
  object space 68608K, 33% used [0x0000000080000000,0x000000008163ef88,0x0000000084300000)
 Metaspace       used 32504K, committed 33536K, reserved 1114112K
  class space    used 3247K, committed 3712K, reserved 1048576K
}
Event: 19.972 GC heap after
{Heap after GC invocations=16 (full 1):
 PSYoungGen      total 23552K, used 2432K [0x00000000d5580000, 0x00000000d6f00000, 0x0000000100000000)
  eden space 20992K, 0% used [0x00000000d5580000,0x00000000d5580000,0x00000000d6a00000)
  from space 2560K, 95% used [0x00000000d6b00000,0x00000000d6d60010,0x00000000d6d80000)
  to   space 1536K, 0% used [0x00000000d6d80000,0x00000000d6d80000,0x00000000d6f00000)
 ParOldGen       total 68608K, used 24881K [0x0000000080000000, 0x0000000084300000, 0x00000000d5580000)
  object space 68608K, 36% used [0x0000000080000000,0x000000008184c5b0,0x0000000084300000)
 Metaspace       used 32504K, committed 33536K, reserved 1114112K
  class space    used 3247K, committed 3712K, reserved 1048576K
}
Event: 21.040 GC heap before
{Heap before GC invocations=17 (full 1):
 PSYoungGen      total 23552K, used 23424K [0x00000000d5580000, 0x00000000d6f00000, 0x0000000100000000)
  eden space 20992K, 100% used [0x00000000d5580000,0x00000000d6a00000,0x00000000d6a00000)
  from space 2560K, 95% used [0x00000000d6b00000,0x00000000d6d60010,0x00000000d6d80000)
  to   space 1536K, 0% used [0x00000000d6d80000,0x00000000d6d80000,0x00000000d6f00000)
 ParOldGen       total 68608K, used 24881K [0x0000000080000000, 0x0000000084300000, 0x00000000d5580000)
  object space 68608K, 36% used [0x0000000080000000,0x000000008184c5b0,0x0000000084300000)
 Metaspace       used 32542K, committed 33600K, reserved 1114112K
  class space    used 3247K, committed 3712K, reserved 1048576K
}
Event: 21.058 GC heap after
{Heap after GC invocations=17 (full 1):
 PSYoungGen      total 20992K, used 1528K [0x00000000d5580000, 0x00000000d7400000, 0x0000000100000000)
  eden space 19456K, 0% used [0x00000000d5580000,0x00000000d5580000,0x00000000d6880000)
  from space 1536K, 99% used [0x00000000d6d80000,0x00000000d6efe200,0x00000000d6f00000)
  to   space 5120K, 0% used [0x00000000d6880000,0x00000000d6880000,0x00000000d6d80000)
 ParOldGen       total 68608K, used 27673K [0x0000000080000000, 0x0000000084300000, 0x00000000d5580000)
  object space 68608K, 40% used [0x0000000080000000,0x0000000081b065c0,0x0000000084300000)
 Metaspace       used 32542K, committed 33600K, reserved 1114112K
  class space    used 3247K, committed 3712K, reserved 1048576K
}
Event: 23.516 GC heap before
{Heap before GC invocations=18 (full 1):
 PSYoungGen      total 20992K, used 20984K [0x00000000d5580000, 0x00000000d7400000, 0x0000000100000000)
  eden space 19456K, 100% used [0x00000000d5580000,0x00000000d6880000,0x00000000d6880000)
  from space 1536K, 99% used [0x00000000d6d80000,0x00000000d6efe200,0x00000000d6f00000)
  to   space 5120K, 0% used [0x00000000d6880000,0x00000000d6880000,0x00000000d6d80000)
 ParOldGen       total 68608K, used 27673K [0x0000000080000000, 0x0000000084300000, 0x00000000d5580000)
  object space 68608K, 40% used [0x0000000080000000,0x0000000081b065c0,0x0000000084300000)
 Metaspace       used 34179K, committed 35200K, reserved 1114112K
  class space    used 3467K, committed 3904K, reserved 1048576K
}
Event: 23.575 GC heap after
{Heap after GC invocations=18 (full 1):
 PSYoungGen      total 20992K, used 1067K [0x00000000d5580000, 0x00000000d6e00000, 0x0000000100000000)
  eden space 19456K, 0% used [0x00000000d5580000,0x00000000d5580000,0x00000000d6880000)
  from space 1536K, 69% used [0x00000000d6880000,0x00000000d698ae68,0x00000000d6a00000)
  to   space 2560K, 0% used [0x00000000d6b80000,0x00000000d6b80000,0x00000000d6e00000)
 ParOldGen       total 68608K, used 29225K [0x0000000080000000, 0x0000000084300000, 0x00000000d5580000)
  object space 68608K, 42% used [0x0000000080000000,0x0000000081c8a7c0,0x0000000084300000)
 Metaspace       used 34179K, committed 35200K, reserved 1114112K
  class space    used 3467K, committed 3904K, reserved 1048576K
}

