# JRE version: OpenJDK Runtime Environment Temurin-21.0.10+7 (21.0.10+7) (build 21.0.10+7-LTS)
# Java VM: OpenJDK 64-Bit Server VM Temurin-21.0.10+7 (21.0.10+7-LTS, mixed mode, sharing, tiered, compressed oops, compressed class ptrs, parallel gc, windows-amd64)
GC Precious Log:
 CardTable entry size: 512
 CPUs: 8 total, 8 available
 Memory: 3767M
 Large Page Support: Disabled
 NUMA Support: Disabled
 Compressed Oops: Enabled (32-bit)
 Alignments: Space 512K, Generation 512K, Heap 2M
 Heap Min Capacity: 100M
 Heap Initial Capacity: 100M
 Heap Max Capacity: 2G
 Pre-touch: Disabled
 Parallel Workers: 8
Heap:
 PSYoungGen      total 19456K, used 16158K [0x00000000d5580000, 0x00000000d6b80000, 0x0000000100000000)
  eden space 17408K, 81% used [0x00000000d5580000,0x00000000d63679f8,0x00000000d6680000)
  from space 2048K, 93% used [0x00000000d6980000,0x00000000d6b60010,0x00000000d6b80000)
  to   space 2048K, 0% used [0x00000000d6680000,0x00000000d6680000,0x00000000d6880000)
 ParOldGen       total 68608K, used 45604K [0x0000000080000000, 0x0000000084300000, 0x00000000d5580000)
  object space 68608K, 66% used [0x0000000080000000,0x0000000082c89300,0x0000000084300000)
 Metaspace       used 48968K, committed 50368K, reserved 1114112K
  class space    used 5323K, committed 5952K, reserved 1048576K
GC Heap History (20 events):
Event: 14.331 GC heap before
{Heap before GC invocations=21 (full 2):
 PSYoungGen      total 20480K, used 20056K [0x00000000d5580000, 0x00000000d6f80000, 0x0000000100000000)
  eden space 18432K, 100% used [0x00000000d5580000,0x00000000d6780000,0x00000000d6780000)
  from space 2048K, 79% used [0x00000000d6d80000,0x00000000d6f161a8,0x00000000d6f80000)
  to   space 3584K, 0% used [0x00000000d6880000,0x00000000d6880000,0x00000000d6c00000)
 ParOldGen       total 68608K, used 31799K [0x0000000080000000, 0x0000000084300000, 0x00000000d5580000)
  object space 68608K, 46% used [0x0000000080000000,0x0000000081f0def8,0x0000000084300000)
 Metaspace       used 45419K, committed 46784K, reserved 1114112K
  class space    used 4963K, committed 5568K, reserved 1048576K
}
Event: 14.334 GC heap after
{Heap after GC invocations=21 (full 2):
 PSYoungGen      total 22016K, used 1329K [0x00000000d5580000, 0x00000000d6e00000, 0x0000000100000000)
  eden space 18432K, 0% used [0x00000000d5580000,0x00000000d5580000,0x00000000d6780000)
  from space 3584K, 37% used [0x00000000d6880000,0x00000000d69cc640,0x00000000d6c00000)
  to   space 2048K, 0% used [0x00000000d6c00000,0x00000000d6c00000,0x00000000d6e00000)
 ParOldGen       total 68608K, used 33268K [0x0000000080000000, 0x0000000084300000, 0x00000000d5580000)
  object space 68608K, 48% used [0x0000000080000000,0x000000008207d0b0,0x0000000084300000)
 Metaspace       used 45419K, committed 46784K, reserved 1114112K
  class space    used 4963K, committed 5568K, reserved 1048576K
}
Event: 15.151 GC heap before
{Heap before GC invocations=22 (full 2):
 PSYoungGen      total 22016K, used 19761K [0x00000000d5580000, 0x00000000d6e00000, 0x0000000100000000)
  eden space 18432K, 100% used [0x00000000d5580000,0x00000000d6780000,0x00000000d6780000)
  from space 3584K, 37% used [0x00000000d6880000,0x00000000d69cc640,0x00000000d6c00000)
  to   space 2048K, 0% used [0x00000000d6c00000,0x00000000d6c00000,0x00000000d6e00000)
 ParOldGen       total 68608K, used 33268K [0x0000000080000000, 0x0000000084300000, 0x00000000d5580000)
  object space 68608K, 48% used [0x0000000080000000,0x000000008207d0b0,0x0000000084300000)
 Metaspace       used 46767K, committed 48192K, reserved 1114112K
  class space    used 5097K, committed 5696K, reserved 1048576K
}
Event: 15.155 GC heap after
{Heap after GC invocations=22 (full 2):
 PSYoungGen      total 19456K, used 667K [0x00000000d5580000, 0x00000000d6d00000, 0x0000000100000000)
  eden space 18432K, 0% used [0x00000000d5580000,0x00000000d5580000,0x00000000d6780000)
  from space 1024K, 65% used [0x00000000d6c00000,0x00000000d6ca6e98,0x00000000d6d00000)
  to   space 1024K, 0% used [0x00000000d6b00000,0x00000000d6b00000,0x00000000d6c00000)
 ParOldGen       total 68608K, used 34429K [0x0000000080000000, 0x0000000084300000, 0x00000000d5580000)
  object space 68608K, 50% used [0x0000000080000000,0x000000008219f750,0x0000000084300000)
 Metaspace       used 46767K, committed 48192K, reserved 1114112K
  class space    used 5097K, committed 5696K, reserved 1048576K
}
Event: 15.525 GC heap before
{Heap before GC invocations=23 (full 2):
 PSYoungGen      total 19456K, used 19099K [0x00000000d5580000, 0x00000000d6d00000, 0x0000000100000000)
  eden space 18432K, 100% used [0x00000000d5580000,0x00000000d6780000,0x00000000d6780000)
  from space 1024K, 65% used [0x00000000d6c00000,0x00000000d6ca6e98,0x00000000d6d00000)
  to   space 1024K, 0% used [0x00000000d6b00000,0x00000000d6b00000,0x00000000d6c00000)
 ParOldGen       total 68608K, used 34429K [0x0000000080000000, 0x0000000084300000, 0x00000000d5580000)
  object space 68608K, 50% used [0x0000000080000000,0x000000008219f750,0x0000000084300000)
 Metaspace       used 46832K, committed 48192K, reserved 1114112K
  class space    used 5106K, committed 5696K, reserved 1048576K
}
Event: 15.527 GC heap after
{Heap after GC invocations=23 (full 2):
 PSYoungGen      total 18944K, used 384K [0x00000000d5580000, 0x00000000d6c80000, 0x0000000100000000)
  eden space 18432K, 0% used [0x00000000d5580000,0x00000000d5580000,0x00000000d6780000)
  from space 512K, 75% used [0x00000000d6b00000,0x00000000d6b60000,0x00000000d6b80000)
  to   space 1024K, 0% used [0x00000000d6b80000,0x00000000d6b80000,0x00000000d6c80000)
 ParOldGen       total 68608K, used 34970K [0x0000000080000000, 0x0000000084300000, 0x00000000d5580000)
  object space 68608K, 50% used [0x0000000080000000,0x00000000822268a8,0x0000000084300000)
 Metaspace       used 46832K, committed 48192K, reserved 1114112K
  class space    used 5106K, committed 5696K, reserved 1048576K
}
Event: 15.991 GC heap before
{Heap before GC invocations=24 (full 2):
 PSYoungGen      total 18944K, used 18816K [0x00000000d5580000, 0x00000000d6c80000, 0x0000000100000000)
  eden space 18432K, 100% used [0x00000000d5580000,0x00000000d6780000,0x00000000d6780000)
  from space 512K, 75% used [0x00000000d6b00000,0x00000000d6b60000,0x00000000d6b80000)
  to   space 1024K, 0% used [0x00000000d6b80000,0x00000000d6b80000,0x00000000d6c80000)
 ParOldGen       total 68608K, used 34970K [0x0000000080000000, 0x0000000084300000, 0x00000000d5580000)
  object space 68608K, 50% used [0x0000000080000000,0x00000000822268a8,0x0000000084300000)
 Metaspace       used 47927K, committed 49344K, reserved 1114112K
  class space    used 5219K, committed 5824K, reserved 1048576K
}
Event: 15.993 GC heap after
{Heap after GC invocations=24 (full 2):
 PSYoungGen      total 19456K, used 984K [0x00000000d5580000, 0x00000000d6c80000, 0x0000000100000000)
  eden space 18432K, 0% used [0x00000000d5580000,0x00000000d5580000,0x00000000d6780000)
  from space 1024K, 96% used [0x00000000d6b80000,0x00000000d6c761d8,0x00000000d6c80000)
  to   space 1536K, 0% used [0x00000000d6980000,0x00000000d6980000,0x00000000d6b00000)
 ParOldGen       total 68608K, used 35146K [0x0000000080000000, 0x0000000084300000, 0x00000000d5580000)
  object space 68608K, 51% used [0x0000000080000000,0x00000000822528a8,0x0000000084300000)
 Metaspace       used 47927K, committed 49344K, reserved 1114112K
  class space    used 5219K, committed 5824K, reserved 1048576K
}
Event: 16.464 GC heap before
{Heap before GC invocations=25 (full 2):
 PSYoungGen      total 19456K, used 19416K [0x00000000d5580000, 0x00000000d6c80000, 0x0000000100000000)
  eden space 18432K, 100% used [0x00000000d5580000,0x00000000d6780000,0x00000000d6780000)
  from space 1024K, 96% used [0x00000000d6b80000,0x00000000d6c761d8,0x00000000d6c80000)
  to   space 1536K, 0% used [0x00000000d6980000,0x00000000d6980000,0x00000000d6b00000)
 ParOldGen       total 68608K, used 35146K [0x0000000080000000, 0x0000000084300000, 0x00000000d5580000)
  object space 68608K, 51% used [0x0000000080000000,0x00000000822528a8,0x0000000084300000)
 Metaspace       used 48537K, committed 49856K, reserved 1114112K
  class space    used 5270K, committed 5824K, reserved 1048576K
}
Event: 16.468 GC heap after
{Heap after GC invocations=25 (full 2):
 PSYoungGen      total 19968K, used 1504K [0x00000000d5580000, 0x00000000d6d80000, 0x0000000100000000)
  eden space 18432K, 0% used [0x00000000d5580000,0x00000000d5580000,0x00000000d6780000)
  from space 1536K, 97% used [0x00000000d6980000,0x00000000d6af8010,0x00000000d6b00000)
  to   space 2560K, 0% used [0x00000000d6b00000,0x00000000d6b00000,0x00000000d6d80000)
 ParOldGen       total 68608K, used 36364K [0x0000000080000000, 0x0000000084300000, 0x00000000d5580000)
  object space 68608K, 53% used [0x0000000080000000,0x00000000823831a8,0x0000000084300000)
 Metaspace       used 48537K, committed 49856K, reserved 1114112K
  class space    used 5270K, committed 5824K, reserved 1048576K
}
Event: 16.572 GC heap before
{Heap before GC invocations=26 (full 2):
 PSYoungGen      total 19968K, used 19936K [0x00000000d5580000, 0x00000000d6d80000, 0x0000000100000000)
  eden space 18432K, 100% used [0x00000000d5580000,0x00000000d6780000,0x00000000d6780000)
  from space 1536K, 97% used [0x00000000d6980000,0x00000000d6af8010,0x00000000d6b00000)
  to   space 2560K, 0% used [0x00000000d6b00000,0x00000000d6b00000,0x00000000d6d80000)
 ParOldGen       total 68608K, used 36364K [0x0000000080000000, 0x0000000084300000, 0x00000000d5580000)
  object space 68608K, 53% used [0x0000000080000000,0x00000000823831a8,0x0000000084300000)
 Metaspace       used 48880K, committed 50304K, reserved 1114112K
  class space    used 5322K, committed 5952K, reserved 1048576K
}
Event: 16.576 GC heap after
{Heap after GC invocations=26 (full 2):
 PSYoungGen      total 20992K, used 2193K [0x00000000d5580000, 0x00000000d6d80000, 0x0000000100000000)
  eden space 18432K, 0% used [0x00000000d5580000,0x00000000d5580000,0x00000000d6780000)
  from space 2560K, 85% used [0x00000000d6b00000,0x00000000d6d24420,0x00000000d6d80000)
  to   space 2560K, 0% used [0x00000000d6880000,0x00000000d6880000,0x00000000d6b00000)
 ParOldGen       total 68608K, used 37833K [0x0000000080000000, 0x0000000084300000, 0x00000000d5580000)
  object space 68608K, 55% used [0x0000000080000000,0x00000000824f2510,0x0000000084300000)
 Metaspace       used 48880K, committed 50304K, reserved 1114112K
  class space    used 5322K, committed 5952K, reserved 1048576K
}
Event: 16.628 GC heap before
{Heap before GC invocations=27 (full 2):
 PSYoungGen      total 20992K, used 20625K [0x00000000d5580000, 0x00000000d6d80000, 0x0000000100000000)
  eden space 18432K, 100% used [0x00000000d5580000,0x00000000d6780000,0x00000000d6780000)
  from space 2560K, 85% used [0x00000000d6b00000,0x00000000d6d24420,0x00000000d6d80000)
  to   space 2560K, 0% used [0x00000000d6880000,0x00000000d6880000,0x00000000d6b00000)
 ParOldGen       total 68608K, used 37833K [0x0000000080000000, 0x0000000084300000, 0x00000000d5580000)
  object space 68608K, 55% used [0x0000000080000000,0x00000000824f2510,0x0000000084300000)
 Metaspace       used 48888K, committed 50304K, reserved 1114112K
  class space    used 5322K, committed 5952K, reserved 1048576K
}
Event: 16.633 GC heap after
{Heap after GC invocations=27 (full 2):
 PSYoungGen      total 20992K, used 2306K [0x00000000d5580000, 0x00000000d6c80000, 0x0000000100000000)
  eden space 18432K, 0% used [0x00000000d5580000,0x00000000d5580000,0x00000000d6780000)
  from space 2560K, 90% used [0x00000000d6880000,0x00000000d6ac0810,0x00000000d6b00000)
  to   space 1536K, 0% used [0x00000000d6b00000,0x00000000d6b00000,0x00000000d6c80000)
 ParOldGen       total 68608K, used 39796K [0x0000000080000000, 0x0000000084300000, 0x00000000d5580000)
  object space 68608K, 58% used [0x0000000080000000,0x00000000826dd1f0,0x0000000084300000)
 Metaspace       used 48888K, committed 50304K, reserved 1114112K
  class space    used 5322K, committed 5952K, reserved 1048576K
}
Event: 16.684 GC heap before
{Heap before GC invocations=28 (full 2):
 PSYoungGen      total 20992K, used 20738K [0x00000000d5580000, 0x00000000d6c80000, 0x0000000100000000)
  eden space 18432K, 100% used [0x00000000d5580000,0x00000000d6780000,0x00000000d6780000)
  from space 2560K, 90% used [0x00000000d6880000,0x00000000d6ac0810,0x00000000d6b00000)
  to   space 1536K, 0% used [0x00000000d6b00000,0x00000000d6b00000,0x00000000d6c80000)
 ParOldGen       total 68608K, used 39796K [0x0000000080000000, 0x0000000084300000, 0x00000000d5580000)
  object space 68608K, 58% used [0x0000000080000000,0x00000000826dd1f0,0x0000000084300000)
 Metaspace       used 48909K, committed 50368K, reserved 1114112K
  class space    used 5322K, committed 5952K, reserved 1048576K
}
Event: 16.688 GC heap after
{Heap after GC invocations=28 (full 2):
 PSYoungGen      total 18944K, used 1536K [0x00000000d5580000, 0x00000000d7080000, 0x0000000100000000)
  eden space 17408K, 0% used [0x00000000d5580000,0x00000000d5580000,0x00000000d6680000)
  from space 1536K, 100% used [0x00000000d6b00000,0x00000000d6c80000,0x00000000d6c80000)
  to   space 4608K, 0% used [0x00000000d6680000,0x00000000d6680000,0x00000000d6b00000)
 ParOldGen       total 68608K, used 42300K [0x0000000080000000, 0x0000000084300000, 0x00000000d5580000)
  object space 68608K, 61% used [0x0000000080000000,0x000000008294f300,0x0000000084300000)
 Metaspace       used 48909K, committed 50368K, reserved 1114112K
  class space    used 5322K, committed 5952K, reserved 1048576K
}
Event: 16.745 GC heap before
{Heap before GC invocations=29 (full 2):
 PSYoungGen      total 18944K, used 18944K [0x00000000d5580000, 0x00000000d7080000, 0x0000000100000000)
  eden space 17408K, 100% used [0x00000000d5580000,0x00000000d6680000,0x00000000d6680000)
  from space 1536K, 100% used [0x00000000d6b00000,0x00000000d6c80000,0x00000000d6c80000)
  to   space 4608K, 0% used [0x00000000d6680000,0x00000000d6680000,0x00000000d6b00000)
 ParOldGen       total 68608K, used 42300K [0x0000000080000000, 0x0000000084300000, 0x00000000d5580000)
  object space 68608K, 61% used [0x0000000080000000,0x000000008294f300,0x0000000084300000)
 Metaspace       used 48912K, committed 50368K, reserved 1114112K
  class space    used 5322K, committed 5952K, reserved 1048576K
}
Event: 16.750 GC heap after
{Heap after GC invocations=29 (full 2):
 PSYoungGen      total 19456K, used 1824K [0x00000000d5580000, 0x00000000d6c80000, 0x0000000100000000)
  eden space 17408K, 0% used [0x00000000d5580000,0x00000000d5580000,0x00000000d6680000)
  from space 2048K, 89% used [0x00000000d6680000,0x00000000d6848000,0x00000000d6880000)
  to   space 3072K, 0% used [0x00000000d6980000,0x00000000d6980000,0x00000000d6c80000)
 ParOldGen       total 68608K, used 43852K [0x0000000080000000, 0x0000000084300000, 0x00000000d5580000)
  object space 68608K, 63% used [0x0000000080000000,0x0000000082ad3300,0x0000000084300000)
 Metaspace       used 48912K, committed 50368K, reserved 1114112K
  class space    used 5322K, committed 5952K, reserved 1048576K
}
Event: 16.840 GC heap before
{Heap before GC invocations=30 (full 2):
 PSYoungGen      total 19456K, used 19232K [0x00000000d5580000, 0x00000000d6c80000, 0x0000000100000000)
  eden space 17408K, 100% used [0x00000000d5580000,0x00000000d6680000,0x00000000d6680000)
  from space 2048K, 89% used [0x00000000d6680000,0x00000000d6848000,0x00000000d6880000)
  to   space 3072K, 0% used [0x00000000d6980000,0x00000000d6980000,0x00000000d6c80000)
 ParOldGen       total 68608K, used 43852K [0x0000000080000000, 0x0000000084300000, 0x00000000d5580000)
  object space 68608K, 63% used [0x0000000080000000,0x0000000082ad3300,0x0000000084300000)
 Metaspace       used 48946K, committed 50368K, reserved 1114112K
  class space    used 5323K, committed 5952K, reserved 1048576K
}
Event: 16.845 GC heap after
{Heap after GC invocations=30 (full 2):
 PSYoungGen      total 19456K, used 1920K [0x00000000d5580000, 0x00000000d6b80000, 0x0000000100000000)
  eden space 17408K, 0% used [0x00000000d5580000,0x00000000d5580000,0x00000000d6680000)
  from space 2048K, 93% used [0x00000000d6980000,0x00000000d6b60010,0x00000000d6b80000)
  to   space 2048K, 0% used [0x00000000d6680000,0x00000000d6680000,0x00000000d6880000)
 ParOldGen       total 68608K, used 45604K [0x0000000080000000, 0x0000000084300000, 0x00000000d5580000)
  object space 68608K, 66% used [0x0000000080000000,0x0000000082c89300,0x0000000084300000)
 Metaspace       used 48946K, committed 50368K, reserved 1114112K
  class space    used 5323K, committed 5952K, reserved 1048576K
}

