# JRE version: OpenJDK Runtime Environment Temurin-21.0.10+7 (21.0.10+7) (build 21.0.10+7-LTS)
# Java VM: OpenJDK 64-Bit Server VM Temurin-21.0.10+7 (21.0.10+7-LTS, mixed mode, sharing, tiered, compressed oops, compressed class ptrs, parallel gc, windows-amd64)
GC Precious Log:
 CardTable entry size: 512
 CPUs: 8 total, 8 available
 Memory: 3767M
 Large Page Support: Disabled
 NUMA Support: Disabled
 Compressed Oops: Enabled (32-bit)
 Alignments: Space 512K, Generation 512K, Heap 2M
 Heap Min Capacity: 100M
 Heap Initial Capacity: 100M
 Heap Max Capacity: 2G
 Pre-touch: Disabled
 Parallel Workers: 8
Heap:
 PSYoungGen      total 16896K, used 8397K [0x00000000d5580000, 0x00000000d6a00000, 0x0000000100000000)
  eden space 13824K, 40% used [0x00000000d5580000,0x00000000d5afd230,0x00000000d6300000)
  from space 3072K, 90% used [0x00000000d6300000,0x00000000d65b6568,0x00000000d6600000)
  to   space 3584K, 0% used [0x00000000d6680000,0x00000000d6680000,0x00000000d6a00000)
 ParOldGen       total 70144K, used 69981K [0x0000000080000000, 0x0000000084480000, 0x00000000d5580000)
  object space 70144K, 99% used [0x0000000080000000,0x0000000084457598,0x0000000084480000)
 Metaspace       used 63579K, committed 65088K, reserved 1114112K
  class space    used 6602K, committed 7232K, reserved 1048576K
GC Heap History (20 events):
Event: 48.645 GC heap before
{Heap before GC invocations=73 (full 3):
 PSYoungGen      total 17920K, used 17486K [0x00000000d5580000, 0x00000000d6800000, 0x0000000100000000)
  eden space 16896K, 99% used [0x00000000d5580000,0x00000000d65fb990,0x00000000d6600000)
  from space 1024K, 59% used [0x00000000d6600000,0x00000000d6698020,0x00000000d6700000)
  to   space 1024K, 0% used [0x00000000d6700000,0x00000000d6700000,0x00000000d6800000)
 ParOldGen       total 68608K, used 61127K [0x0000000080000000, 0x0000000084300000, 0x00000000d5580000)
  object space 68608K, 89% used [0x0000000080000000,0x0000000083bb1f98,0x0000000084300000)
 Metaspace       used 59930K, committed 61440K, reserved 1114112K
  class space    used 6339K, committed 6976K, reserved 1048576K
}
Event: 48.646 GC heap after
{Heap after GC invocations=73 (full 3):
 PSYoungGen      total 17408K, used 346K [0x00000000d5580000, 0x00000000d6780000, 0x0000000100000000)
  eden space 16896K, 0% used [0x00000000d5580000,0x00000000d5580000,0x00000000d6600000)
  from space 512K, 67% used [0x00000000d6700000,0x00000000d6756900,0x00000000d6780000)
  to   space 512K, 0% used [0x00000000d6680000,0x00000000d6680000,0x00000000d6700000)
 ParOldGen       total 68608K, used 61591K [0x0000000080000000, 0x0000000084300000, 0x00000000d5580000)
  object space 68608K, 89% used [0x0000000080000000,0x0000000083c25fb8,0x0000000084300000)
 Metaspace       used 59930K, committed 61440K, reserved 1114112K
  class space    used 6339K, committed 6976K, reserved 1048576K
}
Event: 48.682 GC heap before
{Heap before GC invocations=74 (full 3):
 PSYoungGen      total 17408K, used 17242K [0x00000000d5580000, 0x00000000d6780000, 0x0000000100000000)
  eden space 16896K, 100% used [0x00000000d5580000,0x00000000d6600000,0x00000000d6600000)
  from space 512K, 67% used [0x00000000d6700000,0x00000000d6756900,0x00000000d6780000)
  to   space 512K, 0% used [0x00000000d6680000,0x00000000d6680000,0x00000000d6700000)
 ParOldGen       total 68608K, used 61591K [0x0000000080000000, 0x0000000084300000, 0x00000000d5580000)
  object space 68608K, 89% used [0x0000000080000000,0x0000000083c25fb8,0x0000000084300000)
 Metaspace       used 59940K, committed 61440K, reserved 1114112K
  class space    used 6340K, committed 6976K, reserved 1048576K
}
Event: 48.683 GC heap after
{Heap after GC invocations=74 (full 3):
 PSYoungGen      total 17408K, used 416K [0x00000000d5580000, 0x00000000d6780000, 0x0000000100000000)
  eden space 16896K, 0% used [0x00000000d5580000,0x00000000d5580000,0x00000000d6600000)
  from space 512K, 81% used [0x00000000d6680000,0x00000000d66e8000,0x00000000d6700000)
  to   space 512K, 0% used [0x00000000d6700000,0x00000000d6700000,0x00000000d6780000)
 ParOldGen       total 68608K, used 61743K [0x0000000080000000, 0x0000000084300000, 0x00000000d5580000)
  object space 68608K, 89% used [0x0000000080000000,0x0000000083c4bfb8,0x0000000084300000)
 Metaspace       used 59940K, committed 61440K, reserved 1114112K
  class space    used 6340K, committed 6976K, reserved 1048576K
}
Event: 48.729 GC heap before
{Heap before GC invocations=75 (full 3):
 PSYoungGen      total 17408K, used 17312K [0x00000000d5580000, 0x00000000d6780000, 0x0000000100000000)
  eden space 16896K, 100% used [0x00000000d5580000,0x00000000d6600000,0x00000000d6600000)
  from space 512K, 81% used [0x00000000d6680000,0x00000000d66e8000,0x00000000d6700000)
  to   space 512K, 0% used [0x00000000d6700000,0x00000000d6700000,0x00000000d6780000)
 ParOldGen       total 68608K, used 61743K [0x0000000080000000, 0x0000000084300000, 0x00000000d5580000)
  object space 68608K, 89% used [0x0000000080000000,0x0000000083c4bfb8,0x0000000084300000)
 Metaspace       used 59954K, committed 61440K, reserved 1114112K
  class space    used 6341K, committed 6976K, reserved 1048576K
}
Event: 48.730 GC heap after
{Heap after GC invocations=75 (full 3):
 PSYoungGen      total 17408K, used 480K [0x00000000d5580000, 0x00000000d6780000, 0x0000000100000000)
  eden space 16896K, 0% used [0x00000000d5580000,0x00000000d5580000,0x00000000d6600000)
  from space 512K, 93% used [0x00000000d6700000,0x00000000d6778000,0x00000000d6780000)
  to   space 512K, 0% used [0x00000000d6680000,0x00000000d6680000,0x00000000d6700000)
 ParOldGen       total 68608K, used 61935K [0x0000000080000000, 0x0000000084300000, 0x00000000d5580000)
  object space 68608K, 90% used [0x0000000080000000,0x0000000083c7bfb8,0x0000000084300000)
 Metaspace       used 59954K, committed 61440K, reserved 1114112K
  class space    used 6341K, committed 6976K, reserved 1048576K
}
Event: 48.758 GC heap before
{Heap before GC invocations=76 (full 3):
 PSYoungGen      total 17408K, used 17376K [0x00000000d5580000, 0x00000000d6780000, 0x0000000100000000)
  eden space 16896K, 100% used [0x00000000d5580000,0x00000000d6600000,0x00000000d6600000)
  from space 512K, 93% used [0x00000000d6700000,0x00000000d6778000,0x00000000d6780000)
  to   space 512K, 0% used [0x00000000d6680000,0x00000000d6680000,0x00000000d6700000)
 ParOldGen       total 68608K, used 61935K [0x0000000080000000, 0x0000000084300000, 0x00000000d5580000)
  object space 68608K, 90% used [0x0000000080000000,0x0000000083c7bfb8,0x0000000084300000)
 Metaspace       used 59959K, committed 61440K, reserved 1114112K
  class space    used 6341K, committed 6976K, reserved 1048576K
}
Event: 48.759 GC heap after
{Heap after GC invocations=76 (full 3):
 PSYoungGen      total 17408K, used 512K [0x00000000d5580000, 0x00000000d6800000, 0x0000000100000000)
  eden space 16896K, 0% used [0x00000000d5580000,0x00000000d5580000,0x00000000d6600000)
  from space 512K, 100% used [0x00000000d6680000,0x00000000d6700000,0x00000000d6700000)
  to   space 1024K, 0% used [0x00000000d6700000,0x00000000d6700000,0x00000000d6800000)
 ParOldGen       total 68608K, used 62191K [0x0000000080000000, 0x0000000084300000, 0x00000000d5580000)
  object space 68608K, 90% used [0x0000000080000000,0x0000000083cbbfb8,0x0000000084300000)
 Metaspace       used 59959K, committed 61440K, reserved 1114112K
  class space    used 6341K, committed 6976K, reserved 1048576K
}
Event: 48.840 GC heap before
{Heap before GC invocations=77 (full 3):
 PSYoungGen      total 17408K, used 17408K [0x00000000d5580000, 0x00000000d6800000, 0x0000000100000000)
  eden space 16896K, 100% used [0x00000000d5580000,0x00000000d6600000,0x00000000d6600000)
  from space 512K, 100% used [0x00000000d6680000,0x00000000d6700000,0x00000000d6700000)
  to   space 1024K, 0% used [0x00000000d6700000,0x00000000d6700000,0x00000000d6800000)
 ParOldGen       total 68608K, used 62191K [0x0000000080000000, 0x0000000084300000, 0x00000000d5580000)
  object space 68608K, 90% used [0x0000000080000000,0x0000000083cbbfb8,0x0000000084300000)
 Metaspace       used 60462K, committed 61888K, reserved 1114112K
  class space    used 6390K, committed 6976K, reserved 1048576K
}
Event: 48.842 GC heap after
{Heap after GC invocations=77 (full 3):
 PSYoungGen      total 17408K, used 1008K [0x00000000d5580000, 0x00000000d6900000, 0x0000000100000000)
  eden space 16384K, 0% used [0x00000000d5580000,0x00000000d5580000,0x00000000d6580000)
  from space 1024K, 98% used [0x00000000d6700000,0x00000000d67fc010,0x00000000d6800000)
  to   space 1536K, 0% used [0x00000000d6580000,0x00000000d6580000,0x00000000d6700000)
 ParOldGen       total 68608K, used 62415K [0x0000000080000000, 0x0000000084300000, 0x00000000d5580000)
  object space 68608K, 90% used [0x0000000080000000,0x0000000083cf3fb8,0x0000000084300000)
 Metaspace       used 60462K, committed 61888K, reserved 1114112K
  class space    used 6390K, committed 6976K, reserved 1048576K
}
Event: 49.007 GC heap before
{Heap before GC invocations=78 (full 3):
 PSYoungGen      total 17408K, used 17385K [0x00000000d5580000, 0x00000000d6900000, 0x0000000100000000)
  eden space 16384K, 99% used [0x00000000d5580000,0x00000000d657e760,0x00000000d6580000)
  from space 1024K, 98% used [0x00000000d6700000,0x00000000d67fc010,0x00000000d6800000)
  to   space 1536K, 0% used [0x00000000d6580000,0x00000000d6580000,0x00000000d6700000)
 ParOldGen       total 68608K, used 62415K [0x0000000080000000, 0x0000000084300000, 0x00000000d5580000)
  object space 68608K, 90% used [0x0000000080000000,0x0000000083cf3fb8,0x0000000084300000)
 Metaspace       used 61234K, committed 62592K, reserved 1114112K
  class space    used 6484K, committed 7040K, reserved 1048576K
}
Event: 49.011 GC heap after
{Heap after GC invocations=78 (full 3):
 PSYoungGen      total 17920K, used 1507K [0x00000000d5580000, 0x00000000d6c80000, 0x0000000100000000)
  eden space 16384K, 0% used [0x00000000d5580000,0x00000000d5580000,0x00000000d6580000)
  from space 1536K, 98% used [0x00000000d6580000,0x00000000d66f8d80,0x00000000d6700000)
  to   space 3584K, 0% used [0x00000000d6900000,0x00000000d6900000,0x00000000d6c80000)
 ParOldGen       total 68608K, used 63887K [0x0000000080000000, 0x0000000084300000, 0x00000000d5580000)
  object space 68608K, 93% used [0x0000000080000000,0x0000000083e63fe8,0x0000000084300000)
 Metaspace       used 61234K, committed 62592K, reserved 1114112K
  class space    used 6484K, committed 7040K, reserved 1048576K
}
Event: 49.231 GC heap before
{Heap before GC invocations=79 (full 3):
 PSYoungGen      total 17920K, used 17891K [0x00000000d5580000, 0x00000000d6c80000, 0x0000000100000000)
  eden space 16384K, 100% used [0x00000000d5580000,0x00000000d6580000,0x00000000d6580000)
  from space 1536K, 98% used [0x00000000d6580000,0x00000000d66f8d80,0x00000000d6700000)
  to   space 3584K, 0% used [0x00000000d6900000,0x00000000d6900000,0x00000000d6c80000)
 ParOldGen       total 68608K, used 63887K [0x0000000080000000, 0x0000000084300000, 0x00000000d5580000)
  object space 68608K, 93% used [0x0000000080000000,0x0000000083e63fe8,0x0000000084300000)
 Metaspace       used 62038K, committed 63488K, reserved 1114112K
  class space    used 6565K, committed 7168K, reserved 1048576K
}
Event: 49.234 GC heap after
{Heap after GC invocations=79 (full 3):
 PSYoungGen      total 17408K, used 925K [0x00000000d5580000, 0x00000000d6a00000, 0x0000000100000000)
  eden space 16384K, 0% used [0x00000000d5580000,0x00000000d5580000,0x00000000d6580000)
  from space 1024K, 90% used [0x00000000d6900000,0x00000000d69e7680,0x00000000d6a00000)
  to   space 2048K, 0% used [0x00000000d6600000,0x00000000d6600000,0x00000000d6800000)
 ParOldGen       total 68608K, used 65374K [0x0000000080000000, 0x0000000084300000, 0x00000000d5580000)
  object space 68608K, 95% used [0x0000000080000000,0x0000000083fd7840,0x0000000084300000)
 Metaspace       used 62038K, committed 63488K, reserved 1114112K
  class space    used 6565K, committed 7168K, reserved 1048576K
}
Event: 49.457 GC heap before
{Heap before GC invocations=80 (full 3):
 PSYoungGen      total 17408K, used 17309K [0x00000000d5580000, 0x00000000d6a00000, 0x0000000100000000)
  eden space 16384K, 100% used [0x00000000d5580000,0x00000000d6580000,0x00000000d6580000)
  from space 1024K, 90% used [0x00000000d6900000,0x00000000d69e7680,0x00000000d6a00000)
  to   space 2048K, 0% used [0x00000000d6600000,0x00000000d6600000,0x00000000d6800000)
 ParOldGen       total 68608K, used 65374K [0x0000000080000000, 0x0000000084300000, 0x00000000d5580000)
  object space 68608K, 95% used [0x0000000080000000,0x0000000083fd7840,0x0000000084300000)
 Metaspace       used 62365K, committed 63808K, reserved 1114112K
  class space    used 6575K, committed 7168K, reserved 1048576K
}
Event: 49.458 GC heap after
{Heap after GC invocations=80 (full 3):
 PSYoungGen      total 18432K, used 1224K [0x00000000d5580000, 0x00000000d6980000, 0x0000000100000000)
  eden space 16384K, 0% used [0x00000000d5580000,0x00000000d5580000,0x00000000d6580000)
  from space 2048K, 59% used [0x00000000d6600000,0x00000000d6732040,0x00000000d6800000)
  to   space 1536K, 0% used [0x00000000d6800000,0x00000000d6800000,0x00000000d6980000)
 ParOldGen       total 68608K, used 65691K [0x0000000080000000, 0x0000000084300000, 0x00000000d5580000)
  object space 68608K, 95% used [0x0000000080000000,0x0000000084026f40,0x0000000084300000)
 Metaspace       used 62365K, committed 63808K, reserved 1114112K
  class space    used 6575K, committed 7168K, reserved 1048576K
}
Event: 49.803 GC heap before
{Heap before GC invocations=81 (full 3):
 PSYoungGen      total 18432K, used 17608K [0x00000000d5580000, 0x00000000d6980000, 0x0000000100000000)
  eden space 16384K, 100% used [0x00000000d5580000,0x00000000d6580000,0x00000000d6580000)
  from space 2048K, 59% used [0x00000000d6600000,0x00000000d6732040,0x00000000d6800000)
  to   space 1536K, 0% used [0x00000000d6800000,0x00000000d6800000,0x00000000d6980000)
 ParOldGen       total 68608K, used 65691K [0x0000000080000000, 0x0000000084300000, 0x00000000d5580000)
  object space 68608K, 95% used [0x0000000080000000,0x0000000084026f40,0x0000000084300000)
 Metaspace       used 63127K, committed 64576K, reserved 1114112K
  class space    used 6596K, committed 7232K, reserved 1048576K
}
Event: 49.807 GC heap after
{Heap after GC invocations=81 (full 3):
 PSYoungGen      total 15360K, used 1504K [0x00000000d5580000, 0x00000000d6f80000, 0x0000000100000000)
  eden space 13824K, 0% used [0x00000000d5580000,0x00000000d5580000,0x00000000d6300000)
  from space 1536K, 97% used [0x00000000d6800000,0x00000000d6978070,0x00000000d6980000)
  to   space 5120K, 0% used [0x00000000d6300000,0x00000000d6300000,0x00000000d6800000)
 ParOldGen       total 68608K, used 68446K [0x0000000080000000, 0x0000000084300000, 0x00000000d5580000)
  object space 68608K, 99% used [0x0000000080000000,0x00000000842d7bc8,0x0000000084300000)
 Metaspace       used 63127K, committed 64576K, reserved 1114112K
  class space    used 6596K, committed 7232K, reserved 1048576K
}
Event: 49.983 GC heap before
{Heap before GC invocations=82 (full 3):
 PSYoungGen      total 15360K, used 15328K [0x00000000d5580000, 0x00000000d6f80000, 0x0000000100000000)
  eden space 13824K, 100% used [0x00000000d5580000,0x00000000d6300000,0x00000000d6300000)
  from space 1536K, 97% used [0x00000000d6800000,0x00000000d6978070,0x00000000d6980000)
  to   space 5120K, 0% used [0x00000000d6300000,0x00000000d6300000,0x00000000d6800000)
 ParOldGen       total 68608K, used 68446K [0x0000000080000000, 0x0000000084300000, 0x00000000d5580000)
  object space 68608K, 99% used [0x0000000080000000,0x00000000842d7bc8,0x0000000084300000)
 Metaspace       used 63332K, committed 64768K, reserved 1114112K
  class space    used 6598K, committed 7232K, reserved 1048576K
}
Event: 49.987 GC heap after
{Heap after GC invocations=82 (full 3):
 PSYoungGen      total 16896K, used 2777K [0x00000000d5580000, 0x00000000d6a00000, 0x0000000100000000)
  eden space 13824K, 0% used [0x00000000d5580000,0x00000000d5580000,0x00000000d6300000)
  from space 3072K, 90% used [0x00000000d6300000,0x00000000d65b6568,0x00000000d6600000)
  to   space 3584K, 0% used [0x00000000d6680000,0x00000000d6680000,0x00000000d6a00000)
 ParOldGen       total 70144K, used 69981K [0x0000000080000000, 0x0000000084480000, 0x00000000d5580000)
  object space 70144K, 99% used [0x0000000080000000,0x0000000084457598,0x0000000084480000)
 Metaspace       used 63332K, committed 64768K, reserved 1114112K
  class space    used 6598K, committed 7232K, reserved 1048576K
}

